<?xml version="1.0" encoding="utf-8"?>
<CoverageSession xmlns:xsd="http://www.w3.org/2001/XMLSchema" xmlns:xsi="http://www.w3.org/2001/XMLSchema-instance" Version="4.7.922.0">
  <Summary numSequencePoints="1475" visitedSequencePoints="1063" numBranchPoints="324" visitedBranchPoints="252" sequenceCoverage="72.07" branchCoverage="77.78" maxCyclomaticComplexity="6" minCyclomaticComplexity="1" maxCrapScore="12" minCrapScore="1" visitedClasses="23" numClasses="31" visitedMethods="188" numMethods="240" />
  <Modules>
    <Module hash="1B-22-72-50-58-1F-DB-BE-CE-05-24-69-4E-86-58-FF-32-21-D7-6E">
      <Summary numSequencePoints="734" visitedSequencePoints="732" numBranchPoints="125" visitedBranchPoints="124" sequenceCoverage="99.73" branchCoverage="99.2" maxCyclomaticComplexity="3" minCyclomaticComplexity="1" maxCrapScore="3" minCrapScore="1" visitedClasses="13" numClasses="13" visitedMethods="120" numMethods="121" />
      <ModulePath>D:\victor\desktop\file\NTUT\3_1\windows_form\110820038\PowerPoint\WindowsFormsApp1Tests1\bin\Debug\fine-code-coverage\build-output\WindowsFormsApp1Tests1.dll</ModulePath>
      <ModuleTime>2023-11-22T16:26:11.1468767Z</ModuleTime>
      <ModuleName>WindowsFormsApp1Tests1</ModuleName>
      <Files>
        <File uid="1" fullPath="D:\victor\desktop\file\NTUT\3_1\windows_form\110820038\PowerPoint\WindowsFormsApp1Tests1\ModelObject\State\DrawingStateTests.cs" />
        <File uid="2" fullPath="D:\victor\desktop\file\NTUT\3_1\windows_form\110820038\PowerPoint\WindowsFormsApp1Tests1\ModelObject\State\PointerStateTests.cs" />
        <File uid="3" fullPath="D:\victor\desktop\file\NTUT\3_1\windows_form\110820038\PowerPoint\WindowsFormsApp1Tests1\ModelObject\FactoryTests.cs" />
        <File uid="4" fullPath="D:\victor\desktop\file\NTUT\3_1\windows_form\110820038\PowerPoint\WindowsFormsApp1Tests1\ModelObject\ModelTests.cs" />
        <File uid="5" fullPath="D:\victor\desktop\file\NTUT\3_1\windows_form\110820038\PowerPoint\WindowsFormsApp1Tests1\ModelObject\ShapeObject\EllipseTests.cs" />
        <File uid="6" fullPath="D:\victor\desktop\file\NTUT\3_1\windows_form\110820038\PowerPoint\WindowsFormsApp1Tests1\ModelObject\ShapeObject\LineTests.cs" />
        <File uid="7" fullPath="D:\victor\desktop\file\NTUT\3_1\windows_form\110820038\PowerPoint\WindowsFormsApp1Tests1\ModelObject\ShapeObject\PointTests.cs" />
        <File uid="8" fullPath="D:\victor\desktop\file\NTUT\3_1\windows_form\110820038\PowerPoint\WindowsFormsApp1Tests1\ModelObject\ShapeObject\RectangleTests.cs" />
        <File uid="9" fullPath="D:\victor\desktop\file\NTUT\3_1\windows_form\110820038\PowerPoint\WindowsFormsApp1Tests1\ModelObject\ShapeObject\ShapeTests.cs" />
        <File uid="10" fullPath="D:\victor\desktop\file\NTUT\3_1\windows_form\110820038\PowerPoint\WindowsFormsApp1Tests1\ModelObject\ShapesTests.cs" />
        <File uid="11" fullPath="D:\victor\desktop\file\NTUT\3_1\windows_form\110820038\PowerPoint\WindowsFormsApp1Tests1\MockGraphicAdaptor.cs" />
        <File uid="12" fullPath="D:\victor\desktop\file\NTUT\3_1\windows_form\110820038\PowerPoint\WindowsFormsApp1Tests1\MockRandom.cs" />
        <File uid="13" fullPath="D:\victor\desktop\file\NTUT\3_1\windows_form\110820038\PowerPoint\WindowsFormsApp1Tests1\MockShapes.cs" />
      </Files>
      <Classes>
        <Class>
          <Summary numSequencePoints="69" visitedSequencePoints="69" numBranchPoints="8" visitedBranchPoints="8" sequenceCoverage="100" branchCoverage="100" maxCyclomaticComplexity="1" minCyclomaticComplexity="1" maxCrapScore="2" minCrapScore="1" visitedClasses="1" numClasses="1" visitedMethods="8" numMethods="8" />
          <FullName>WindowsFormsApp1.ModelObject.State.Tests.DrawingStateTests</FullName>
          <Methods>
            <Method visited="true" cyclomaticComplexity="1" nPathComplexity="0" sequenceCoverage="100" branchCoverage="100" crapScore="1" isConstructor="false" isStatic="false" isGetter="false" isSetter="false">
              <Summary numSequencePoints="3" visitedSequencePoints="3" numBranchPoints="1" visitedBranchPoints="1" sequenceCoverage="100" branchCoverage="100" maxCyclomaticComplexity="1" minCyclomaticComplexity="1" maxCrapScore="1" minCrapScore="1" visitedClasses="0" numClasses="0" visitedMethods="1" numMethods="1" />
              <MetadataToken>100663297</MetadataToken>
              <Name>System.Void WindowsFormsApp1.ModelObject.State.Tests.DrawingStateTests::HandleShapeDataChanged()</Name>
              <FileRef uid="1" />
              <SequencePoints>
                <SequencePoint vc="7" uspid="1" ordinal="0" offset="0" sl="25" sc="9" el="25" ec="10" bec="0" bev="0" fileid="1" />
                <SequencePoint vc="7" uspid="2" ordinal="1" offset="1" sl="26" sc="13" el="26" ec="40" bec="0" bev="0" fileid="1" />
                <SequencePoint vc="7" uspid="3" ordinal="2" offset="8" sl="27" sc="9" el="27" ec="10" bec="0" bev="0" fileid="1" />
              </SequencePoints>
              <BranchPoints />
              <MethodPoint xsi:type="SequencePoint" vc="7" uspid="1" ordinal="0" offset="0" sl="25" sc="9" el="25" ec="10" bec="0" bev="0" fileid="1" />
            </Method>
            <Method visited="true" cyclomaticComplexity="1" nPathComplexity="0" sequenceCoverage="100" branchCoverage="100" crapScore="1" isConstructor="false" isStatic="false" isGetter="false" isSetter="false">
              <Summary numSequencePoints="3" visitedSequencePoints="3" numBranchPoints="1" visitedBranchPoints="1" sequenceCoverage="100" branchCoverage="100" maxCyclomaticComplexity="1" minCyclomaticComplexity="1" maxCrapScore="1" minCrapScore="1" visitedClasses="0" numClasses="0" visitedMethods="1" numMethods="1" />
              <MetadataToken>100663298</MetadataToken>
              <Name>System.Void WindowsFormsApp1.ModelObject.State.Tests.DrawingStateTests::HandleDrawingFinish()</Name>
              <FileRef uid="1" />
              <SequencePoints>
                <SequencePoint vc="1" uspid="4" ordinal="0" offset="0" sl="31" sc="9" el="31" ec="10" bec="0" bev="0" fileid="1" />
                <SequencePoint vc="1" uspid="5" ordinal="1" offset="1" sl="32" sc="13" el="32" ec="37" bec="0" bev="0" fileid="1" />
                <SequencePoint vc="1" uspid="6" ordinal="2" offset="8" sl="33" sc="9" el="33" ec="10" bec="0" bev="0" fileid="1" />
              </SequencePoints>
              <BranchPoints />
              <MethodPoint xsi:type="SequencePoint" vc="1" uspid="4" ordinal="0" offset="0" sl="31" sc="9" el="31" ec="10" bec="0" bev="0" fileid="1" />
            </Method>
            <Method visited="true" cyclomaticComplexity="1" nPathComplexity="0" sequenceCoverage="100" branchCoverage="100" crapScore="1" isConstructor="false" isStatic="false" isGetter="false" isSetter="false">
              <Summary numSequencePoints="11" visitedSequencePoints="11" numBranchPoints="1" visitedBranchPoints="1" sequenceCoverage="100" branchCoverage="100" maxCyclomaticComplexity="1" minCyclomaticComplexity="1" maxCrapScore="1" minCrapScore="1" visitedClasses="0" numClasses="0" visitedMethods="1" numMethods="1" />
              <MetadataToken>100663299</MetadataToken>
              <Name>System.Void WindowsFormsApp1.ModelObject.State.Tests.DrawingStateTests::Initialize()</Name>
              <FileRef uid="1" />
              <SequencePoints>
                <SequencePoint vc="8" uspid="7" ordinal="0" offset="0" sl="38" sc="9" el="38" ec="10" bec="0" bev="0" fileid="1" />
                <SequencePoint vc="8" uspid="8" ordinal="1" offset="1" sl="39" sc="13" el="39" ec="41" bec="0" bev="0" fileid="1" />
                <SequencePoint vc="8" uspid="9" ordinal="2" offset="8" sl="40" sc="13" el="40" ec="38" bec="0" bev="0" fileid="1" />
                <SequencePoint vc="8" uspid="10" ordinal="3" offset="15" sl="42" sc="13" el="42" ec="34" bec="0" bev="0" fileid="1" />
                <SequencePoint vc="8" uspid="11" ordinal="4" offset="26" sl="43" sc="13" el="43" ec="44" bec="0" bev="0" fileid="1" />
                <SequencePoint vc="8" uspid="12" ordinal="5" offset="37" sl="45" sc="13" el="45" ec="41" bec="0" bev="0" fileid="1" />
                <SequencePoint vc="8" uspid="13" ordinal="6" offset="55" sl="46" sc="13" el="46" ec="64" bec="0" bev="0" fileid="1" />
                <SequencePoint vc="8" uspid="14" ordinal="7" offset="79" sl="47" sc="13" el="47" ec="58" bec="0" bev="0" fileid="1" />
                <SequencePoint vc="8" uspid="15" ordinal="8" offset="103" sl="49" sc="13" el="49" ec="53" bec="0" bev="0" fileid="1" />
                <SequencePoint vc="8" uspid="16" ordinal="9" offset="120" sl="50" sc="13" el="50" ec="73" bec="0" bev="0" fileid="1" />
                <SequencePoint vc="8" uspid="17" ordinal="10" offset="137" sl="51" sc="9" el="51" ec="10" bec="0" bev="0" fileid="1" />
              </SequencePoints>
              <BranchPoints />
              <MethodPoint xsi:type="SequencePoint" vc="8" uspid="7" ordinal="0" offset="0" sl="38" sc="9" el="38" ec="10" bec="0" bev="0" fileid="1" />
            </Method>
            <Method visited="true" cyclomaticComplexity="1" nPathComplexity="0" sequenceCoverage="100" branchCoverage="100" crapScore="1" isConstructor="false" isStatic="false" isGetter="false" isSetter="false">
              <Summary numSequencePoints="3" visitedSequencePoints="3" numBranchPoints="1" visitedBranchPoints="1" sequenceCoverage="100" branchCoverage="100" maxCyclomaticComplexity="1" minCyclomaticComplexity="1" maxCrapScore="1" minCrapScore="1" visitedClasses="0" numClasses="0" visitedMethods="1" numMethods="1" />
              <MetadataToken>100663300</MetadataToken>
              <Name>System.Void WindowsFormsApp1.ModelObject.State.Tests.DrawingStateTests::TestDrawingState()</Name>
              <FileRef uid="1" />
              <SequencePoints>
                <SequencePoint vc="1" uspid="18" ordinal="0" offset="0" sl="56" sc="9" el="56" ec="10" bec="0" bev="0" fileid="1" />
                <SequencePoint vc="1" uspid="19" ordinal="1" offset="1" sl="57" sc="13" el="57" ec="100" bec="0" bev="0" fileid="1" />
                <SequencePoint vc="1" uspid="20" ordinal="2" offset="34" sl="58" sc="9" el="58" ec="10" bec="0" bev="0" fileid="1" />
              </SequencePoints>
              <BranchPoints />
              <MethodPoint xsi:type="SequencePoint" vc="1" uspid="18" ordinal="0" offset="0" sl="56" sc="9" el="56" ec="10" bec="0" bev="0" fileid="1" />
            </Method>
            <Method visited="true" cyclomaticComplexity="1" nPathComplexity="0" sequenceCoverage="100" branchCoverage="100" crapScore="1" isConstructor="false" isStatic="false" isGetter="false" isSetter="false">
              <Summary numSequencePoints="3" visitedSequencePoints="3" numBranchPoints="1" visitedBranchPoints="1" sequenceCoverage="100" branchCoverage="100" maxCyclomaticComplexity="1" minCyclomaticComplexity="1" maxCrapScore="1" minCrapScore="1" visitedClasses="0" numClasses="0" visitedMethods="1" numMethods="1" />
              <MetadataToken>100663301</MetadataToken>
              <Name>System.Void WindowsFormsApp1.ModelObject.State.Tests.DrawingStateTests::TestGetStateName()</Name>
              <FileRef uid="1" />
              <SequencePoints>
                <SequencePoint vc="1" uspid="21" ordinal="0" offset="0" sl="63" sc="9" el="63" ec="10" bec="0" bev="0" fileid="1" />
                <SequencePoint vc="1" uspid="22" ordinal="1" offset="1" sl="64" sc="13" el="64" ec="74" bec="0" bev="0" fileid="1" />
                <SequencePoint vc="1" uspid="23" ordinal="2" offset="23" sl="65" sc="9" el="65" ec="10" bec="0" bev="0" fileid="1" />
              </SequencePoints>
              <BranchPoints />
              <MethodPoint xsi:type="SequencePoint" vc="1" uspid="21" ordinal="0" offset="0" sl="63" sc="9" el="63" ec="10" bec="0" bev="0" fileid="1" />
            </Method>
            <Method visited="true" cyclomaticComplexity="1" nPathComplexity="0" sequenceCoverage="100" branchCoverage="100" crapScore="1" isConstructor="false" isStatic="false" isGetter="false" isSetter="false">
              <Summary numSequencePoints="14" visitedSequencePoints="14" numBranchPoints="1" visitedBranchPoints="1" sequenceCoverage="100" branchCoverage="100" maxCyclomaticComplexity="1" minCyclomaticComplexity="1" maxCrapScore="1" minCrapScore="1" visitedClasses="0" numClasses="0" visitedMethods="1" numMethods="1" />
              <MetadataToken>100663302</MetadataToken>
              <Name>System.Void WindowsFormsApp1.ModelObject.State.Tests.DrawingStateTests::TestMove()</Name>
              <FileRef uid="1" />
              <SequencePoints>
                <SequencePoint vc="1" uspid="24" ordinal="0" offset="0" sl="70" sc="9" el="70" ec="10" bec="0" bev="0" fileid="1" />
                <SequencePoint vc="1" uspid="25" ordinal="1" offset="1" sl="71" sc="13" el="71" ec="50" bec="0" bev="0" fileid="1" />
                <SequencePoint vc="1" uspid="26" ordinal="2" offset="36" sl="72" sc="13" el="72" ec="49" bec="0" bev="0" fileid="1" />
                <SequencePoint vc="1" uspid="27" ordinal="3" offset="48" sl="73" sc="13" el="73" ec="55" bec="0" bev="0" fileid="1" />
                <SequencePoint vc="1" uspid="28" ordinal="4" offset="65" sl="74" sc="13" el="74" ec="92" bec="0" bev="0" fileid="1" />
                <SequencePoint vc="1" uspid="29" ordinal="5" offset="92" sl="76" sc="13" el="76" ec="26" bec="0" bev="0" fileid="1" />
                <SequencePoint vc="1" uspid="30" ordinal="6" offset="99" sl="77" sc="13" el="77" ec="49" bec="0" bev="0" fileid="1" />
                <SequencePoint vc="1" uspid="31" ordinal="7" offset="134" sl="78" sc="13" el="78" ec="41" bec="0" bev="0" fileid="1" />
                <SequencePoint vc="1" uspid="32" ordinal="8" offset="141" sl="79" sc="13" el="79" ec="47" bec="0" bev="0" fileid="1" />
                <SequencePoint vc="1" uspid="33" ordinal="9" offset="154" sl="80" sc="13" el="80" ec="50" bec="0" bev="0" fileid="1" />
                <SequencePoint vc="1" uspid="34" ordinal="10" offset="189" sl="81" sc="13" el="81" ec="48" bec="0" bev="0" fileid="1" />
                <SequencePoint vc="1" uspid="35" ordinal="11" offset="201" sl="82" sc="13" el="82" ec="54" bec="0" bev="0" fileid="1" />
                <SequencePoint vc="1" uspid="36" ordinal="12" offset="218" sl="83" sc="13" el="83" ec="91" bec="0" bev="0" fileid="1" />
                <SequencePoint vc="1" uspid="37" ordinal="13" offset="245" sl="84" sc="9" el="84" ec="10" bec="0" bev="0" fileid="1" />
              </SequencePoints>
              <BranchPoints />
              <MethodPoint xsi:type="SequencePoint" vc="1" uspid="24" ordinal="0" offset="0" sl="70" sc="9" el="70" ec="10" bec="0" bev="0" fileid="1" />
            </Method>
            <Method visited="true" cyclomaticComplexity="1" nPathComplexity="0" sequenceCoverage="100" branchCoverage="100" crapScore="1" isConstructor="false" isStatic="false" isGetter="false" isSetter="false">
              <Summary numSequencePoints="16" visitedSequencePoints="16" numBranchPoints="1" visitedBranchPoints="1" sequenceCoverage="100" branchCoverage="100" maxCyclomaticComplexity="1" minCyclomaticComplexity="1" maxCrapScore="1" minCrapScore="1" visitedClasses="0" numClasses="0" visitedMethods="1" numMethods="1" />
              <MetadataToken>100663303</MetadataToken>
              <Name>System.Void WindowsFormsApp1.ModelObject.State.Tests.DrawingStateTests::TestPress()</Name>
              <FileRef uid="1" />
              <SequencePoints>
                <SequencePoint vc="1" uspid="38" ordinal="0" offset="0" sl="89" sc="9" el="89" ec="10" bec="0" bev="0" fileid="1" />
                <SequencePoint vc="1" uspid="39" ordinal="1" offset="1" sl="90" sc="13" el="90" ec="49" bec="0" bev="0" fileid="1" />
                <SequencePoint vc="1" uspid="40" ordinal="2" offset="36" sl="91" sc="13" el="91" ec="48" bec="0" bev="0" fileid="1" />
                <SequencePoint vc="1" uspid="41" ordinal="3" offset="48" sl="92" sc="13" el="92" ec="51" bec="0" bev="0" fileid="1" />
                <SequencePoint vc="1" uspid="42" ordinal="4" offset="65" sl="93" sc="13" el="93" ec="91" bec="0" bev="0" fileid="1" />
                <SequencePoint vc="1" uspid="43" ordinal="5" offset="92" sl="94" sc="13" el="94" ec="71" bec="0" bev="0" fileid="1" />
                <SequencePoint vc="1" uspid="44" ordinal="6" offset="114" sl="96" sc="13" el="96" ec="26" bec="0" bev="0" fileid="1" />
                <SequencePoint vc="1" uspid="45" ordinal="7" offset="121" sl="97" sc="13" el="97" ec="49" bec="0" bev="0" fileid="1" />
                <SequencePoint vc="1" uspid="46" ordinal="8" offset="156" sl="98" sc="13" el="98" ec="41" bec="0" bev="0" fileid="1" />
                <SequencePoint vc="1" uspid="47" ordinal="9" offset="163" sl="99" sc="13" el="99" ec="44" bec="0" bev="0" fileid="1" />
                <SequencePoint vc="1" uspid="48" ordinal="10" offset="176" sl="100" sc="13" el="100" ec="49" bec="0" bev="0" fileid="1" />
                <SequencePoint vc="1" uspid="49" ordinal="11" offset="211" sl="101" sc="13" el="101" ec="49" bec="0" bev="0" fileid="1" />
                <SequencePoint vc="1" uspid="50" ordinal="12" offset="223" sl="102" sc="13" el="102" ec="52" bec="0" bev="0" fileid="1" />
                <SequencePoint vc="1" uspid="51" ordinal="13" offset="240" sl="103" sc="13" el="103" ec="91" bec="0" bev="0" fileid="1" />
                <SequencePoint vc="1" uspid="52" ordinal="14" offset="267" sl="104" sc="13" el="104" ec="71" bec="0" bev="0" fileid="1" />
                <SequencePoint vc="1" uspid="53" ordinal="15" offset="289" sl="105" sc="9" el="105" ec="10" bec="0" bev="0" fileid="1" />
              </SequencePoints>
              <BranchPoints />
              <MethodPoint xsi:type="SequencePoint" vc="1" uspid="38" ordinal="0" offset="0" sl="89" sc="9" el="89" ec="10" bec="0" bev="0" fileid="1" />
            </Method>
            <Method visited="true" cyclomaticComplexity="1" nPathComplexity="0" sequenceCoverage="100" branchCoverage="100" crapScore="1" isConstructor="false" isStatic="false" isGetter="false" isSetter="false">
              <Summary numSequencePoints="16" visitedSequencePoints="16" numBranchPoints="1" visitedBranchPoints="1" sequenceCoverage="100" branchCoverage="100" maxCyclomaticComplexity="1" minCyclomaticComplexity="1" maxCrapScore="1" minCrapScore="1" visitedClasses="0" numClasses="0" visitedMethods="1" numMethods="1" />
              <MetadataToken>100663304</MetadataToken>
              <Name>System.Void WindowsFormsApp1.ModelObject.State.Tests.DrawingStateTests::TestRelease()</Name>
              <FileRef uid="1" />
              <SequencePoints>
                <SequencePoint vc="1" uspid="54" ordinal="0" offset="0" sl="110" sc="9" el="110" ec="10" bec="0" bev="0" fileid="1" />
                <SequencePoint vc="1" uspid="55" ordinal="1" offset="1" sl="111" sc="13" el="111" ec="36" bec="0" bev="0" fileid="1" />
                <SequencePoint vc="1" uspid="56" ordinal="2" offset="13" sl="112" sc="13" el="112" ec="49" bec="0" bev="0" fileid="1" />
                <SequencePoint vc="1" uspid="57" ordinal="3" offset="25" sl="113" sc="13" el="113" ec="52" bec="0" bev="0" fileid="1" />
                <SequencePoint vc="1" uspid="58" ordinal="4" offset="42" sl="114" sc="13" el="114" ec="46" bec="0" bev="0" fileid="1" />
                <SequencePoint vc="1" uspid="59" ordinal="5" offset="54" sl="115" sc="13" el="115" ec="92" bec="0" bev="0" fileid="1" />
                <SequencePoint vc="1" uspid="60" ordinal="6" offset="81" sl="117" sc="13" el="117" ec="26" bec="0" bev="0" fileid="1" />
                <SequencePoint vc="1" uspid="61" ordinal="7" offset="88" sl="118" sc="13" el="118" ec="49" bec="0" bev="0" fileid="1" />
                <SequencePoint vc="1" uspid="62" ordinal="8" offset="123" sl="119" sc="13" el="119" ec="50" bec="0" bev="0" fileid="1" />
                <SequencePoint vc="1" uspid="63" ordinal="9" offset="158" sl="120" sc="13" el="120" ec="41" bec="0" bev="0" fileid="1" />
                <SequencePoint vc="1" uspid="64" ordinal="10" offset="165" sl="121" sc="13" el="121" ec="36" bec="0" bev="0" fileid="1" />
                <SequencePoint vc="1" uspid="65" ordinal="11" offset="177" sl="122" sc="13" el="122" ec="48" bec="0" bev="0" fileid="1" />
                <SequencePoint vc="1" uspid="66" ordinal="12" offset="189" sl="123" sc="13" el="123" ec="57" bec="0" bev="0" fileid="1" />
                <SequencePoint vc="1" uspid="67" ordinal="13" offset="206" sl="124" sc="13" el="124" ec="45" bec="0" bev="0" fileid="1" />
                <SequencePoint vc="1" uspid="68" ordinal="14" offset="218" sl="125" sc="13" el="125" ec="92" bec="0" bev="0" fileid="1" />
                <SequencePoint vc="1" uspid="69" ordinal="15" offset="245" sl="126" sc="9" el="126" ec="10" bec="0" bev="0" fileid="1" />
              </SequencePoints>
              <BranchPoints />
              <MethodPoint xsi:type="SequencePoint" vc="1" uspid="54" ordinal="0" offset="0" sl="110" sc="9" el="110" ec="10" bec="0" bev="0" fileid="1" />
            </Method>
            <Method visited="false" cyclomaticComplexity="1" nPathComplexity="0" sequenceCoverage="0" branchCoverage="0" crapScore="2" isConstructor="true" isStatic="false" isGetter="false" isSetter="false">
              <Summary numSequencePoints="0" visitedSequencePoints="0" numBranchPoints="0" visitedBranchPoints="0" sequenceCoverage="0" branchCoverage="0" maxCyclomaticComplexity="1" minCyclomaticComplexity="1" maxCrapScore="2" minCrapScore="2" visitedClasses="0" numClasses="0" visitedMethods="0" numMethods="0" />
              <MetadataToken>100663305</MetadataToken>
              <Name>System.Void WindowsFormsApp1.ModelObject.State.Tests.DrawingStateTests::.ctor()</Name>
              <SequencePoints />
              <BranchPoints />
              <MethodPoint vc="0" uspid="70" ordinal="0" offset="0" />
            </Method>
          </Methods>
        </Class>
        <Class>
          <Summary numSequencePoints="85" visitedSequencePoints="85" numBranchPoints="7" visitedBranchPoints="7" sequenceCoverage="100" branchCoverage="100" maxCyclomaticComplexity="1" minCyclomaticComplexity="1" maxCrapScore="2" minCrapScore="1" visitedClasses="1" numClasses="1" visitedMethods="7" numMethods="7" />
          <FullName>WindowsFormsApp1.ModelObject.State.Tests.PointerStateTests</FullName>
          <Methods>
            <Method visited="true" cyclomaticComplexity="1" nPathComplexity="0" sequenceCoverage="100" branchCoverage="100" crapScore="1" isConstructor="false" isStatic="false" isGetter="false" isSetter="false">
              <Summary numSequencePoints="3" visitedSequencePoints="3" numBranchPoints="1" visitedBranchPoints="1" sequenceCoverage="100" branchCoverage="100" maxCyclomaticComplexity="1" minCyclomaticComplexity="1" maxCrapScore="1" minCrapScore="1" visitedClasses="0" numClasses="0" visitedMethods="1" numMethods="1" />
              <MetadataToken>100663306</MetadataToken>
              <Name>System.Void WindowsFormsApp1.ModelObject.State.Tests.PointerStateTests::HandleShapeDataChanged()</Name>
              <FileRef uid="2" />
              <SequencePoints>
                <SequencePoint vc="5" uspid="71" ordinal="0" offset="0" sl="23" sc="9" el="23" ec="10" bec="0" bev="0" fileid="2" />
                <SequencePoint vc="5" uspid="72" ordinal="1" offset="1" sl="24" sc="13" el="24" ec="40" bec="0" bev="0" fileid="2" />
                <SequencePoint vc="5" uspid="73" ordinal="2" offset="8" sl="25" sc="9" el="25" ec="10" bec="0" bev="0" fileid="2" />
              </SequencePoints>
              <BranchPoints />
              <MethodPoint xsi:type="SequencePoint" vc="5" uspid="71" ordinal="0" offset="0" sl="23" sc="9" el="23" ec="10" bec="0" bev="0" fileid="2" />
            </Method>
            <Method visited="true" cyclomaticComplexity="1" nPathComplexity="0" sequenceCoverage="100" branchCoverage="100" crapScore="1" isConstructor="false" isStatic="false" isGetter="false" isSetter="false">
              <Summary numSequencePoints="11" visitedSequencePoints="11" numBranchPoints="1" visitedBranchPoints="1" sequenceCoverage="100" branchCoverage="100" maxCyclomaticComplexity="1" minCyclomaticComplexity="1" maxCrapScore="1" minCrapScore="1" visitedClasses="0" numClasses="0" visitedMethods="1" numMethods="1" />
              <MetadataToken>100663307</MetadataToken>
              <Name>System.Void WindowsFormsApp1.ModelObject.State.Tests.PointerStateTests::Initialize()</Name>
              <FileRef uid="2" />
              <SequencePoints>
                <SequencePoint vc="9" uspid="74" ordinal="0" offset="0" sl="30" sc="9" el="30" ec="10" bec="0" bev="0" fileid="2" />
                <SequencePoint vc="9" uspid="75" ordinal="1" offset="1" sl="31" sc="13" el="31" ec="41" bec="0" bev="0" fileid="2" />
                <SequencePoint vc="9" uspid="76" ordinal="2" offset="8" sl="33" sc="13" el="33" ec="34" bec="0" bev="0" fileid="2" />
                <SequencePoint vc="9" uspid="77" ordinal="3" offset="19" sl="34" sc="13" el="34" ec="44" bec="0" bev="0" fileid="2" />
                <SequencePoint vc="9" uspid="78" ordinal="4" offset="30" sl="36" sc="13" el="36" ec="41" bec="0" bev="0" fileid="2" />
                <SequencePoint vc="9" uspid="79" ordinal="5" offset="48" sl="37" sc="13" el="37" ec="88" bec="0" bev="0" fileid="2" />
                <SequencePoint vc="9" uspid="80" ordinal="6" offset="111" sl="38" sc="13" el="38" ec="42" bec="0" bev="0" fileid="2" />
                <SequencePoint vc="9" uspid="81" ordinal="7" offset="123" sl="39" sc="13" el="39" ec="64" bec="0" bev="0" fileid="2" />
                <SequencePoint vc="9" uspid="82" ordinal="8" offset="147" sl="41" sc="13" el="41" ec="53" bec="0" bev="0" fileid="2" />
                <SequencePoint vc="9" uspid="83" ordinal="9" offset="164" sl="42" sc="13" el="42" ec="73" bec="0" bev="0" fileid="2" />
                <SequencePoint vc="9" uspid="84" ordinal="10" offset="181" sl="43" sc="9" el="43" ec="10" bec="0" bev="0" fileid="2" />
              </SequencePoints>
              <BranchPoints />
              <MethodPoint xsi:type="SequencePoint" vc="9" uspid="74" ordinal="0" offset="0" sl="30" sc="9" el="30" ec="10" bec="0" bev="0" fileid="2" />
            </Method>
            <Method visited="true" cyclomaticComplexity="1" nPathComplexity="0" sequenceCoverage="100" branchCoverage="100" crapScore="1" isConstructor="false" isStatic="false" isGetter="false" isSetter="false">
              <Summary numSequencePoints="5" visitedSequencePoints="5" numBranchPoints="1" visitedBranchPoints="1" sequenceCoverage="100" branchCoverage="100" maxCyclomaticComplexity="1" minCyclomaticComplexity="1" maxCrapScore="1" minCrapScore="1" visitedClasses="0" numClasses="0" visitedMethods="1" numMethods="1" />
              <MetadataToken>100663308</MetadataToken>
              <Name>System.Void WindowsFormsApp1.ModelObject.State.Tests.PointerStateTests::TestPointerState()</Name>
              <FileRef uid="2" />
              <SequencePoints>
                <SequencePoint vc="1" uspid="85" ordinal="0" offset="0" sl="48" sc="9" el="48" ec="10" bec="0" bev="0" fileid="2" />
                <SequencePoint vc="1" uspid="86" ordinal="1" offset="1" sl="49" sc="13" el="49" ec="93" bec="0" bev="0" fileid="2" />
                <SequencePoint vc="1" uspid="87" ordinal="2" offset="29" sl="50" sc="13" el="50" ec="110" bec="0" bev="0" fileid="2" />
                <SequencePoint vc="1" uspid="88" ordinal="3" offset="61" sl="51" sc="13" el="51" ec="108" bec="0" bev="0" fileid="2" />
                <SequencePoint vc="1" uspid="89" ordinal="4" offset="93" sl="52" sc="9" el="52" ec="10" bec="0" bev="0" fileid="2" />
              </SequencePoints>
              <BranchPoints />
              <MethodPoint xsi:type="SequencePoint" vc="1" uspid="85" ordinal="0" offset="0" sl="48" sc="9" el="48" ec="10" bec="0" bev="0" fileid="2" />
            </Method>
            <Method visited="true" cyclomaticComplexity="1" nPathComplexity="0" sequenceCoverage="100" branchCoverage="100" crapScore="1" isConstructor="false" isStatic="false" isGetter="false" isSetter="false">
              <Summary numSequencePoints="3" visitedSequencePoints="3" numBranchPoints="1" visitedBranchPoints="1" sequenceCoverage="100" branchCoverage="100" maxCyclomaticComplexity="1" minCyclomaticComplexity="1" maxCrapScore="1" minCrapScore="1" visitedClasses="0" numClasses="0" visitedMethods="1" numMethods="1" />
              <MetadataToken>100663309</MetadataToken>
              <Name>System.Void WindowsFormsApp1.ModelObject.State.Tests.PointerStateTests::TestGetStateName()</Name>
              <FileRef uid="2" />
              <SequencePoints>
                <SequencePoint vc="1" uspid="90" ordinal="0" offset="0" sl="57" sc="9" el="57" ec="10" bec="0" bev="0" fileid="2" />
                <SequencePoint vc="1" uspid="91" ordinal="1" offset="1" sl="58" sc="13" el="58" ec="74" bec="0" bev="0" fileid="2" />
                <SequencePoint vc="1" uspid="92" ordinal="2" offset="23" sl="59" sc="9" el="59" ec="10" bec="0" bev="0" fileid="2" />
              </SequencePoints>
              <BranchPoints />
              <MethodPoint xsi:type="SequencePoint" vc="1" uspid="90" ordinal="0" offset="0" sl="57" sc="9" el="57" ec="10" bec="0" bev="0" fileid="2" />
            </Method>
            <Method visited="true" cyclomaticComplexity="1" nPathComplexity="0" sequenceCoverage="100" branchCoverage="100" crapScore="1" isConstructor="false" isStatic="false" isGetter="false" isSetter="false">
              <Summary numSequencePoints="28" visitedSequencePoints="28" numBranchPoints="1" visitedBranchPoints="1" sequenceCoverage="100" branchCoverage="100" maxCyclomaticComplexity="1" minCyclomaticComplexity="1" maxCrapScore="1" minCrapScore="1" visitedClasses="0" numClasses="0" visitedMethods="1" numMethods="1" />
              <MetadataToken>100663310</MetadataToken>
              <Name>System.Void WindowsFormsApp1.ModelObject.State.Tests.PointerStateTests::TestMove()</Name>
              <FileRef uid="2" />
              <SequencePoints>
                <SequencePoint vc="1" uspid="93" ordinal="0" offset="0" sl="64" sc="9" el="64" ec="10" bec="0" bev="0" fileid="2" />
                <SequencePoint vc="1" uspid="94" ordinal="1" offset="1" sl="65" sc="13" el="65" ec="48" bec="0" bev="0" fileid="2" />
                <SequencePoint vc="1" uspid="95" ordinal="2" offset="36" sl="66" sc="13" el="66" ec="53" bec="0" bev="0" fileid="2" />
                <SequencePoint vc="1" uspid="96" ordinal="3" offset="53" sl="67" sc="13" el="67" ec="66" bec="0" bev="0" fileid="2" />
                <SequencePoint vc="1" uspid="97" ordinal="4" offset="75" sl="68" sc="13" el="68" ec="49" bec="0" bev="0" fileid="2" />
                <SequencePoint vc="1" uspid="98" ordinal="5" offset="87" sl="69" sc="13" el="69" ec="92" bec="0" bev="0" fileid="2" />
                <SequencePoint vc="1" uspid="99" ordinal="6" offset="114" sl="70" sc="13" el="70" ec="110" bec="0" bev="0" fileid="2" />
                <SequencePoint vc="1" uspid="100" ordinal="7" offset="146" sl="71" sc="13" el="71" ec="108" bec="0" bev="0" fileid="2" />
                <SequencePoint vc="1" uspid="101" ordinal="8" offset="178" sl="73" sc="13" el="73" ec="26" bec="0" bev="0" fileid="2" />
                <SequencePoint vc="1" uspid="102" ordinal="9" offset="185" sl="74" sc="13" el="74" ec="51" bec="0" bev="0" fileid="2" />
                <SequencePoint vc="1" uspid="103" ordinal="10" offset="220" sl="75" sc="13" el="75" ec="41" bec="0" bev="0" fileid="2" />
                <SequencePoint vc="1" uspid="104" ordinal="11" offset="227" sl="76" sc="13" el="76" ec="50" bec="0" bev="0" fileid="2" />
                <SequencePoint vc="1" uspid="105" ordinal="12" offset="262" sl="77" sc="13" el="77" ec="52" bec="0" bev="0" fileid="2" />
                <SequencePoint vc="1" uspid="106" ordinal="13" offset="279" sl="78" sc="13" el="78" ec="61" bec="0" bev="0" fileid="2" />
                <SequencePoint vc="1" uspid="107" ordinal="14" offset="301" sl="79" sc="13" el="79" ec="48" bec="0" bev="0" fileid="2" />
                <SequencePoint vc="1" uspid="108" ordinal="15" offset="313" sl="80" sc="13" el="80" ec="91" bec="0" bev="0" fileid="2" />
                <SequencePoint vc="1" uspid="109" ordinal="16" offset="340" sl="81" sc="13" el="81" ec="112" bec="0" bev="0" fileid="2" />
                <SequencePoint vc="1" uspid="110" ordinal="17" offset="372" sl="82" sc="13" el="82" ec="110" bec="0" bev="0" fileid="2" />
                <SequencePoint vc="1" uspid="111" ordinal="18" offset="404" sl="84" sc="13" el="84" ec="41" bec="0" bev="0" fileid="2" />
                <SequencePoint vc="1" uspid="112" ordinal="19" offset="411" sl="85" sc="13" el="85" ec="45" bec="0" bev="0" fileid="2" />
                <SequencePoint vc="1" uspid="113" ordinal="20" offset="424" sl="86" sc="13" el="86" ec="50" bec="0" bev="0" fileid="2" />
                <SequencePoint vc="1" uspid="114" ordinal="21" offset="459" sl="87" sc="13" el="87" ec="52" bec="0" bev="0" fileid="2" />
                <SequencePoint vc="1" uspid="115" ordinal="22" offset="476" sl="88" sc="13" el="88" ec="63" bec="0" bev="0" fileid="2" />
                <SequencePoint vc="1" uspid="116" ordinal="23" offset="498" sl="89" sc="13" el="89" ec="48" bec="0" bev="0" fileid="2" />
                <SequencePoint vc="1" uspid="117" ordinal="24" offset="510" sl="90" sc="13" el="90" ec="91" bec="0" bev="0" fileid="2" />
                <SequencePoint vc="1" uspid="118" ordinal="25" offset="537" sl="91" sc="13" el="91" ec="112" bec="0" bev="0" fileid="2" />
                <SequencePoint vc="1" uspid="119" ordinal="26" offset="569" sl="92" sc="13" el="92" ec="110" bec="0" bev="0" fileid="2" />
                <SequencePoint vc="1" uspid="120" ordinal="27" offset="601" sl="93" sc="9" el="93" ec="10" bec="0" bev="0" fileid="2" />
              </SequencePoints>
              <BranchPoints />
              <MethodPoint xsi:type="SequencePoint" vc="1" uspid="93" ordinal="0" offset="0" sl="64" sc="9" el="64" ec="10" bec="0" bev="0" fileid="2" />
            </Method>
            <Method visited="true" cyclomaticComplexity="1" nPathComplexity="0" sequenceCoverage="100" branchCoverage="100" crapScore="1" isConstructor="false" isStatic="false" isGetter="false" isSetter="false">
              <Summary numSequencePoints="25" visitedSequencePoints="25" numBranchPoints="1" visitedBranchPoints="1" sequenceCoverage="100" branchCoverage="100" maxCyclomaticComplexity="1" minCyclomaticComplexity="1" maxCrapScore="1" minCrapScore="1" visitedClasses="0" numClasses="0" visitedMethods="1" numMethods="1" />
              <MetadataToken>100663311</MetadataToken>
              <Name>System.Void WindowsFormsApp1.ModelObject.State.Tests.PointerStateTests::TestPress()</Name>
              <FileRef uid="2" />
              <SequencePoints>
                <SequencePoint vc="1" uspid="121" ordinal="0" offset="0" sl="98" sc="9" el="98" ec="10" bec="0" bev="0" fileid="2" />
                <SequencePoint vc="1" uspid="122" ordinal="1" offset="1" sl="99" sc="13" el="99" ec="49" bec="0" bev="0" fileid="2" />
                <SequencePoint vc="1" uspid="123" ordinal="2" offset="36" sl="100" sc="13" el="100" ec="49" bec="0" bev="0" fileid="2" />
                <SequencePoint vc="1" uspid="124" ordinal="3" offset="48" sl="101" sc="13" el="101" ec="54" bec="0" bev="0" fileid="2" />
                <SequencePoint vc="1" uspid="125" ordinal="4" offset="65" sl="102" sc="13" el="102" ec="92" bec="0" bev="0" fileid="2" />
                <SequencePoint vc="1" uspid="126" ordinal="5" offset="92" sl="103" sc="13" el="103" ec="110" bec="0" bev="0" fileid="2" />
                <SequencePoint vc="1" uspid="127" ordinal="6" offset="124" sl="104" sc="13" el="104" ec="108" bec="0" bev="0" fileid="2" />
                <SequencePoint vc="1" uspid="128" ordinal="7" offset="156" sl="106" sc="13" el="106" ec="26" bec="0" bev="0" fileid="2" />
                <SequencePoint vc="1" uspid="129" ordinal="8" offset="163" sl="107" sc="13" el="107" ec="51" bec="0" bev="0" fileid="2" />
                <SequencePoint vc="1" uspid="130" ordinal="9" offset="198" sl="108" sc="13" el="108" ec="48" bec="0" bev="0" fileid="2" />
                <SequencePoint vc="1" uspid="131" ordinal="10" offset="210" sl="109" sc="13" el="109" ec="54" bec="0" bev="0" fileid="2" />
                <SequencePoint vc="1" uspid="132" ordinal="11" offset="227" sl="110" sc="13" el="110" ec="91" bec="0" bev="0" fileid="2" />
                <SequencePoint vc="1" uspid="133" ordinal="12" offset="254" sl="111" sc="13" el="111" ec="112" bec="0" bev="0" fileid="2" />
                <SequencePoint vc="1" uspid="134" ordinal="13" offset="286" sl="112" sc="13" el="112" ec="108" bec="0" bev="0" fileid="2" />
                <SequencePoint vc="1" uspid="135" ordinal="14" offset="318" sl="114" sc="13" el="114" ec="26" bec="0" bev="0" fileid="2" />
                <SequencePoint vc="1" uspid="136" ordinal="15" offset="325" sl="115" sc="13" el="115" ec="49" bec="0" bev="0" fileid="2" />
                <SequencePoint vc="1" uspid="137" ordinal="16" offset="360" sl="116" sc="13" el="116" ec="41" bec="0" bev="0" fileid="2" />
                <SequencePoint vc="1" uspid="138" ordinal="17" offset="367" sl="117" sc="13" el="117" ec="47" bec="0" bev="0" fileid="2" />
                <SequencePoint vc="1" uspid="139" ordinal="18" offset="380" sl="118" sc="13" el="118" ec="49" bec="0" bev="0" fileid="2" />
                <SequencePoint vc="1" uspid="140" ordinal="19" offset="415" sl="119" sc="13" el="119" ec="49" bec="0" bev="0" fileid="2" />
                <SequencePoint vc="1" uspid="141" ordinal="20" offset="427" sl="120" sc="13" el="120" ec="55" bec="0" bev="0" fileid="2" />
                <SequencePoint vc="1" uspid="142" ordinal="21" offset="444" sl="121" sc="13" el="121" ec="91" bec="0" bev="0" fileid="2" />
                <SequencePoint vc="1" uspid="143" ordinal="22" offset="471" sl="122" sc="13" el="122" ec="110" bec="0" bev="0" fileid="2" />
                <SequencePoint vc="1" uspid="144" ordinal="23" offset="503" sl="123" sc="13" el="123" ec="108" bec="0" bev="0" fileid="2" />
                <SequencePoint vc="1" uspid="145" ordinal="24" offset="535" sl="124" sc="9" el="124" ec="10" bec="0" bev="0" fileid="2" />
              </SequencePoints>
              <BranchPoints />
              <MethodPoint xsi:type="SequencePoint" vc="1" uspid="121" ordinal="0" offset="0" sl="98" sc="9" el="98" ec="10" bec="0" bev="0" fileid="2" />
            </Method>
            <Method visited="true" cyclomaticComplexity="1" nPathComplexity="0" sequenceCoverage="100" branchCoverage="100" crapScore="1" isConstructor="false" isStatic="false" isGetter="false" isSetter="false">
              <Summary numSequencePoints="10" visitedSequencePoints="10" numBranchPoints="1" visitedBranchPoints="1" sequenceCoverage="100" branchCoverage="100" maxCyclomaticComplexity="1" minCyclomaticComplexity="1" maxCrapScore="1" minCrapScore="1" visitedClasses="0" numClasses="0" visitedMethods="1" numMethods="1" />
              <MetadataToken>100663312</MetadataToken>
              <Name>System.Void WindowsFormsApp1.ModelObject.State.Tests.PointerStateTests::TestRelease()</Name>
              <FileRef uid="2" />
              <SequencePoints>
                <SequencePoint vc="1" uspid="146" ordinal="0" offset="0" sl="129" sc="9" el="129" ec="10" bec="0" bev="0" fileid="2" />
                <SequencePoint vc="1" uspid="147" ordinal="1" offset="1" sl="130" sc="13" el="130" ec="36" bec="0" bev="0" fileid="2" />
                <SequencePoint vc="1" uspid="148" ordinal="2" offset="13" sl="131" sc="13" el="131" ec="92" bec="0" bev="0" fileid="2" />
                <SequencePoint vc="1" uspid="149" ordinal="3" offset="40" sl="133" sc="13" el="133" ec="26" bec="0" bev="0" fileid="2" />
                <SequencePoint vc="1" uspid="150" ordinal="4" offset="47" sl="134" sc="13" el="134" ec="51" bec="0" bev="0" fileid="2" />
                <SequencePoint vc="1" uspid="151" ordinal="5" offset="82" sl="135" sc="13" el="135" ec="36" bec="0" bev="0" fileid="2" />
                <SequencePoint vc="1" uspid="152" ordinal="6" offset="94" sl="136" sc="13" el="136" ec="92" bec="0" bev="0" fileid="2" />
                <SequencePoint vc="1" uspid="153" ordinal="7" offset="121" sl="137" sc="13" el="137" ec="48" bec="0" bev="0" fileid="2" />
                <SequencePoint vc="1" uspid="154" ordinal="8" offset="156" sl="138" sc="13" el="138" ec="53" bec="0" bev="0" fileid="2" />
                <SequencePoint vc="1" uspid="155" ordinal="9" offset="173" sl="139" sc="9" el="139" ec="10" bec="0" bev="0" fileid="2" />
              </SequencePoints>
              <BranchPoints />
              <MethodPoint xsi:type="SequencePoint" vc="1" uspid="146" ordinal="0" offset="0" sl="129" sc="9" el="129" ec="10" bec="0" bev="0" fileid="2" />
            </Method>
            <Method visited="false" cyclomaticComplexity="1" nPathComplexity="0" sequenceCoverage="0" branchCoverage="0" crapScore="2" isConstructor="true" isStatic="false" isGetter="false" isSetter="false">
              <Summary numSequencePoints="0" visitedSequencePoints="0" numBranchPoints="0" visitedBranchPoints="0" sequenceCoverage="0" branchCoverage="0" maxCyclomaticComplexity="1" minCyclomaticComplexity="1" maxCrapScore="2" minCrapScore="2" visitedClasses="0" numClasses="0" visitedMethods="0" numMethods="0" />
              <MetadataToken>100663313</MetadataToken>
              <Name>System.Void WindowsFormsApp1.ModelObject.State.Tests.PointerStateTests::.ctor()</Name>
              <SequencePoints />
              <BranchPoints />
              <MethodPoint vc="0" uspid="156" ordinal="0" offset="0" />
            </Method>
          </Methods>
        </Class>
        <Class>
          <Summary numSequencePoints="17" visitedSequencePoints="17" numBranchPoints="3" visitedBranchPoints="3" sequenceCoverage="100" branchCoverage="100" maxCyclomaticComplexity="1" minCyclomaticComplexity="1" maxCrapScore="2" minCrapScore="1" visitedClasses="1" numClasses="1" visitedMethods="3" numMethods="3" />
          <FullName>WindowsFormsApp1.Tests.FactoryTests</FullName>
          <Methods>
            <Method visited="true" cyclomaticComplexity="1" nPathComplexity="0" sequenceCoverage="100" branchCoverage="100" crapScore="1" isConstructor="false" isStatic="false" isGetter="false" isSetter="false">
              <Summary numSequencePoints="5" visitedSequencePoints="5" numBranchPoints="1" visitedBranchPoints="1" sequenceCoverage="100" branchCoverage="100" maxCyclomaticComplexity="1" minCyclomaticComplexity="1" maxCrapScore="1" minCrapScore="1" visitedClasses="0" numClasses="0" visitedMethods="1" numMethods="1" />
              <MetadataToken>100663314</MetadataToken>
              <Name>System.Void WindowsFormsApp1.Tests.FactoryTests::TestFactory()</Name>
              <FileRef uid="3" />
              <SequencePoints>
                <SequencePoint vc="1" uspid="157" ordinal="0" offset="0" sl="20" sc="9" el="20" ec="10" bec="0" bev="0" fileid="3" />
                <SequencePoint vc="1" uspid="158" ordinal="1" offset="1" sl="21" sc="13" el="21" ec="57" bec="0" bev="0" fileid="3" />
                <SequencePoint vc="1" uspid="159" ordinal="2" offset="12" sl="22" sc="13" el="22" ec="64" bec="0" bev="0" fileid="3" />
                <SequencePoint vc="1" uspid="160" ordinal="3" offset="24" sl="24" sc="13" el="24" ec="90" bec="0" bev="0" fileid="3" />
                <SequencePoint vc="1" uspid="161" ordinal="4" offset="54" sl="25" sc="9" el="25" ec="10" bec="0" bev="0" fileid="3" />
              </SequencePoints>
              <BranchPoints />
              <MethodPoint xsi:type="SequencePoint" vc="1" uspid="157" ordinal="0" offset="0" sl="20" sc="9" el="20" ec="10" bec="0" bev="0" fileid="3" />
            </Method>
            <Method visited="true" cyclomaticComplexity="1" nPathComplexity="0" sequenceCoverage="100" branchCoverage="100" crapScore="1" isConstructor="false" isStatic="false" isGetter="false" isSetter="false">
              <Summary numSequencePoints="6" visitedSequencePoints="6" numBranchPoints="1" visitedBranchPoints="1" sequenceCoverage="100" branchCoverage="100" maxCyclomaticComplexity="1" minCyclomaticComplexity="1" maxCrapScore="1" minCrapScore="1" visitedClasses="0" numClasses="0" visitedMethods="1" numMethods="1" />
              <MetadataToken>100663315</MetadataToken>
              <Name>System.Void WindowsFormsApp1.Tests.FactoryTests::TestCreateShapes()</Name>
              <FileRef uid="3" />
              <SequencePoints>
                <SequencePoint vc="1" uspid="162" ordinal="0" offset="0" sl="30" sc="9" el="30" ec="10" bec="0" bev="0" fileid="3" />
                <SequencePoint vc="1" uspid="163" ordinal="1" offset="1" sl="31" sc="13" el="31" ec="83" bec="0" bev="0" fileid="3" />
                <SequencePoint vc="1" uspid="164" ordinal="2" offset="25" sl="32" sc="13" el="32" ec="73" bec="0" bev="0" fileid="3" />
                <SequencePoint vc="1" uspid="165" ordinal="3" offset="49" sl="33" sc="13" el="33" ec="79" bec="0" bev="0" fileid="3" />
                <SequencePoint vc="1" uspid="166" ordinal="4" offset="73" sl="34" sc="13" el="34" ec="65" bec="0" bev="0" fileid="3" />
                <SequencePoint vc="1" uspid="167" ordinal="5" offset="92" sl="35" sc="9" el="35" ec="10" bec="0" bev="0" fileid="3" />
              </SequencePoints>
              <BranchPoints />
              <MethodPoint xsi:type="SequencePoint" vc="1" uspid="162" ordinal="0" offset="0" sl="30" sc="9" el="30" ec="10" bec="0" bev="0" fileid="3" />
            </Method>
            <Method visited="true" cyclomaticComplexity="1" nPathComplexity="0" sequenceCoverage="100" branchCoverage="100" crapScore="1" isConstructor="false" isStatic="false" isGetter="false" isSetter="false">
              <Summary numSequencePoints="6" visitedSequencePoints="6" numBranchPoints="1" visitedBranchPoints="1" sequenceCoverage="100" branchCoverage="100" maxCyclomaticComplexity="1" minCyclomaticComplexity="1" maxCrapScore="1" minCrapScore="1" visitedClasses="0" numClasses="0" visitedMethods="1" numMethods="1" />
              <MetadataToken>100663316</MetadataToken>
              <Name>System.Void WindowsFormsApp1.Tests.FactoryTests::TestCreateRandomPoint()</Name>
              <FileRef uid="3" />
              <SequencePoints>
                <SequencePoint vc="1" uspid="168" ordinal="0" offset="0" sl="40" sc="9" el="40" ec="10" bec="0" bev="0" fileid="3" />
                <SequencePoint vc="1" uspid="169" ordinal="1" offset="1" sl="41" sc="13" el="41" ec="61" bec="0" bev="0" fileid="3" />
                <SequencePoint vc="1" uspid="170" ordinal="2" offset="12" sl="42" sc="13" el="42" ec="61" bec="0" bev="0" fileid="3" />
                <SequencePoint vc="1" uspid="171" ordinal="3" offset="23" sl="43" sc="13" el="43" ec="42" bec="0" bev="0" fileid="3" />
                <SequencePoint vc="1" uspid="172" ordinal="4" offset="44" sl="44" sc="13" el="44" ec="42" bec="0" bev="0" fileid="3" />
                <SequencePoint vc="1" uspid="173" ordinal="5" offset="65" sl="45" sc="9" el="45" ec="10" bec="0" bev="0" fileid="3" />
              </SequencePoints>
              <BranchPoints />
              <MethodPoint xsi:type="SequencePoint" vc="1" uspid="168" ordinal="0" offset="0" sl="40" sc="9" el="40" ec="10" bec="0" bev="0" fileid="3" />
            </Method>
            <Method visited="false" cyclomaticComplexity="1" nPathComplexity="0" sequenceCoverage="0" branchCoverage="0" crapScore="2" isConstructor="true" isStatic="false" isGetter="false" isSetter="false">
              <Summary numSequencePoints="0" visitedSequencePoints="0" numBranchPoints="0" visitedBranchPoints="0" sequenceCoverage="0" branchCoverage="0" maxCyclomaticComplexity="1" minCyclomaticComplexity="1" maxCrapScore="2" minCrapScore="2" visitedClasses="0" numClasses="0" visitedMethods="0" numMethods="0" />
              <MetadataToken>100663317</MetadataToken>
              <Name>System.Void WindowsFormsApp1.Tests.FactoryTests::.ctor()</Name>
              <SequencePoints />
              <BranchPoints />
              <MethodPoint vc="0" uspid="174" ordinal="0" offset="0" />
            </Method>
          </Methods>
        </Class>
        <Class>
          <Summary numSequencePoints="119" visitedSequencePoints="119" numBranchPoints="16" visitedBranchPoints="16" sequenceCoverage="100" branchCoverage="100" maxCyclomaticComplexity="1" minCyclomaticComplexity="1" maxCrapScore="2" minCrapScore="1" visitedClasses="1" numClasses="1" visitedMethods="16" numMethods="16" />
          <FullName>WindowsFormsApp1.Tests.ModelTests</FullName>
          <Methods>
            <Method visited="true" cyclomaticComplexity="1" nPathComplexity="0" sequenceCoverage="100" branchCoverage="100" crapScore="1" isConstructor="false" isStatic="false" isGetter="false" isSetter="false">
              <Summary numSequencePoints="3" visitedSequencePoints="3" numBranchPoints="1" visitedBranchPoints="1" sequenceCoverage="100" branchCoverage="100" maxCyclomaticComplexity="1" minCyclomaticComplexity="1" maxCrapScore="1" minCrapScore="1" visitedClasses="0" numClasses="0" visitedMethods="1" numMethods="1" />
              <MetadataToken>100663318</MetadataToken>
              <Name>System.Void WindowsFormsApp1.Tests.ModelTests::HandleShapeDataChanged()</Name>
              <FileRef uid="4" />
              <SequencePoints>
                <SequencePoint vc="16" uspid="175" ordinal="0" offset="0" sl="25" sc="9" el="25" ec="10" bec="0" bev="0" fileid="4" />
                <SequencePoint vc="16" uspid="176" ordinal="1" offset="1" sl="26" sc="13" el="26" ec="40" bec="0" bev="0" fileid="4" />
                <SequencePoint vc="16" uspid="177" ordinal="2" offset="8" sl="27" sc="9" el="27" ec="10" bec="0" bev="0" fileid="4" />
              </SequencePoints>
              <BranchPoints />
              <MethodPoint xsi:type="SequencePoint" vc="16" uspid="175" ordinal="0" offset="0" sl="25" sc="9" el="25" ec="10" bec="0" bev="0" fileid="4" />
            </Method>
            <Method visited="true" cyclomaticComplexity="1" nPathComplexity="0" sequenceCoverage="100" branchCoverage="100" crapScore="1" isConstructor="false" isStatic="false" isGetter="false" isSetter="false">
              <Summary numSequencePoints="3" visitedSequencePoints="3" numBranchPoints="1" visitedBranchPoints="1" sequenceCoverage="100" branchCoverage="100" maxCyclomaticComplexity="1" minCyclomaticComplexity="1" maxCrapScore="1" minCrapScore="1" visitedClasses="0" numClasses="0" visitedMethods="1" numMethods="1" />
              <MetadataToken>100663319</MetadataToken>
              <Name>System.Void WindowsFormsApp1.Tests.ModelTests::HandleDrawingFinish()</Name>
              <FileRef uid="4" />
              <SequencePoints>
                <SequencePoint vc="3" uspid="178" ordinal="0" offset="0" sl="31" sc="9" el="31" ec="10" bec="0" bev="0" fileid="4" />
                <SequencePoint vc="3" uspid="179" ordinal="1" offset="1" sl="32" sc="13" el="32" ec="43" bec="0" bev="0" fileid="4" />
                <SequencePoint vc="3" uspid="180" ordinal="2" offset="8" sl="33" sc="9" el="33" ec="10" bec="0" bev="0" fileid="4" />
              </SequencePoints>
              <BranchPoints />
              <MethodPoint xsi:type="SequencePoint" vc="3" uspid="178" ordinal="0" offset="0" sl="31" sc="9" el="31" ec="10" bec="0" bev="0" fileid="4" />
            </Method>
            <Method visited="true" cyclomaticComplexity="1" nPathComplexity="0" sequenceCoverage="100" branchCoverage="100" crapScore="1" isConstructor="false" isStatic="false" isGetter="false" isSetter="false">
              <Summary numSequencePoints="11" visitedSequencePoints="11" numBranchPoints="1" visitedBranchPoints="1" sequenceCoverage="100" branchCoverage="100" maxCyclomaticComplexity="1" minCyclomaticComplexity="1" maxCrapScore="1" minCrapScore="1" visitedClasses="0" numClasses="0" visitedMethods="1" numMethods="1" />
              <MetadataToken>100663320</MetadataToken>
              <Name>System.Void WindowsFormsApp1.Tests.ModelTests::Initialize()</Name>
              <FileRef uid="4" />
              <SequencePoints>
                <SequencePoint vc="19" uspid="181" ordinal="0" offset="0" sl="38" sc="9" el="38" ec="10" bec="0" bev="0" fileid="4" />
                <SequencePoint vc="19" uspid="182" ordinal="1" offset="1" sl="39" sc="13" el="39" ec="34" bec="0" bev="0" fileid="4" />
                <SequencePoint vc="19" uspid="183" ordinal="2" offset="12" sl="40" sc="13" el="40" ec="61" bec="0" bev="0" fileid="4" />
                <SequencePoint vc="19" uspid="184" ordinal="3" offset="29" sl="41" sc="13" el="41" ec="44" bec="0" bev="0" fileid="4" />
                <SequencePoint vc="19" uspid="185" ordinal="4" offset="40" sl="42" sc="13" el="42" ec="41" bec="0" bev="0" fileid="4" />
                <SequencePoint vc="19" uspid="186" ordinal="5" offset="58" sl="43" sc="13" el="43" ec="97" bec="0" bev="0" fileid="4" />
                <SequencePoint vc="19" uspid="187" ordinal="6" offset="85" sl="45" sc="13" el="45" ec="64" bec="0" bev="0" fileid="4" />
                <SequencePoint vc="19" uspid="188" ordinal="7" offset="109" sl="46" sc="13" el="46" ec="58" bec="0" bev="0" fileid="4" />
                <SequencePoint vc="19" uspid="189" ordinal="8" offset="133" sl="48" sc="13" el="48" ec="41" bec="0" bev="0" fileid="4" />
                <SequencePoint vc="19" uspid="190" ordinal="9" offset="140" sl="49" sc="13" el="49" ec="44" bec="0" bev="0" fileid="4" />
                <SequencePoint vc="19" uspid="191" ordinal="10" offset="147" sl="50" sc="9" el="50" ec="10" bec="0" bev="0" fileid="4" />
              </SequencePoints>
              <BranchPoints />
              <MethodPoint xsi:type="SequencePoint" vc="19" uspid="181" ordinal="0" offset="0" sl="38" sc="9" el="38" ec="10" bec="0" bev="0" fileid="4" />
            </Method>
            <Method visited="true" cyclomaticComplexity="1" nPathComplexity="0" sequenceCoverage="100" branchCoverage="100" crapScore="1" isConstructor="false" isStatic="false" isGetter="false" isSetter="false">
              <Summary numSequencePoints="6" visitedSequencePoints="6" numBranchPoints="1" visitedBranchPoints="1" sequenceCoverage="100" branchCoverage="100" maxCyclomaticComplexity="1" minCyclomaticComplexity="1" maxCrapScore="1" minCrapScore="1" visitedClasses="0" numClasses="0" visitedMethods="1" numMethods="1" />
              <MetadataToken>100663321</MetadataToken>
              <Name>System.Void WindowsFormsApp1.Tests.ModelTests::TestModel()</Name>
              <FileRef uid="4" />
              <SequencePoints>
                <SequencePoint vc="1" uspid="192" ordinal="0" offset="0" sl="55" sc="9" el="55" ec="10" bec="0" bev="0" fileid="4" />
                <SequencePoint vc="1" uspid="193" ordinal="1" offset="1" sl="56" sc="13" el="56" ec="88" bec="0" bev="0" fileid="4" />
                <SequencePoint vc="1" uspid="194" ordinal="2" offset="31" sl="57" sc="13" el="57" ec="100" bec="0" bev="0" fileid="4" />
                <SequencePoint vc="1" uspid="195" ordinal="3" offset="61" sl="58" sc="13" el="58" ec="100" bec="0" bev="0" fileid="4" />
                <SequencePoint vc="1" uspid="196" ordinal="4" offset="91" sl="59" sc="13" el="59" ec="99" bec="0" bev="0" fileid="4" />
                <SequencePoint vc="1" uspid="197" ordinal="5" offset="121" sl="60" sc="9" el="60" ec="10" bec="0" bev="0" fileid="4" />
              </SequencePoints>
              <BranchPoints />
              <MethodPoint xsi:type="SequencePoint" vc="1" uspid="192" ordinal="0" offset="0" sl="55" sc="9" el="55" ec="10" bec="0" bev="0" fileid="4" />
            </Method>
            <Method visited="true" cyclomaticComplexity="1" nPathComplexity="0" sequenceCoverage="100" branchCoverage="100" crapScore="1" isConstructor="false" isStatic="false" isGetter="false" isSetter="false">
              <Summary numSequencePoints="5" visitedSequencePoints="5" numBranchPoints="1" visitedBranchPoints="1" sequenceCoverage="100" branchCoverage="100" maxCyclomaticComplexity="1" minCyclomaticComplexity="1" maxCrapScore="1" minCrapScore="1" visitedClasses="0" numClasses="0" visitedMethods="1" numMethods="1" />
              <MetadataToken>100663322</MetadataToken>
              <Name>System.Void WindowsFormsApp1.Tests.ModelTests::TestAddShape()</Name>
              <FileRef uid="4" />
              <SequencePoints>
                <SequencePoint vc="1" uspid="198" ordinal="0" offset="0" sl="65" sc="9" el="65" ec="10" bec="0" bev="0" fileid="4" />
                <SequencePoint vc="1" uspid="199" ordinal="1" offset="1" sl="66" sc="13" el="66" ec="51" bec="0" bev="0" fileid="4" />
                <SequencePoint vc="1" uspid="200" ordinal="2" offset="20" sl="68" sc="13" el="68" ec="57" bec="0" bev="0" fileid="4" />
                <SequencePoint vc="1" uspid="201" ordinal="3" offset="37" sl="69" sc="13" el="69" ec="48" bec="0" bev="0" fileid="4" />
                <SequencePoint vc="1" uspid="202" ordinal="4" offset="49" sl="70" sc="9" el="70" ec="10" bec="0" bev="0" fileid="4" />
              </SequencePoints>
              <BranchPoints />
              <MethodPoint xsi:type="SequencePoint" vc="1" uspid="198" ordinal="0" offset="0" sl="65" sc="9" el="65" ec="10" bec="0" bev="0" fileid="4" />
            </Method>
            <Method visited="true" cyclomaticComplexity="1" nPathComplexity="0" sequenceCoverage="100" branchCoverage="100" crapScore="1" isConstructor="false" isStatic="false" isGetter="false" isSetter="false">
              <Summary numSequencePoints="6" visitedSequencePoints="6" numBranchPoints="1" visitedBranchPoints="1" sequenceCoverage="100" branchCoverage="100" maxCyclomaticComplexity="1" minCyclomaticComplexity="1" maxCrapScore="1" minCrapScore="1" visitedClasses="0" numClasses="0" visitedMethods="1" numMethods="1" />
              <MetadataToken>100663323</MetadataToken>
              <Name>System.Void WindowsFormsApp1.Tests.ModelTests::TestDeleteShapeButton()</Name>
              <FileRef uid="4" />
              <SequencePoints>
                <SequencePoint vc="1" uspid="203" ordinal="0" offset="0" sl="75" sc="9" el="75" ec="10" bec="0" bev="0" fileid="4" />
                <SequencePoint vc="1" uspid="204" ordinal="1" offset="1" sl="76" sc="13" el="76" ec="51" bec="0" bev="0" fileid="4" />
                <SequencePoint vc="1" uspid="205" ordinal="2" offset="20" sl="77" sc="13" el="77" ec="41" bec="0" bev="0" fileid="4" />
                <SequencePoint vc="1" uspid="206" ordinal="3" offset="33" sl="79" sc="13" el="79" ec="54" bec="0" bev="0" fileid="4" />
                <SequencePoint vc="1" uspid="207" ordinal="4" offset="50" sl="80" sc="13" el="80" ec="48" bec="0" bev="0" fileid="4" />
                <SequencePoint vc="1" uspid="208" ordinal="5" offset="62" sl="81" sc="9" el="81" ec="10" bec="0" bev="0" fileid="4" />
              </SequencePoints>
              <BranchPoints />
              <MethodPoint xsi:type="SequencePoint" vc="1" uspid="203" ordinal="0" offset="0" sl="75" sc="9" el="75" ec="10" bec="0" bev="0" fileid="4" />
            </Method>
            <Method visited="true" cyclomaticComplexity="1" nPathComplexity="0" sequenceCoverage="100" branchCoverage="100" crapScore="1" isConstructor="false" isStatic="false" isGetter="false" isSetter="false">
              <Summary numSequencePoints="9" visitedSequencePoints="9" numBranchPoints="1" visitedBranchPoints="1" sequenceCoverage="100" branchCoverage="100" maxCyclomaticComplexity="1" minCyclomaticComplexity="1" maxCrapScore="1" minCrapScore="1" visitedClasses="0" numClasses="0" visitedMethods="1" numMethods="1" />
              <MetadataToken>100663324</MetadataToken>
              <Name>System.Void WindowsFormsApp1.Tests.ModelTests::TestDeleteSelect()</Name>
              <FileRef uid="4" />
              <SequencePoints>
                <SequencePoint vc="1" uspid="209" ordinal="0" offset="0" sl="86" sc="9" el="86" ec="10" bec="0" bev="0" fileid="4" />
                <SequencePoint vc="1" uspid="210" ordinal="1" offset="1" sl="87" sc="13" el="87" ec="51" bec="0" bev="0" fileid="4" />
                <SequencePoint vc="1" uspid="211" ordinal="2" offset="20" sl="88" sc="13" el="88" ec="54" bec="0" bev="0" fileid="4" />
                <SequencePoint vc="1" uspid="212" ordinal="3" offset="55" sl="89" sc="13" el="89" ec="48" bec="0" bev="0" fileid="4" />
                <SequencePoint vc="1" uspid="213" ordinal="4" offset="67" sl="90" sc="13" el="90" ec="41" bec="0" bev="0" fileid="4" />
                <SequencePoint vc="1" uspid="214" ordinal="5" offset="74" sl="92" sc="13" el="92" ec="35" bec="0" bev="0" fileid="4" />
                <SequencePoint vc="1" uspid="215" ordinal="6" offset="86" sl="94" sc="13" el="94" ec="60" bec="0" bev="0" fileid="4" />
                <SequencePoint vc="1" uspid="216" ordinal="7" offset="103" sl="95" sc="13" el="95" ec="48" bec="0" bev="0" fileid="4" />
                <SequencePoint vc="1" uspid="217" ordinal="8" offset="115" sl="96" sc="9" el="96" ec="10" bec="0" bev="0" fileid="4" />
              </SequencePoints>
              <BranchPoints />
              <MethodPoint xsi:type="SequencePoint" vc="1" uspid="209" ordinal="0" offset="0" sl="86" sc="9" el="86" ec="10" bec="0" bev="0" fileid="4" />
            </Method>
            <Method visited="true" cyclomaticComplexity="1" nPathComplexity="0" sequenceCoverage="100" branchCoverage="100" crapScore="1" isConstructor="false" isStatic="false" isGetter="false" isSetter="false">
              <Summary numSequencePoints="4" visitedSequencePoints="4" numBranchPoints="1" visitedBranchPoints="1" sequenceCoverage="100" branchCoverage="100" maxCyclomaticComplexity="1" minCyclomaticComplexity="1" maxCrapScore="1" minCrapScore="1" visitedClasses="0" numClasses="0" visitedMethods="1" numMethods="1" />
              <MetadataToken>100663325</MetadataToken>
              <Name>System.Void WindowsFormsApp1.Tests.ModelTests::TestDraw()</Name>
              <FileRef uid="4" />
              <SequencePoints>
                <SequencePoint vc="1" uspid="218" ordinal="0" offset="0" sl="101" sc="9" el="101" ec="10" bec="0" bev="0" fileid="4" />
                <SequencePoint vc="1" uspid="219" ordinal="1" offset="1" sl="102" sc="13" el="102" ec="51" bec="0" bev="0" fileid="4" />
                <SequencePoint vc="1" uspid="220" ordinal="2" offset="18" sl="104" sc="13" el="104" ec="47" bec="0" bev="0" fileid="4" />
                <SequencePoint vc="1" uspid="221" ordinal="3" offset="35" sl="105" sc="9" el="105" ec="10" bec="0" bev="0" fileid="4" />
              </SequencePoints>
              <BranchPoints />
              <MethodPoint xsi:type="SequencePoint" vc="1" uspid="218" ordinal="0" offset="0" sl="101" sc="9" el="101" ec="10" bec="0" bev="0" fileid="4" />
            </Method>
            <Method visited="true" cyclomaticComplexity="1" nPathComplexity="0" sequenceCoverage="100" branchCoverage="100" crapScore="1" isConstructor="false" isStatic="false" isGetter="false" isSetter="false">
              <Summary numSequencePoints="7" visitedSequencePoints="7" numBranchPoints="1" visitedBranchPoints="1" sequenceCoverage="100" branchCoverage="100" maxCyclomaticComplexity="1" minCyclomaticComplexity="1" maxCrapScore="1" minCrapScore="1" visitedClasses="0" numClasses="0" visitedMethods="1" numMethods="1" />
              <MetadataToken>100663326</MetadataToken>
              <Name>System.Void WindowsFormsApp1.Tests.ModelTests::TestNotifyDataChanged()</Name>
              <FileRef uid="4" />
              <SequencePoints>
                <SequencePoint vc="1" uspid="222" ordinal="0" offset="0" sl="110" sc="9" el="110" ec="10" bec="0" bev="0" fileid="4" />
                <SequencePoint vc="1" uspid="223" ordinal="1" offset="1" sl="111" sc="13" el="111" ec="61" bec="0" bev="0" fileid="4" />
                <SequencePoint vc="1" uspid="224" ordinal="2" offset="23" sl="112" sc="13" el="112" ec="48" bec="0" bev="0" fileid="4" />
                <SequencePoint vc="1" uspid="225" ordinal="3" offset="35" sl="114" sc="13" el="114" ec="26" bec="0" bev="0" fileid="4" />
                <SequencePoint vc="1" uspid="226" ordinal="4" offset="42" sl="115" sc="13" el="115" ec="64" bec="0" bev="0" fileid="4" />
                <SequencePoint vc="1" uspid="227" ordinal="5" offset="66" sl="116" sc="13" el="116" ec="49" bec="0" bev="0" fileid="4" />
                <SequencePoint vc="1" uspid="228" ordinal="6" offset="78" sl="117" sc="9" el="117" ec="10" bec="0" bev="0" fileid="4" />
              </SequencePoints>
              <BranchPoints />
              <MethodPoint xsi:type="SequencePoint" vc="1" uspid="222" ordinal="0" offset="0" sl="110" sc="9" el="110" ec="10" bec="0" bev="0" fileid="4" />
            </Method>
            <Method visited="true" cyclomaticComplexity="1" nPathComplexity="0" sequenceCoverage="100" branchCoverage="100" crapScore="1" isConstructor="false" isStatic="false" isGetter="false" isSetter="false">
              <Summary numSequencePoints="14" visitedSequencePoints="14" numBranchPoints="1" visitedBranchPoints="1" sequenceCoverage="100" branchCoverage="100" maxCyclomaticComplexity="1" minCyclomaticComplexity="1" maxCrapScore="1" minCrapScore="1" visitedClasses="0" numClasses="0" visitedMethods="1" numMethods="1" />
              <MetadataToken>100663327</MetadataToken>
              <Name>System.Void WindowsFormsApp1.Tests.ModelTests::TestChooseShape()</Name>
              <FileRef uid="4" />
              <SequencePoints>
                <SequencePoint vc="1" uspid="229" ordinal="0" offset="0" sl="122" sc="9" el="122" ec="10" bec="0" bev="0" fileid="4" />
                <SequencePoint vc="1" uspid="230" ordinal="1" offset="1" sl="123" sc="13" el="123" ec="48" bec="0" bev="0" fileid="4" />
                <SequencePoint vc="1" uspid="231" ordinal="2" offset="18" sl="124" sc="13" el="124" ec="97" bec="0" bev="0" fileid="4" />
                <SequencePoint vc="1" uspid="232" ordinal="3" offset="45" sl="125" sc="13" el="125" ec="74" bec="0" bev="0" fileid="4" />
                <SequencePoint vc="1" uspid="233" ordinal="4" offset="67" sl="127" sc="13" el="127" ec="53" bec="0" bev="0" fileid="4" />
                <SequencePoint vc="1" uspid="234" ordinal="5" offset="84" sl="128" sc="13" el="128" ec="97" bec="0" bev="0" fileid="4" />
                <SequencePoint vc="1" uspid="235" ordinal="6" offset="111" sl="129" sc="13" el="129" ec="74" bec="0" bev="0" fileid="4" />
                <SequencePoint vc="1" uspid="236" ordinal="7" offset="133" sl="131" sc="13" el="131" ec="51" bec="0" bev="0" fileid="4" />
                <SequencePoint vc="1" uspid="237" ordinal="8" offset="150" sl="132" sc="13" el="132" ec="97" bec="0" bev="0" fileid="4" />
                <SequencePoint vc="1" uspid="238" ordinal="9" offset="177" sl="133" sc="13" el="133" ec="74" bec="0" bev="0" fileid="4" />
                <SequencePoint vc="1" uspid="239" ordinal="10" offset="199" sl="135" sc="13" el="135" ec="51" bec="0" bev="0" fileid="4" />
                <SequencePoint vc="1" uspid="240" ordinal="11" offset="216" sl="136" sc="13" el="136" ec="97" bec="0" bev="0" fileid="4" />
                <SequencePoint vc="1" uspid="241" ordinal="12" offset="243" sl="137" sc="13" el="137" ec="74" bec="0" bev="0" fileid="4" />
                <SequencePoint vc="1" uspid="242" ordinal="13" offset="265" sl="139" sc="9" el="139" ec="10" bec="0" bev="0" fileid="4" />
              </SequencePoints>
              <BranchPoints />
              <MethodPoint xsi:type="SequencePoint" vc="1" uspid="229" ordinal="0" offset="0" sl="122" sc="9" el="122" ec="10" bec="0" bev="0" fileid="4" />
            </Method>
            <Method visited="true" cyclomaticComplexity="1" nPathComplexity="0" sequenceCoverage="100" branchCoverage="100" crapScore="1" isConstructor="false" isStatic="false" isGetter="false" isSetter="false">
              <Summary numSequencePoints="8" visitedSequencePoints="8" numBranchPoints="1" visitedBranchPoints="1" sequenceCoverage="100" branchCoverage="100" maxCyclomaticComplexity="1" minCyclomaticComplexity="1" maxCrapScore="1" minCrapScore="1" visitedClasses="0" numClasses="0" visitedMethods="1" numMethods="1" />
              <MetadataToken>100663328</MetadataToken>
              <Name>System.Void WindowsFormsApp1.Tests.ModelTests::TestPressCanvas()</Name>
              <FileRef uid="4" />
              <SequencePoints>
                <SequencePoint vc="1" uspid="243" ordinal="0" offset="0" sl="144" sc="9" el="144" ec="10" bec="0" bev="0" fileid="4" />
                <SequencePoint vc="1" uspid="244" ordinal="1" offset="1" sl="145" sc="13" el="145" ec="49" bec="0" bev="0" fileid="4" />
                <SequencePoint vc="1" uspid="245" ordinal="2" offset="36" sl="146" sc="13" el="146" ec="54" bec="0" bev="0" fileid="4" />
                <SequencePoint vc="1" uspid="246" ordinal="3" offset="53" sl="148" sc="13" el="148" ec="26" bec="0" bev="0" fileid="4" />
                <SequencePoint vc="1" uspid="247" ordinal="4" offset="60" sl="149" sc="13" el="149" ec="48" bec="0" bev="0" fileid="4" />
                <SequencePoint vc="1" uspid="248" ordinal="5" offset="77" sl="150" sc="13" el="150" ec="49" bec="0" bev="0" fileid="4" />
                <SequencePoint vc="1" uspid="249" ordinal="6" offset="112" sl="151" sc="13" el="151" ec="51" bec="0" bev="0" fileid="4" />
                <SequencePoint vc="1" uspid="250" ordinal="7" offset="129" sl="152" sc="9" el="152" ec="10" bec="0" bev="0" fileid="4" />
              </SequencePoints>
              <BranchPoints />
              <MethodPoint xsi:type="SequencePoint" vc="1" uspid="243" ordinal="0" offset="0" sl="144" sc="9" el="144" ec="10" bec="0" bev="0" fileid="4" />
            </Method>
            <Method visited="true" cyclomaticComplexity="1" nPathComplexity="0" sequenceCoverage="100" branchCoverage="100" crapScore="1" isConstructor="false" isStatic="false" isGetter="false" isSetter="false">
              <Summary numSequencePoints="10" visitedSequencePoints="10" numBranchPoints="1" visitedBranchPoints="1" sequenceCoverage="100" branchCoverage="100" maxCyclomaticComplexity="1" minCyclomaticComplexity="1" maxCrapScore="1" minCrapScore="1" visitedClasses="0" numClasses="0" visitedMethods="1" numMethods="1" />
              <MetadataToken>100663329</MetadataToken>
              <Name>System.Void WindowsFormsApp1.Tests.ModelTests::TestMoveOnCanvas()</Name>
              <FileRef uid="4" />
              <SequencePoints>
                <SequencePoint vc="1" uspid="251" ordinal="0" offset="0" sl="157" sc="9" el="157" ec="10" bec="0" bev="0" fileid="4" />
                <SequencePoint vc="1" uspid="252" ordinal="1" offset="1" sl="158" sc="13" el="158" ec="49" bec="0" bev="0" fileid="4" />
                <SequencePoint vc="1" uspid="253" ordinal="2" offset="36" sl="159" sc="13" el="159" ec="50" bec="0" bev="0" fileid="4" />
                <SequencePoint vc="1" uspid="254" ordinal="3" offset="71" sl="160" sc="13" el="160" ec="52" bec="0" bev="0" fileid="4" />
                <SequencePoint vc="1" uspid="255" ordinal="4" offset="88" sl="162" sc="13" el="162" ec="26" bec="0" bev="0" fileid="4" />
                <SequencePoint vc="1" uspid="256" ordinal="5" offset="95" sl="163" sc="13" el="163" ec="48" bec="0" bev="0" fileid="4" />
                <SequencePoint vc="1" uspid="257" ordinal="6" offset="112" sl="164" sc="13" el="164" ec="49" bec="0" bev="0" fileid="4" />
                <SequencePoint vc="1" uspid="258" ordinal="7" offset="147" sl="165" sc="13" el="165" ec="50" bec="0" bev="0" fileid="4" />
                <SequencePoint vc="1" uspid="259" ordinal="8" offset="182" sl="166" sc="13" el="166" ec="54" bec="0" bev="0" fileid="4" />
                <SequencePoint vc="1" uspid="260" ordinal="9" offset="199" sl="167" sc="9" el="167" ec="10" bec="0" bev="0" fileid="4" />
              </SequencePoints>
              <BranchPoints />
              <MethodPoint xsi:type="SequencePoint" vc="1" uspid="251" ordinal="0" offset="0" sl="157" sc="9" el="157" ec="10" bec="0" bev="0" fileid="4" />
            </Method>
            <Method visited="true" cyclomaticComplexity="1" nPathComplexity="0" sequenceCoverage="100" branchCoverage="100" crapScore="1" isConstructor="false" isStatic="false" isGetter="false" isSetter="false">
              <Summary numSequencePoints="12" visitedSequencePoints="12" numBranchPoints="1" visitedBranchPoints="1" sequenceCoverage="100" branchCoverage="100" maxCyclomaticComplexity="1" minCyclomaticComplexity="1" maxCrapScore="1" minCrapScore="1" visitedClasses="0" numClasses="0" visitedMethods="1" numMethods="1" />
              <MetadataToken>100663330</MetadataToken>
              <Name>System.Void WindowsFormsApp1.Tests.ModelTests::TestReleaseCanvas()</Name>
              <FileRef uid="4" />
              <SequencePoints>
                <SequencePoint vc="1" uspid="261" ordinal="0" offset="0" sl="172" sc="9" el="172" ec="10" bec="0" bev="0" fileid="4" />
                <SequencePoint vc="1" uspid="262" ordinal="1" offset="1" sl="173" sc="13" el="173" ec="49" bec="0" bev="0" fileid="4" />
                <SequencePoint vc="1" uspid="263" ordinal="2" offset="36" sl="174" sc="13" el="174" ec="50" bec="0" bev="0" fileid="4" />
                <SequencePoint vc="1" uspid="264" ordinal="3" offset="71" sl="175" sc="13" el="175" ec="51" bec="0" bev="0" fileid="4" />
                <SequencePoint vc="1" uspid="265" ordinal="4" offset="106" sl="176" sc="13" el="176" ec="33" bec="0" bev="0" fileid="4" />
                <SequencePoint vc="1" uspid="266" ordinal="5" offset="113" sl="178" sc="13" el="178" ec="26" bec="0" bev="0" fileid="4" />
                <SequencePoint vc="1" uspid="267" ordinal="6" offset="120" sl="179" sc="13" el="179" ec="48" bec="0" bev="0" fileid="4" />
                <SequencePoint vc="1" uspid="268" ordinal="7" offset="137" sl="180" sc="13" el="180" ec="49" bec="0" bev="0" fileid="4" />
                <SequencePoint vc="1" uspid="269" ordinal="8" offset="172" sl="181" sc="13" el="181" ec="50" bec="0" bev="0" fileid="4" />
                <SequencePoint vc="1" uspid="270" ordinal="9" offset="207" sl="182" sc="13" el="182" ec="51" bec="0" bev="0" fileid="4" />
                <SequencePoint vc="1" uspid="271" ordinal="10" offset="242" sl="183" sc="13" el="183" ec="57" bec="0" bev="0" fileid="4" />
                <SequencePoint vc="1" uspid="272" ordinal="11" offset="259" sl="184" sc="9" el="184" ec="10" bec="0" bev="0" fileid="4" />
              </SequencePoints>
              <BranchPoints />
              <MethodPoint xsi:type="SequencePoint" vc="1" uspid="261" ordinal="0" offset="0" sl="172" sc="9" el="172" ec="10" bec="0" bev="0" fileid="4" />
            </Method>
            <Method visited="true" cyclomaticComplexity="1" nPathComplexity="0" sequenceCoverage="100" branchCoverage="100" crapScore="1" isConstructor="false" isStatic="false" isGetter="false" isSetter="false">
              <Summary numSequencePoints="15" visitedSequencePoints="15" numBranchPoints="1" visitedBranchPoints="1" sequenceCoverage="100" branchCoverage="100" maxCyclomaticComplexity="1" minCyclomaticComplexity="1" maxCrapScore="1" minCrapScore="1" visitedClasses="0" numClasses="0" visitedMethods="1" numMethods="1" />
              <MetadataToken>100663331</MetadataToken>
              <Name>System.Void WindowsFormsApp1.Tests.ModelTests::TestNotifyDrawingFinish()</Name>
              <FileRef uid="4" />
              <SequencePoints>
                <SequencePoint vc="1" uspid="273" ordinal="0" offset="0" sl="189" sc="9" el="189" ec="10" bec="0" bev="0" fileid="4" />
                <SequencePoint vc="1" uspid="274" ordinal="1" offset="1" sl="190" sc="13" el="190" ec="42" bec="0" bev="0" fileid="4" />
                <SequencePoint vc="1" uspid="275" ordinal="2" offset="13" sl="191" sc="13" el="191" ec="51" bec="0" bev="0" fileid="4" />
                <SequencePoint vc="1" uspid="276" ordinal="3" offset="25" sl="192" sc="13" el="192" ec="74" bec="0" bev="0" fileid="4" />
                <SequencePoint vc="1" uspid="277" ordinal="4" offset="47" sl="194" sc="13" el="194" ec="26" bec="0" bev="0" fileid="4" />
                <SequencePoint vc="1" uspid="278" ordinal="5" offset="54" sl="195" sc="13" el="195" ec="58" bec="0" bev="0" fileid="4" />
                <SequencePoint vc="1" uspid="279" ordinal="6" offset="78" sl="196" sc="13" el="196" ec="42" bec="0" bev="0" fileid="4" />
                <SequencePoint vc="1" uspid="280" ordinal="7" offset="90" sl="197" sc="13" el="197" ec="52" bec="0" bev="0" fileid="4" />
                <SequencePoint vc="1" uspid="281" ordinal="8" offset="102" sl="198" sc="13" el="198" ec="74" bec="0" bev="0" fileid="4" />
                <SequencePoint vc="1" uspid="282" ordinal="9" offset="124" sl="200" sc="13" el="200" ec="26" bec="0" bev="0" fileid="4" />
                <SequencePoint vc="1" uspid="283" ordinal="10" offset="131" sl="201" sc="13" el="201" ec="48" bec="0" bev="0" fileid="4" />
                <SequencePoint vc="1" uspid="284" ordinal="11" offset="148" sl="202" sc="13" el="202" ec="42" bec="0" bev="0" fileid="4" />
                <SequencePoint vc="1" uspid="285" ordinal="12" offset="160" sl="203" sc="13" el="203" ec="51" bec="0" bev="0" fileid="4" />
                <SequencePoint vc="1" uspid="286" ordinal="13" offset="172" sl="204" sc="13" el="204" ec="74" bec="0" bev="0" fileid="4" />
                <SequencePoint vc="1" uspid="287" ordinal="14" offset="194" sl="205" sc="9" el="205" ec="10" bec="0" bev="0" fileid="4" />
              </SequencePoints>
              <BranchPoints />
              <MethodPoint xsi:type="SequencePoint" vc="1" uspid="273" ordinal="0" offset="0" sl="189" sc="9" el="189" ec="10" bec="0" bev="0" fileid="4" />
            </Method>
            <Method visited="true" cyclomaticComplexity="1" nPathComplexity="0" sequenceCoverage="100" branchCoverage="100" crapScore="1" isConstructor="false" isStatic="false" isGetter="false" isSetter="false">
              <Summary numSequencePoints="3" visitedSequencePoints="3" numBranchPoints="1" visitedBranchPoints="1" sequenceCoverage="100" branchCoverage="100" maxCyclomaticComplexity="1" minCyclomaticComplexity="1" maxCrapScore="1" minCrapScore="1" visitedClasses="0" numClasses="0" visitedMethods="1" numMethods="1" />
              <MetadataToken>100663332</MetadataToken>
              <Name>System.Void WindowsFormsApp1.Tests.ModelTests::TestGetShapes()</Name>
              <FileRef uid="4" />
              <SequencePoints>
                <SequencePoint vc="1" uspid="288" ordinal="0" offset="0" sl="210" sc="9" el="210" ec="10" bec="0" bev="0" fileid="4" />
[...]
                <SequencePoint vc="44" uspid="1519" ordinal="2" offset="18" sl="15" sc="9" el="15" ec="41" bec="0" bev="0" fileid="45" />
                <SequencePoint vc="44" uspid="1520" ordinal="3" offset="25" sl="16" sc="9" el="16" ec="10" bec="0" bev="0" fileid="45" />
                <SequencePoint vc="44" uspid="1521" ordinal="4" offset="26" sl="17" sc="13" el="17" ec="28" bec="0" bev="0" fileid="45" />
                <SequencePoint vc="44" uspid="1522" ordinal="5" offset="33" sl="18" sc="9" el="18" ec="10" bec="0" bev="0" fileid="45" />
              </SequencePoints>
              <BranchPoints />
              <MethodPoint xsi:type="SequencePoint" vc="44" uspid="1517" ordinal="0" offset="0" sl="12" sc="9" el="12" ec="39" bec="0" bev="0" fileid="45" />
            </Method>
            <Method visited="true" cyclomaticComplexity="1" nPathComplexity="0" sequenceCoverage="100" branchCoverage="100" crapScore="1" isConstructor="false" isStatic="false" isGetter="false" isSetter="false">
              <Summary numSequencePoints="3" visitedSequencePoints="3" numBranchPoints="1" visitedBranchPoints="1" sequenceCoverage="100" branchCoverage="100" maxCyclomaticComplexity="1" minCyclomaticComplexity="1" maxCrapScore="1" minCrapScore="1" visitedClasses="0" numClasses="0" visitedMethods="1" numMethods="1" />
              <MetadataToken>100663439</MetadataToken>
              <Name>System.String WindowsFormsApp1.ModelObject.State.DrawingState::GetStateName()</Name>
              <FileRef uid="45" />
              <SequencePoints>
                <SequencePoint vc="4" uspid="1523" ordinal="0" offset="0" sl="30" sc="9" el="30" ec="10" bec="0" bev="0" fileid="45" />
                <SequencePoint vc="4" uspid="1524" ordinal="1" offset="1" sl="31" sc="13" el="31" ec="26" bec="0" bev="0" fileid="45" />
                <SequencePoint vc="4" uspid="1525" ordinal="2" offset="9" sl="32" sc="9" el="32" ec="10" bec="0" bev="0" fileid="45" />
              </SequencePoints>
              <BranchPoints />
              <MethodPoint xsi:type="SequencePoint" vc="4" uspid="1523" ordinal="0" offset="0" sl="30" sc="9" el="30" ec="10" bec="0" bev="0" fileid="45" />
            </Method>
            <Method visited="true" cyclomaticComplexity="2" nPathComplexity="2" sequenceCoverage="100" branchCoverage="100" crapScore="2" isConstructor="false" isStatic="false" isGetter="false" isSetter="false">
              <Summary numSequencePoints="6" visitedSequencePoints="6" numBranchPoints="3" visitedBranchPoints="3" sequenceCoverage="100" branchCoverage="100" maxCyclomaticComplexity="2" minCyclomaticComplexity="2" maxCrapScore="2" minCrapScore="2" visitedClasses="0" numClasses="0" visitedMethods="1" numMethods="1" />
              <MetadataToken>100663440</MetadataToken>
              <Name>System.Void WindowsFormsApp1.ModelObject.State.DrawingState::Move(WindowsFormsApp1.Point)</Name>
              <FileRef uid="45" />
              <SequencePoints>
                <SequencePoint vc="5" uspid="1526" ordinal="0" offset="0" sl="36" sc="9" el="36" ec="10" bec="0" bev="0" fileid="45" />
                <SequencePoint vc="5" uspid="1527" ordinal="1" offset="1" sl="37" sc="13" el="37" ec="26" bec="2" bev="2" fileid="45" />
                <SequencePoint vc="4" uspid="1528" ordinal="2" offset="11" sl="38" sc="13" el="38" ec="14" bec="0" bev="0" fileid="45" />
                <SequencePoint vc="4" uspid="1529" ordinal="3" offset="12" sl="39" sc="17" el="39" ec="52" bec="0" bev="0" fileid="45" />
                <SequencePoint vc="4" uspid="1530" ordinal="4" offset="30" sl="40" sc="13" el="40" ec="14" bec="0" bev="0" fileid="45" />
                <SequencePoint vc="5" uspid="1531" ordinal="5" offset="31" sl="41" sc="9" el="41" ec="10" bec="0" bev="0" fileid="45" />
              </SequencePoints>
              <BranchPoints>
                <BranchPoint vc="4" uspid="1532" ordinal="0" offset="9" sl="37" path="0" offsetend="11" fileid="45" />
                <BranchPoint vc="1" uspid="1533" ordinal="1" offset="9" sl="37" path="1" offsetend="31" fileid="45" />
              </BranchPoints>
              <MethodPoint xsi:type="SequencePoint" vc="5" uspid="1526" ordinal="0" offset="0" sl="36" sc="9" el="36" ec="10" bec="0" bev="0" fileid="45" />
            </Method>
            <Method visited="true" cyclomaticComplexity="2" nPathComplexity="2" sequenceCoverage="100" branchCoverage="100" crapScore="2" isConstructor="false" isStatic="false" isGetter="false" isSetter="false">
              <Summary numSequencePoints="7" visitedSequencePoints="7" numBranchPoints="3" visitedBranchPoints="3" sequenceCoverage="100" branchCoverage="100" maxCyclomaticComplexity="2" minCyclomaticComplexity="2" maxCrapScore="2" minCrapScore="2" visitedClasses="0" numClasses="0" visitedMethods="1" numMethods="1" />
              <MetadataToken>100663441</MetadataToken>
              <Name>System.Void WindowsFormsApp1.ModelObject.State.DrawingState::Press(WindowsFormsApp1.Point)</Name>
              <FileRef uid="45" />
              <SequencePoints>
                <SequencePoint vc="8" uspid="1534" ordinal="0" offset="0" sl="45" sc="9" el="45" ec="10" bec="0" bev="0" fileid="45" />
                <SequencePoint vc="8" uspid="1535" ordinal="1" offset="1" sl="46" sc="13" el="46" ec="27" bec="2" bev="2" fileid="45" />
                <SequencePoint vc="7" uspid="1536" ordinal="2" offset="14" sl="47" sc="13" el="47" ec="14" bec="0" bev="0" fileid="45" />
                <SequencePoint vc="7" uspid="1537" ordinal="3" offset="15" sl="48" sc="17" el="48" ec="33" bec="0" bev="0" fileid="45" />
                <SequencePoint vc="7" uspid="1538" ordinal="4" offset="22" sl="49" sc="17" el="49" ec="66" bec="0" bev="0" fileid="45" />
                <SequencePoint vc="7" uspid="1539" ordinal="5" offset="47" sl="50" sc="13" el="50" ec="14" bec="0" bev="0" fileid="45" />
                <SequencePoint vc="8" uspid="1540" ordinal="6" offset="48" sl="51" sc="9" el="51" ec="10" bec="0" bev="0" fileid="45" />
              </SequencePoints>
              <BranchPoints>
                <BranchPoint vc="7" uspid="1541" ordinal="0" offset="12" sl="46" path="0" offsetend="14" fileid="45" />
                <BranchPoint vc="1" uspid="1542" ordinal="1" offset="12" sl="46" path="1" offsetend="48" fileid="45" />
              </BranchPoints>
              <MethodPoint xsi:type="SequencePoint" vc="8" uspid="1534" ordinal="0" offset="0" sl="45" sc="9" el="45" ec="10" bec="0" bev="0" fileid="45" />
            </Method>
            <Method visited="true" cyclomaticComplexity="2" nPathComplexity="2" sequenceCoverage="100" branchCoverage="100" crapScore="2" isConstructor="false" isStatic="false" isGetter="false" isSetter="false">
              <Summary numSequencePoints="8" visitedSequencePoints="8" numBranchPoints="3" visitedBranchPoints="3" sequenceCoverage="100" branchCoverage="100" maxCyclomaticComplexity="2" minCyclomaticComplexity="2" maxCrapScore="2" minCrapScore="2" visitedClasses="0" numClasses="0" visitedMethods="1" numMethods="1" />
              <MetadataToken>100663442</MetadataToken>
              <Name>System.Void WindowsFormsApp1.ModelObject.State.DrawingState::Release()</Name>
              <FileRef uid="45" />
              <SequencePoints>
                <SequencePoint vc="3" uspid="1543" ordinal="0" offset="0" sl="55" sc="9" el="55" ec="10" bec="0" bev="0" fileid="45" />
                <SequencePoint vc="3" uspid="1544" ordinal="1" offset="1" sl="56" sc="13" el="56" ec="26" bec="2" bev="2" fileid="45" />
                <SequencePoint vc="2" uspid="1545" ordinal="2" offset="11" sl="57" sc="13" el="57" ec="14" bec="0" bev="0" fileid="45" />
                <SequencePoint vc="2" uspid="1546" ordinal="3" offset="12" sl="58" sc="17" el="58" ec="34" bec="0" bev="0" fileid="45" />
                <SequencePoint vc="2" uspid="1547" ordinal="4" offset="19" sl="59" sc="17" el="59" ec="48" bec="0" bev="0" fileid="45" />
                <SequencePoint vc="2" uspid="1548" ordinal="5" offset="36" sl="60" sc="17" el="60" ec="46" bec="0" bev="0" fileid="45" />
                <SequencePoint vc="2" uspid="1549" ordinal="6" offset="48" sl="61" sc="13" el="61" ec="14" bec="0" bev="0" fileid="45" />
                <SequencePoint vc="3" uspid="1550" ordinal="7" offset="49" sl="62" sc="9" el="62" ec="10" bec="0" bev="0" fileid="45" />
              </SequencePoints>
              <BranchPoints>
                <BranchPoint vc="2" uspid="1551" ordinal="0" offset="9" sl="56" path="0" offsetend="11" fileid="45" />
                <BranchPoint vc="1" uspid="1552" ordinal="1" offset="9" sl="56" path="1" offsetend="49" fileid="45" />
              </BranchPoints>
              <MethodPoint xsi:type="SequencePoint" vc="3" uspid="1543" ordinal="0" offset="0" sl="55" sc="9" el="55" ec="10" bec="0" bev="0" fileid="45" />
            </Method>
          </Methods>
        </Class>
        <Class>
          <Summary numSequencePoints="32" visitedSequencePoints="32" numBranchPoints="11" visitedBranchPoints="11" sequenceCoverage="100" branchCoverage="100" maxCyclomaticComplexity="2" minCyclomaticComplexity="1" maxCrapScore="2" minCrapScore="1" visitedClasses="1" numClasses="1" visitedMethods="5" numMethods="5" />
          <FullName>WindowsFormsApp1.ModelObject.State.PointerState</FullName>
          <Methods>
            <Method visited="true" cyclomaticComplexity="1" nPathComplexity="0" sequenceCoverage="100" branchCoverage="100" crapScore="1" isConstructor="true" isStatic="false" isGetter="false" isSetter="false">
              <Summary numSequencePoints="7" visitedSequencePoints="7" numBranchPoints="1" visitedBranchPoints="1" sequenceCoverage="100" branchCoverage="100" maxCyclomaticComplexity="1" minCyclomaticComplexity="1" maxCrapScore="1" minCrapScore="1" visitedClasses="0" numClasses="0" visitedMethods="1" numMethods="1" />
              <MetadataToken>100663443</MetadataToken>
              <Name>System.Void WindowsFormsApp1.ModelObject.State.PointerState::.ctor(WindowsFormsApp1.Model)</Name>
              <FileRef uid="46" />
              <SequencePoints>
                <SequencePoint vc="45" uspid="1553" ordinal="0" offset="0" sl="14" sc="9" el="14" ec="39" bec="0" bev="0" fileid="46" />
                <SequencePoint vc="45" uspid="1554" ordinal="1" offset="7" sl="16" sc="9" el="16" ec="41" bec="0" bev="0" fileid="46" />
                <SequencePoint vc="45" uspid="1555" ordinal="2" offset="14" sl="17" sc="9" el="17" ec="10" bec="0" bev="0" fileid="46" />
                <SequencePoint vc="45" uspid="1556" ordinal="3" offset="15" sl="18" sc="13" el="18" ec="28" bec="0" bev="0" fileid="46" />
                <SequencePoint vc="45" uspid="1557" ordinal="4" offset="22" sl="19" sc="13" el="19" ec="43" bec="0" bev="0" fileid="46" />
                <SequencePoint vc="45" uspid="1558" ordinal="5" offset="51" sl="20" sc="13" el="20" ec="41" bec="0" bev="0" fileid="46" />
                <SequencePoint vc="45" uspid="1559" ordinal="6" offset="80" sl="21" sc="9" el="21" ec="10" bec="0" bev="0" fileid="46" />
              </SequencePoints>
              <BranchPoints />
              <MethodPoint xsi:type="SequencePoint" vc="45" uspid="1553" ordinal="0" offset="0" sl="14" sc="9" el="14" ec="39" bec="0" bev="0" fileid="46" />
            </Method>
            <Method visited="true" cyclomaticComplexity="1" nPathComplexity="0" sequenceCoverage="100" branchCoverage="100" crapScore="1" isConstructor="false" isStatic="false" isGetter="false" isSetter="false">
              <Summary numSequencePoints="3" visitedSequencePoints="3" numBranchPoints="1" visitedBranchPoints="1" sequenceCoverage="100" branchCoverage="100" maxCyclomaticComplexity="1" minCyclomaticComplexity="1" maxCrapScore="1" minCrapScore="1" visitedClasses="0" numClasses="0" visitedMethods="1" numMethods="1" />
              <MetadataToken>100663444</MetadataToken>
              <Name>System.String WindowsFormsApp1.ModelObject.State.PointerState::GetStateName()</Name>
              <FileRef uid="46" />
              <SequencePoints>
                <SequencePoint vc="5" uspid="1560" ordinal="0" offset="0" sl="25" sc="9" el="25" ec="10" bec="0" bev="0" fileid="46" />
                <SequencePoint vc="5" uspid="1561" ordinal="1" offset="1" sl="26" sc="13" el="26" ec="26" bec="0" bev="0" fileid="46" />
                <SequencePoint vc="5" uspid="1562" ordinal="2" offset="9" sl="27" sc="9" el="27" ec="10" bec="0" bev="0" fileid="46" />
              </SequencePoints>
              <BranchPoints />
              <MethodPoint xsi:type="SequencePoint" vc="5" uspid="1560" ordinal="0" offset="0" sl="25" sc="9" el="25" ec="10" bec="0" bev="0" fileid="46" />
            </Method>
            <Method visited="true" cyclomaticComplexity="2" nPathComplexity="2" sequenceCoverage="100" branchCoverage="100" crapScore="2" isConstructor="false" isStatic="false" isGetter="false" isSetter="false">
              <Summary numSequencePoints="8" visitedSequencePoints="8" numBranchPoints="3" visitedBranchPoints="3" sequenceCoverage="100" branchCoverage="100" maxCyclomaticComplexity="2" minCyclomaticComplexity="2" maxCrapScore="2" minCrapScore="2" visitedClasses="0" numClasses="0" visitedMethods="1" numMethods="1" />
              <MetadataToken>100663445</MetadataToken>
              <Name>System.Void WindowsFormsApp1.ModelObject.State.PointerState::Move(WindowsFormsApp1.Point)</Name>
              <FileRef uid="46" />
              <SequencePoints>
                <SequencePoint vc="6" uspid="1563" ordinal="0" offset="0" sl="31" sc="9" el="31" ec="10" bec="0" bev="0" fileid="46" />
                <SequencePoint vc="6" uspid="1564" ordinal="1" offset="1" sl="32" sc="13" el="32" ec="26" bec="2" bev="2" fileid="46" />
                <SequencePoint vc="4" uspid="1565" ordinal="2" offset="11" sl="33" sc="13" el="33" ec="14" bec="0" bev="0" fileid="46" />
                <SequencePoint vc="4" uspid="1566" ordinal="3" offset="12" sl="34" sc="17" el="34" ec="37" bec="0" bev="0" fileid="46" />
                <SequencePoint vc="4" uspid="1567" ordinal="4" offset="19" sl="35" sc="17" el="35" ec="110" bec="0" bev="0" fileid="46" />
                <SequencePoint vc="4" uspid="1568" ordinal="5" offset="87" sl="36" sc="17" el="36" ec="39" bec="0" bev="0" fileid="46" />
                <SequencePoint vc="4" uspid="1569" ordinal="6" offset="94" sl="37" sc="13" el="37" ec="14" bec="0" bev="0" fileid="46" />
                <SequencePoint vc="6" uspid="1570" ordinal="7" offset="95" sl="38" sc="9" el="38" ec="10" bec="0" bev="0" fileid="46" />
              </SequencePoints>
              <BranchPoints>
                <BranchPoint vc="4" uspid="1571" ordinal="0" offset="9" sl="32" path="0" offsetend="11" fileid="46" />
                <BranchPoint vc="2" uspid="1572" ordinal="1" offset="9" sl="32" path="1" offsetend="95" fileid="46" />
              </BranchPoints>
              <MethodPoint xsi:type="SequencePoint" vc="6" uspid="1563" ordinal="0" offset="0" sl="31" sc="9" el="31" ec="10" bec="0" bev="0" fileid="46" />
            </Method>
            <Method visited="true" cyclomaticComplexity="2" nPathComplexity="2" sequenceCoverage="100" branchCoverage="100" crapScore="2" isConstructor="false" isStatic="false" isGetter="false" isSetter="false">
              <Summary numSequencePoints="8" visitedSequencePoints="8" numBranchPoints="3" visitedBranchPoints="3" sequenceCoverage="100" branchCoverage="100" maxCyclomaticComplexity="2" minCyclomaticComplexity="2" maxCrapScore="2" minCrapScore="2" visitedClasses="0" numClasses="0" visitedMethods="1" numMethods="1" />
              <MetadataToken>100663446</MetadataToken>
              <Name>System.Void WindowsFormsApp1.ModelObject.State.PointerState::Press(WindowsFormsApp1.Point)</Name>
              <FileRef uid="46" />
              <SequencePoints>
                <SequencePoint vc="9" uspid="1573" ordinal="0" offset="0" sl="42" sc="9" el="42" ec="10" bec="0" bev="0" fileid="46" />
                <SequencePoint vc="9" uspid="1574" ordinal="1" offset="1" sl="43" sc="13" el="43" ec="27" bec="2" bev="2" fileid="46" />
                <SequencePoint vc="8" uspid="1575" ordinal="2" offset="14" sl="44" sc="13" el="44" ec="14" bec="0" bev="0" fileid="46" />
                <SequencePoint vc="8" uspid="1576" ordinal="3" offset="15" sl="45" sc="17" el="45" ec="33" bec="0" bev="0" fileid="46" />
                <SequencePoint vc="8" uspid="1577" ordinal="4" offset="22" sl="46" sc="17" el="46" ec="52" bec="0" bev="0" fileid="46" />
                <SequencePoint vc="8" uspid="1578" ordinal="5" offset="40" sl="47" sc="17" el="47" ec="39" bec="0" bev="0" fileid="46" />
                <SequencePoint vc="8" uspid="1579" ordinal="6" offset="47" sl="48" sc="13" el="48" ec="14" bec="0" bev="0" fileid="46" />
                <SequencePoint vc="9" uspid="1580" ordinal="7" offset="48" sl="49" sc="9" el="49" ec="10" bec="0" bev="0" fileid="46" />
              </SequencePoints>
              <BranchPoints>
                <BranchPoint vc="8" uspid="1581" ordinal="0" offset="12" sl="43" path="0" offsetend="14" fileid="46" />
                <BranchPoint vc="1" uspid="1582" ordinal="1" offset="12" sl="43" path="1" offsetend="48" fileid="46" />
              </BranchPoints>
              <MethodPoint xsi:type="SequencePoint" vc="9" uspid="1573" ordinal="0" offset="0" sl="42" sc="9" el="42" ec="10" bec="0" bev="0" fileid="46" />
            </Method>
            <Method visited="true" cyclomaticComplexity="2" nPathComplexity="2" sequenceCoverage="100" branchCoverage="100" crapScore="2" isConstructor="false" isStatic="false" isGetter="false" isSetter="false">
              <Summary numSequencePoints="6" visitedSequencePoints="6" numBranchPoints="3" visitedBranchPoints="3" sequenceCoverage="100" branchCoverage="100" maxCyclomaticComplexity="2" minCyclomaticComplexity="2" maxCrapScore="2" minCrapScore="2" visitedClasses="0" numClasses="0" visitedMethods="1" numMethods="1" />
              <MetadataToken>100663447</MetadataToken>
              <Name>System.Void WindowsFormsApp1.ModelObject.State.PointerState::Release()</Name>
              <FileRef uid="46" />
              <SequencePoints>
                <SequencePoint vc="3" uspid="1583" ordinal="0" offset="0" sl="53" sc="9" el="53" ec="10" bec="0" bev="0" fileid="46" />
                <SequencePoint vc="3" uspid="1584" ordinal="1" offset="1" sl="54" sc="13" el="54" ec="26" bec="2" bev="2" fileid="46" />
                <SequencePoint vc="2" uspid="1585" ordinal="2" offset="11" sl="55" sc="13" el="55" ec="14" bec="0" bev="0" fileid="46" />
                <SequencePoint vc="2" uspid="1586" ordinal="3" offset="12" sl="56" sc="17" el="56" ec="34" bec="0" bev="0" fileid="46" />
                <SequencePoint vc="2" uspid="1587" ordinal="4" offset="19" sl="57" sc="13" el="57" ec="14" bec="0" bev="0" fileid="46" />
                <SequencePoint vc="3" uspid="1588" ordinal="5" offset="20" sl="58" sc="9" el="58" ec="10" bec="0" bev="0" fileid="46" />
              </SequencePoints>
              <BranchPoints>
                <BranchPoint vc="2" uspid="1589" ordinal="0" offset="9" sl="54" path="0" offsetend="11" fileid="46" />
                <BranchPoint vc="1" uspid="1590" ordinal="1" offset="9" sl="54" path="1" offsetend="20" fileid="46" />
              </BranchPoints>
              <MethodPoint xsi:type="SequencePoint" vc="3" uspid="1583" ordinal="0" offset="0" sl="53" sc="9" el="53" ec="10" bec="0" bev="0" fileid="46" />
            </Method>
          </Methods>
        </Class>
      </Classes>
    </Module>
  </Modules>
</CoverageSession>