<?xml version="1.0" encoding="utf-8"?>
<CoverageSession xmlns:xsd="http://www.w3.org/2001/XMLSchema" xmlns:xsi="http://www.w3.org/2001/XMLSchema-instance" Version="4.7.922.0">
  <Summary numSequencePoints="1928" visitedSequencePoints="1576" numBranchPoints="389" visitedBranchPoints="332" sequenceCoverage="81.74" branchCoverage="85.35" maxCyclomaticComplexity="7" minCyclomaticComplexity="1" maxCrapScore="12" minCrapScore="1" visitedClasses="28" numClasses="34" visitedMethods="242" numMethods="281" />
  <Modules>
    <Module hash="46-C6-9E-DA-57-B7-E8-1E-24-B6-FA-87-2A-23-25-D2-F8-DE-DB-36">
      <Summary numSequencePoints="1097" visitedSequencePoints="1095" numBranchPoints="159" visitedBranchPoints="158" sequenceCoverage="99.82" branchCoverage="99.37" maxCyclomaticComplexity="3" minCyclomaticComplexity="1" maxCrapScore="3" minCrapScore="1" visitedClasses="16" numClasses="16" visitedMethods="154" numMethods="155" />
      <ModulePath>D:\victor\desktop\file\NTUT\3_1\windows_form\110820038\PowerPoint\WindowsFormsApp1Tests1\bin\Debug\fine-code-coverage\build-output\WindowsFormsApp1Tests1.dll</ModulePath>
      <ModuleTime>2023-11-25T11:55:16.1524246Z</ModuleTime>
      <ModuleName>WindowsFormsApp1Tests1</ModuleName>
      <Files>
        <File uid="1" fullPath="D:\victor\desktop\file\NTUT\3_1\windows_form\110820038\PowerPoint\WindowsFormsApp1Tests1\MockGraphicAdaptor.cs" />
        <File uid="2" fullPath="D:\victor\desktop\file\NTUT\3_1\windows_form\110820038\PowerPoint\WindowsFormsApp1Tests1\MockRandom.cs" />
        <File uid="3" fullPath="D:\victor\desktop\file\NTUT\3_1\windows_form\110820038\PowerPoint\WindowsFormsApp1Tests1\MockShapes.cs" />
        <File uid="4" fullPath="D:\victor\desktop\file\NTUT\3_1\windows_form\110820038\PowerPoint\WindowsFormsApp1Tests1\ModelObject\State\DrawingStateTests.cs" />
        <File uid="5" fullPath="D:\victor\desktop\file\NTUT\3_1\windows_form\110820038\PowerPoint\WindowsFormsApp1Tests1\ModelObject\State\PointerStateTests.cs" />
        <File uid="6" fullPath="D:\victor\desktop\file\NTUT\3_1\windows_form\110820038\PowerPoint\WindowsFormsApp1Tests1\IntegrationTest.cs" />
        <File uid="7" fullPath="D:\victor\desktop\file\NTUT\3_1\windows_form\110820038\PowerPoint\WindowsFormsApp1Tests1\ModelObject\FactoryTests.cs" />
        <File uid="8" fullPath="D:\victor\desktop\file\NTUT\3_1\windows_form\110820038\PowerPoint\WindowsFormsApp1Tests1\ModelObject\ModelTests.cs" />
        <File uid="9" fullPath="D:\victor\desktop\file\NTUT\3_1\windows_form\110820038\PowerPoint\WindowsFormsApp1Tests1\ModelObject\ShapeObject\EllipseTests.cs" />
        <File uid="10" fullPath="D:\victor\desktop\file\NTUT\3_1\windows_form\110820038\PowerPoint\WindowsFormsApp1Tests1\ModelObject\ShapeObject\LineTests.cs" />
        <File uid="11" fullPath="D:\victor\desktop\file\NTUT\3_1\windows_form\110820038\PowerPoint\WindowsFormsApp1Tests1\ModelObject\ShapeObject\PointTests.cs" />
        <File uid="12" fullPath="D:\victor\desktop\file\NTUT\3_1\windows_form\110820038\PowerPoint\WindowsFormsApp1Tests1\ModelObject\ShapeObject\RectangleTests.cs" />
        <File uid="13" fullPath="D:\victor\desktop\file\NTUT\3_1\windows_form\110820038\PowerPoint\WindowsFormsApp1Tests1\ModelObject\ShapeObject\ShapeTests.cs" />
        <File uid="14" fullPath="D:\victor\desktop\file\NTUT\3_1\windows_form\110820038\PowerPoint\WindowsFormsApp1Tests1\ModelObject\ShapesTests.cs" />
        <File uid="15" fullPath="D:\victor\desktop\file\NTUT\3_1\windows_form\110820038\PowerPoint\WindowsFormsApp1Tests1\View\ButtonStateTests.cs" />
        <File uid="16" fullPath="D:\victor\desktop\file\NTUT\3_1\windows_form\110820038\PowerPoint\WindowsFormsApp1Tests1\View\PresentationModelTests.cs" />
      </Files>
      <Classes>
        <Class>
          <Summary numSequencePoints="27" visitedSequencePoints="25" numBranchPoints="15" visitedBranchPoints="14" sequenceCoverage="92.59" branchCoverage="93.33" maxCyclomaticComplexity="1" minCyclomaticComplexity="1" maxCrapScore="2" minCrapScore="1" visitedClasses="1" numClasses="1" visitedMethods="14" numMethods="15" />
          <FullName>WindowsFormsApp1Tests1.MockGraphicAdaptor</FullName>
          <Methods>
            <Method visited="true" cyclomaticComplexity="1" nPathComplexity="0" sequenceCoverage="100" branchCoverage="100" crapScore="1" isConstructor="false" isStatic="false" isGetter="true" isSetter="false">
              <Summary numSequencePoints="1" visitedSequencePoints="1" numBranchPoints="1" visitedBranchPoints="1" sequenceCoverage="100" branchCoverage="100" maxCyclomaticComplexity="1" minCyclomaticComplexity="1" maxCrapScore="1" minCrapScore="1" visitedClasses="0" numClasses="0" visitedMethods="1" numMethods="1" />
              <MetadataToken>100663297</MetadataToken>
              <Name>System.Boolean WindowsFormsApp1Tests1.MockGraphicAdaptor::get_IsDrawSelectPoint()</Name>
              <FileRef uid="1" />
              <SequencePoints>
                <SequencePoint vc="3" uspid="1" ordinal="0" offset="0" sl="14" sc="13" el="14" ec="17" bec="0" bev="0" fileid="1" />
              </SequencePoints>
              <BranchPoints />
              <MethodPoint xsi:type="SequencePoint" vc="3" uspid="1" ordinal="0" offset="0" sl="14" sc="13" el="14" ec="17" bec="0" bev="0" fileid="1" />
            </Method>
            <Method visited="true" cyclomaticComplexity="1" nPathComplexity="0" sequenceCoverage="100" branchCoverage="100" crapScore="1" isConstructor="false" isStatic="false" isGetter="false" isSetter="true">
              <Summary numSequencePoints="1" visitedSequencePoints="1" numBranchPoints="1" visitedBranchPoints="1" sequenceCoverage="100" branchCoverage="100" maxCyclomaticComplexity="1" minCyclomaticComplexity="1" maxCrapScore="1" minCrapScore="1" visitedClasses="0" numClasses="0" visitedMethods="1" numMethods="1" />
              <MetadataToken>100663298</MetadataToken>
              <Name>System.Void WindowsFormsApp1Tests1.MockGraphicAdaptor::set_IsDrawSelectPoint(System.Boolean)</Name>
              <FileRef uid="1" />
              <SequencePoints>
                <SequencePoint vc="2" uspid="2" ordinal="0" offset="0" sl="14" sc="18" el="14" ec="22" bec="0" bev="0" fileid="1" />
              </SequencePoints>
              <BranchPoints />
              <MethodPoint xsi:type="SequencePoint" vc="2" uspid="2" ordinal="0" offset="0" sl="14" sc="18" el="14" ec="22" bec="0" bev="0" fileid="1" />
            </Method>
            <Method visited="true" cyclomaticComplexity="1" nPathComplexity="0" sequenceCoverage="100" branchCoverage="100" crapScore="1" isConstructor="false" isStatic="false" isGetter="true" isSetter="false">
              <Summary numSequencePoints="1" visitedSequencePoints="1" numBranchPoints="1" visitedBranchPoints="1" sequenceCoverage="100" branchCoverage="100" maxCyclomaticComplexity="1" minCyclomaticComplexity="1" maxCrapScore="1" minCrapScore="1" visitedClasses="0" numClasses="0" visitedMethods="1" numMethods="1" />
              <MetadataToken>100663299</MetadataToken>
              <Name>System.Boolean WindowsFormsApp1Tests1.MockGraphicAdaptor::get_IsDrawLine()</Name>
              <FileRef uid="1" />
              <SequencePoints>
                <SequencePoint vc="1" uspid="3" ordinal="0" offset="0" sl="18" sc="13" el="18" ec="17" bec="0" bev="0" fileid="1" />
              </SequencePoints>
              <BranchPoints />
              <MethodPoint xsi:type="SequencePoint" vc="1" uspid="3" ordinal="0" offset="0" sl="18" sc="13" el="18" ec="17" bec="0" bev="0" fileid="1" />
            </Method>
            <Method visited="true" cyclomaticComplexity="1" nPathComplexity="0" sequenceCoverage="100" branchCoverage="100" crapScore="1" isConstructor="false" isStatic="false" isGetter="false" isSetter="true">
              <Summary numSequencePoints="1" visitedSequencePoints="1" numBranchPoints="1" visitedBranchPoints="1" sequenceCoverage="100" branchCoverage="100" maxCyclomaticComplexity="1" minCyclomaticComplexity="1" maxCrapScore="1" minCrapScore="1" visitedClasses="0" numClasses="0" visitedMethods="1" numMethods="1" />
              <MetadataToken>100663300</MetadataToken>
              <Name>System.Void WindowsFormsApp1Tests1.MockGraphicAdaptor::set_IsDrawLine(System.Boolean)</Name>
              <FileRef uid="1" />
              <SequencePoints>
                <SequencePoint vc="4" uspid="4" ordinal="0" offset="0" sl="18" sc="18" el="18" ec="22" bec="0" bev="0" fileid="1" />
              </SequencePoints>
              <BranchPoints />
              <MethodPoint xsi:type="SequencePoint" vc="4" uspid="4" ordinal="0" offset="0" sl="18" sc="18" el="18" ec="22" bec="0" bev="0" fileid="1" />
            </Method>
            <Method visited="true" cyclomaticComplexity="1" nPathComplexity="0" sequenceCoverage="100" branchCoverage="100" crapScore="1" isConstructor="false" isStatic="false" isGetter="true" isSetter="false">
              <Summary numSequencePoints="1" visitedSequencePoints="1" numBranchPoints="1" visitedBranchPoints="1" sequenceCoverage="100" branchCoverage="100" maxCyclomaticComplexity="1" minCyclomaticComplexity="1" maxCrapScore="1" minCrapScore="1" visitedClasses="0" numClasses="0" visitedMethods="1" numMethods="1" />
              <MetadataToken>100663301</MetadataToken>
              <Name>System.Boolean WindowsFormsApp1Tests1.MockGraphicAdaptor::get_IsDrawEllipse()</Name>
              <FileRef uid="1" />
              <SequencePoints>
                <SequencePoint vc="1" uspid="5" ordinal="0" offset="0" sl="22" sc="13" el="22" ec="17" bec="0" bev="0" fileid="1" />
              </SequencePoints>
              <BranchPoints />
              <MethodPoint xsi:type="SequencePoint" vc="1" uspid="5" ordinal="0" offset="0" sl="22" sc="13" el="22" ec="17" bec="0" bev="0" fileid="1" />
            </Method>
            <Method visited="true" cyclomaticComplexity="1" nPathComplexity="0" sequenceCoverage="100" branchCoverage="100" crapScore="1" isConstructor="false" isStatic="false" isGetter="false" isSetter="true">
              <Summary numSequencePoints="1" visitedSequencePoints="1" numBranchPoints="1" visitedBranchPoints="1" sequenceCoverage="100" branchCoverage="100" maxCyclomaticComplexity="1" minCyclomaticComplexity="1" maxCrapScore="1" minCrapScore="1" visitedClasses="0" numClasses="0" visitedMethods="1" numMethods="1" />
              <MetadataToken>100663302</MetadataToken>
              <Name>System.Void WindowsFormsApp1Tests1.MockGraphicAdaptor::set_IsDrawEllipse(System.Boolean)</Name>
              <FileRef uid="1" />
              <SequencePoints>
                <SequencePoint vc="3" uspid="6" ordinal="0" offset="0" sl="22" sc="18" el="22" ec="22" bec="0" bev="0" fileid="1" />
              </SequencePoints>
              <BranchPoints />
              <MethodPoint xsi:type="SequencePoint" vc="3" uspid="6" ordinal="0" offset="0" sl="22" sc="18" el="22" ec="22" bec="0" bev="0" fileid="1" />
            </Method>
            <Method visited="true" cyclomaticComplexity="1" nPathComplexity="0" sequenceCoverage="100" branchCoverage="100" crapScore="1" isConstructor="false" isStatic="false" isGetter="true" isSetter="false">
              <Summary numSequencePoints="1" visitedSequencePoints="1" numBranchPoints="1" visitedBranchPoints="1" sequenceCoverage="100" branchCoverage="100" maxCyclomaticComplexity="1" minCyclomaticComplexity="1" maxCrapScore="1" minCrapScore="1" visitedClasses="0" numClasses="0" visitedMethods="1" numMethods="1" />
              <MetadataToken>100663303</MetadataToken>
              <Name>System.Boolean WindowsFormsApp1Tests1.MockGraphicAdaptor::get_IsDrawRectangle()</Name>
              <FileRef uid="1" />
              <SequencePoints>
                <SequencePoint vc="1" uspid="7" ordinal="0" offset="0" sl="26" sc="13" el="26" ec="17" bec="0" bev="0" fileid="1" />
              </SequencePoints>
              <BranchPoints />
              <MethodPoint xsi:type="SequencePoint" vc="1" uspid="7" ordinal="0" offset="0" sl="26" sc="13" el="26" ec="17" bec="0" bev="0" fileid="1" />
            </Method>
            <Method visited="true" cyclomaticComplexity="1" nPathComplexity="0" sequenceCoverage="100" branchCoverage="100" crapScore="1" isConstructor="false" isStatic="false" isGetter="false" isSetter="true">
              <Summary numSequencePoints="1" visitedSequencePoints="1" numBranchPoints="1" visitedBranchPoints="1" sequenceCoverage="100" branchCoverage="100" maxCyclomaticComplexity="1" minCyclomaticComplexity="1" maxCrapScore="1" minCrapScore="1" visitedClasses="0" numClasses="0" visitedMethods="1" numMethods="1" />
              <MetadataToken>100663304</MetadataToken>
              <Name>System.Void WindowsFormsApp1Tests1.MockGraphicAdaptor::set_IsDrawRectangle(System.Boolean)</Name>
              <FileRef uid="1" />
              <SequencePoints>
                <SequencePoint vc="5" uspid="8" ordinal="0" offset="0" sl="26" sc="18" el="26" ec="22" bec="0" bev="0" fileid="1" />
              </SequencePoints>
              <BranchPoints />
              <MethodPoint xsi:type="SequencePoint" vc="5" uspid="8" ordinal="0" offset="0" sl="26" sc="18" el="26" ec="22" bec="0" bev="0" fileid="1" />
            </Method>
            <Method visited="true" cyclomaticComplexity="1" nPathComplexity="0" sequenceCoverage="100" branchCoverage="100" crapScore="1" isConstructor="false" isStatic="false" isGetter="true" isSetter="false">
              <Summary numSequencePoints="1" visitedSequencePoints="1" numBranchPoints="1" visitedBranchPoints="1" sequenceCoverage="100" branchCoverage="100" maxCyclomaticComplexity="1" minCyclomaticComplexity="1" maxCrapScore="1" minCrapScore="1" visitedClasses="0" numClasses="0" visitedMethods="1" numMethods="1" />
              <MetadataToken>100663305</MetadataToken>
              <Name>System.Int32 WindowsFormsApp1Tests1.MockGraphicAdaptor::get_TotalDrawShape()</Name>
              <FileRef uid="1" />
              <SequencePoints>
                <SequencePoint vc="15" uspid="9" ordinal="0" offset="0" sl="30" sc="13" el="30" ec="17" bec="0" bev="0" fileid="1" />
              </SequencePoints>
              <BranchPoints />
              <MethodPoint xsi:type="SequencePoint" vc="15" uspid="9" ordinal="0" offset="0" sl="30" sc="13" el="30" ec="17" bec="0" bev="0" fileid="1" />
            </Method>
            <Method visited="true" cyclomaticComplexity="1" nPathComplexity="0" sequenceCoverage="100" branchCoverage="100" crapScore="1" isConstructor="false" isStatic="false" isGetter="false" isSetter="true">
              <Summary numSequencePoints="1" visitedSequencePoints="1" numBranchPoints="1" visitedBranchPoints="1" sequenceCoverage="100" branchCoverage="100" maxCyclomaticComplexity="1" minCyclomaticComplexity="1" maxCrapScore="1" minCrapScore="1" visitedClasses="0" numClasses="0" visitedMethods="1" numMethods="1" />
              <MetadataToken>100663306</MetadataToken>
              <Name>System.Void WindowsFormsApp1Tests1.MockGraphicAdaptor::set_TotalDrawShape(System.Int32)</Name>
              <FileRef uid="1" />
              <SequencePoints>
                <SequencePoint vc="12" uspid="10" ordinal="0" offset="0" sl="30" sc="18" el="30" ec="22" bec="0" bev="0" fileid="1" />
              </SequencePoints>
              <BranchPoints />
              <MethodPoint xsi:type="SequencePoint" vc="12" uspid="10" ordinal="0" offset="0" sl="30" sc="18" el="30" ec="22" bec="0" bev="0" fileid="1" />
            </Method>
            <Method visited="false" cyclomaticComplexity="1" nPathComplexity="0" sequenceCoverage="0" branchCoverage="0" crapScore="2" isConstructor="false" isStatic="false" isGetter="false" isSetter="false">
              <Summary numSequencePoints="2" visitedSequencePoints="0" numBranchPoints="1" visitedBranchPoints="0" sequenceCoverage="0" branchCoverage="0" maxCyclomaticComplexity="1" minCyclomaticComplexity="1" maxCrapScore="2" minCrapScore="2" visitedClasses="0" numClasses="0" visitedMethods="0" numMethods="1" />
              <MetadataToken>100663307</MetadataToken>
              <Name>System.Void WindowsFormsApp1Tests1.MockGraphicAdaptor::ClearAll()</Name>
              <FileRef uid="1" />
              <SequencePoints>
                <SequencePoint vc="0" uspid="11" ordinal="0" offset="0" sl="35" sc="9" el="35" ec="10" bec="0" bev="0" fileid="1" />
                <SequencePoint vc="0" uspid="12" ordinal="1" offset="1" sl="36" sc="9" el="36" ec="10" bec="0" bev="0" fileid="1" />
              </SequencePoints>
              <BranchPoints />
              <MethodPoint xsi:type="SequencePoint" vc="0" uspid="11" ordinal="0" offset="0" sl="35" sc="9" el="35" ec="10" bec="0" bev="0" fileid="1" />
            </Method>
            <Method visited="true" cyclomaticComplexity="1" nPathComplexity="0" sequenceCoverage="100" branchCoverage="100" crapScore="1" isConstructor="false" isStatic="false" isGetter="false" isSetter="false">
              <Summary numSequencePoints="4" visitedSequencePoints="4" numBranchPoints="1" visitedBranchPoints="1" sequenceCoverage="100" branchCoverage="100" maxCyclomaticComplexity="1" minCyclomaticComplexity="1" maxCrapScore="1" minCrapScore="1" visitedClasses="0" numClasses="0" visitedMethods="1" numMethods="1" />
              <MetadataToken>100663308</MetadataToken>
              <Name>System.Void WindowsFormsApp1Tests1.MockGraphicAdaptor::DrawEllipse(WindowsFormsApp1.Point,WindowsFormsApp1.Point)</Name>
              <FileRef uid="1" />
              <SequencePoints>
                <SequencePoint vc="3" uspid="13" ordinal="0" offset="0" sl="40" sc="9" el="40" ec="10" bec="0" bev="0" fileid="1" />
                <SequencePoint vc="3" uspid="14" ordinal="1" offset="1" sl="41" sc="13" el="41" ec="34" bec="0" bev="0" fileid="1" />
                <SequencePoint vc="3" uspid="15" ordinal="2" offset="9" sl="42" sc="13" el="42" ec="30" bec="0" bev="0" fileid="1" />
                <SequencePoint vc="3" uspid="16" ordinal="3" offset="26" sl="43" sc="9" el="43" ec="10" bec="0" bev="0" fileid="1" />
              </SequencePoints>
              <BranchPoints />
              <MethodPoint xsi:type="SequencePoint" vc="3" uspid="13" ordinal="0" offset="0" sl="40" sc="9" el="40" ec="10" bec="0" bev="0" fileid="1" />
            </Method>
            <Method visited="true" cyclomaticComplexity="1" nPathComplexity="0" sequenceCoverage="100" branchCoverage="100" crapScore="1" isConstructor="false" isStatic="false" isGetter="false" isSetter="false">
              <Summary numSequencePoints="4" visitedSequencePoints="4" numBranchPoints="1" visitedBranchPoints="1" sequenceCoverage="100" branchCoverage="100" maxCyclomaticComplexity="1" minCyclomaticComplexity="1" maxCrapScore="1" minCrapScore="1" visitedClasses="0" numClasses="0" visitedMethods="1" numMethods="1" />
              <MetadataToken>100663309</MetadataToken>
              <Name>System.Void WindowsFormsApp1Tests1.MockGraphicAdaptor::DrawLine(WindowsFormsApp1.Point,WindowsFormsApp1.Point)</Name>
              <FileRef uid="1" />
              <SequencePoints>
                <SequencePoint vc="4" uspid="17" ordinal="0" offset="0" sl="47" sc="9" el="47" ec="10" bec="0" bev="0" fileid="1" />
                <SequencePoint vc="4" uspid="18" ordinal="1" offset="1" sl="48" sc="13" el="48" ec="31" bec="0" bev="0" fileid="1" />
                <SequencePoint vc="4" uspid="19" ordinal="2" offset="9" sl="49" sc="13" el="49" ec="30" bec="0" bev="0" fileid="1" />
                <SequencePoint vc="4" uspid="20" ordinal="3" offset="26" sl="50" sc="9" el="50" ec="10" bec="0" bev="0" fileid="1" />
              </SequencePoints>
              <BranchPoints />
              <MethodPoint xsi:type="SequencePoint" vc="4" uspid="17" ordinal="0" offset="0" sl="47" sc="9" el="47" ec="10" bec="0" bev="0" fileid="1" />
            </Method>
            <Method visited="true" cyclomaticComplexity="1" nPathComplexity="0" sequenceCoverage="100" branchCoverage="100" crapScore="1" isConstructor="false" isStatic="false" isGetter="false" isSetter="false">
              <Summary numSequencePoints="4" visitedSequencePoints="4" numBranchPoints="1" visitedBranchPoints="1" sequenceCoverage="100" branchCoverage="100" maxCyclomaticComplexity="1" minCyclomaticComplexity="1" maxCrapScore="1" minCrapScore="1" visitedClasses="0" numClasses="0" visitedMethods="1" numMethods="1" />
              <MetadataToken>100663310</MetadataToken>
              <Name>System.Void WindowsFormsApp1Tests1.MockGraphicAdaptor::DrawRectangle(WindowsFormsApp1.Point,WindowsFormsApp1.Point)</Name>
              <FileRef uid="1" />
              <SequencePoints>
                <SequencePoint vc="5" uspid="21" ordinal="0" offset="0" sl="54" sc="9" el="54" ec="10" bec="0" bev="0" fileid="1" />
                <SequencePoint vc="5" uspid="22" ordinal="1" offset="1" sl="55" sc="13" el="55" ec="36" bec="0" bev="0" fileid="1" />
                <SequencePoint vc="5" uspid="23" ordinal="2" offset="9" sl="56" sc="13" el="56" ec="30" bec="0" bev="0" fileid="1" />
                <SequencePoint vc="5" uspid="24" ordinal="3" offset="26" sl="57" sc="9" el="57" ec="10" bec="0" bev="0" fileid="1" />
              </SequencePoints>
              <BranchPoints />
              <MethodPoint xsi:type="SequencePoint" vc="5" uspid="21" ordinal="0" offset="0" sl="54" sc="9" el="54" ec="10" bec="0" bev="0" fileid="1" />
            </Method>
            <Method visited="true" cyclomaticComplexity="1" nPathComplexity="0" sequenceCoverage="100" branchCoverage="100" crapScore="1" isConstructor="false" isStatic="false" isGetter="false" isSetter="false">
              <Summary numSequencePoints="3" visitedSequencePoints="3" numBranchPoints="1" visitedBranchPoints="1" sequenceCoverage="100" branchCoverage="100" maxCyclomaticComplexity="1" minCyclomaticComplexity="1" maxCrapScore="1" minCrapScore="1" visitedClasses="0" numClasses="0" visitedMethods="1" numMethods="1" />
              <MetadataToken>100663311</MetadataToken>
              <Name>System.Void WindowsFormsApp1Tests1.MockGraphicAdaptor::DrawSelectPoint(WindowsFormsApp1.Point,WindowsFormsApp1.Point,System.Single)</Name>
              <FileRef uid="1" />
              <SequencePoints>
                <SequencePoint vc="2" uspid="25" ordinal="0" offset="0" sl="61" sc="9" el="61" ec="10" bec="0" bev="0" fileid="1" />
                <SequencePoint vc="2" uspid="26" ordinal="1" offset="1" sl="62" sc="13" el="62" ec="38" bec="0" bev="0" fileid="1" />
                <SequencePoint vc="2" uspid="27" ordinal="2" offset="9" sl="63" sc="9" el="63" ec="10" bec="0" bev="0" fileid="1" />
              </SequencePoints>
              <BranchPoints />
              <MethodPoint xsi:type="SequencePoint" vc="2" uspid="25" ordinal="0" offset="0" sl="61" sc="9" el="61" ec="10" bec="0" bev="0" fileid="1" />
            </Method>
            <Method visited="false" cyclomaticComplexity="1" nPathComplexity="0" sequenceCoverage="0" branchCoverage="0" crapScore="2" isConstructor="true" isStatic="false" isGetter="false" isSetter="false">
              <Summary numSequencePoints="0" visitedSequencePoints="0" numBranchPoints="0" visitedBranchPoints="0" sequenceCoverage="0" branchCoverage="0" maxCyclomaticComplexity="1" minCyclomaticComplexity="1" maxCrapScore="2" minCrapScore="2" visitedClasses="0" numClasses="0" visitedMethods="0" numMethods="0" />
              <MetadataToken>100663312</MetadataToken>
              <Name>System.Void WindowsFormsApp1Tests1.MockGraphicAdaptor::.ctor()</Name>
              <SequencePoints />
              <BranchPoints />
              <MethodPoint vc="0" uspid="28" ordinal="0" offset="0" />
            </Method>
          </Methods>
        </Class>
        <Class>
          <Summary numSequencePoints="3" visitedSequencePoints="3" numBranchPoints="1" visitedBranchPoints="1" sequenceCoverage="100" branchCoverage="100" maxCyclomaticComplexity="1" minCyclomaticComplexity="1" maxCrapScore="2" minCrapScore="1" visitedClasses="1" numClasses="1" visitedMethods="1" numMethods="1" />
          <FullName>WindowsFormsApp1Tests1.MockRandom</FullName>
          <Methods>
            <Method visited="true" cyclomaticComplexity="1" nPathComplexity="0" sequenceCoverage="100" branchCoverage="100" crapScore="1" isConstructor="false" isStatic="false" isGetter="false" isSetter="false">
              <Summary numSequencePoints="3" visitedSequencePoints="3" numBranchPoints="1" visitedBranchPoints="1" sequenceCoverage="100" branchCoverage="100" maxCyclomaticComplexity="1" minCyclomaticComplexity="1" maxCrapScore="1" minCrapScore="1" visitedClasses="0" numClasses="0" visitedMethods="1" numMethods="1" />
              <MetadataToken>100663313</MetadataToken>
              <Name>System.Int32 WindowsFormsApp1Tests1.MockRandom::Next(System.Int32)</Name>
              <FileRef uid="2" />
              <SequencePoints>
                <SequencePoint vc="34" uspid="29" ordinal="0" offset="0" sl="13" sc="9" el="13" ec="10" bec="0" bev="0" fileid="2" />
                <SequencePoint vc="34" uspid="30" ordinal="1" offset="1" sl="14" sc="13" el="14" ec="31" bec="0" bev="0" fileid="2" />
                <SequencePoint vc="34" uspid="31" ordinal="2" offset="5" sl="15" sc="9" el="15" ec="10" bec="0" bev="0" fileid="2" />
              </SequencePoints>
              <BranchPoints />
              <MethodPoint xsi:type="SequencePoint" vc="34" uspid="29" ordinal="0" offset="0" sl="13" sc="9" el="13" ec="10" bec="0" bev="0" fileid="2" />
            </Method>
            <Method visited="false" cyclomaticComplexity="1" nPathComplexity="0" sequenceCoverage="0" branchCoverage="0" crapScore="2" isConstructor="true" isStatic="false" isGetter="false" isSetter="false">
              <Summary numSequencePoints="0" visitedSequencePoints="0" numBranchPoints="0" visitedBranchPoints="0" sequenceCoverage="0" branchCoverage="0" maxCyclomaticComplexity="1" minCyclomaticComplexity="1" maxCrapScore="2" minCrapScore="2" visitedClasses="0" numClasses="0" visitedMethods="0" numMethods="0" />
              <MetadataToken>100663314</MetadataToken>
              <Name>System.Void WindowsFormsApp1Tests1.MockRandom::.ctor()</Name>
              <SequencePoints />
              <BranchPoints />
              <MethodPoint vc="0" uspid="32" ordinal="0" offset="0" />
            </Method>
          </Methods>
        </Class>
        <Class>
          <Summary numSequencePoints="89" visitedSequencePoints="89" numBranchPoints="38" visitedBranchPoints="38" sequenceCoverage="100" branchCoverage="100" maxCyclomaticComplexity="1" minCyclomaticComplexity="1" maxCrapScore="1" minCrapScore="1" visitedClasses="1" numClasses="1" visitedMethods="38" numMethods="38" />
          <FullName>WindowsFormsApp1Tests1.MockShapes</FullName>
          <Methods>
            <Method visited="true" cyclomaticComplexity="1" nPathComplexity="0" sequenceCoverage="100" branchCoverage="100" crapScore="1" isConstructor="false" isStatic="false" isGetter="true" isSetter="false">
              <Summary numSequencePoints="1" visitedSequencePoints="1" numBranchPoints="1" visitedBranchPoints="1" sequenceCoverage="100" branchCoverage="100" maxCyclomaticComplexity="1" minCyclomaticComplexity="1" maxCrapScore="1" minCrapScore="1" visitedClasses="0" numClasses="0" visitedMethods="1" numMethods="1" />
              <MetadataToken>100663316</MetadataToken>
              <Name>System.Boolean WindowsFormsApp1Tests1.MockShapes::get_IsAddShape()</Name>
              <FileRef uid="3" />
              <SequencePoints>
                <SequencePoint vc="4" uspid="33" ordinal="0" offset="0" sl="32" sc="13" el="32" ec="17" bec="0" bev="0" fileid="3" />
              </SequencePoints>
              <BranchPoints />
              <MethodPoint xsi:type="SequencePoint" vc="4" uspid="33" ordinal="0" offset="0" sl="32" sc="13" el="32" ec="17" bec="0" bev="0" fileid="3" />
            </Method>
            <Method visited="true" cyclomaticComplexity="1" nPathComplexity="0" sequenceCoverage="100" branchCoverage="100" crapScore="1" isConstructor="false" isStatic="false" isGetter="false" isSetter="true">
              <Summary numSequencePoints="1" visitedSequencePoints="1" numBranchPoints="1" visitedBranchPoints="1" sequenceCoverage="100" branchCoverage="100" maxCyclomaticComplexity="1" minCyclomaticComplexity="1" maxCrapScore="1" minCrapScore="1" visitedClasses="0" numClasses="0" visitedMethods="1" numMethods="1" />
              <MetadataToken>100663317</MetadataToken>
              <Name>System.Void WindowsFormsApp1Tests1.MockShapes::set_IsAddShape(System.Boolean)</Name>
              <FileRef uid="3" />
              <SequencePoints>
                <SequencePoint vc="68" uspid="34" ordinal="0" offset="0" sl="32" sc="18" el="32" ec="22" bec="0" bev="0" fileid="3" />
              </SequencePoints>
              <BranchPoints />
              <MethodPoint xsi:type="SequencePoint" vc="68" uspid="34" ordinal="0" offset="0" sl="32" sc="18" el="32" ec="22" bec="0" bev="0" fileid="3" />
            </Method>
            <Method visited="true" cyclomaticComplexity="1" nPathComplexity="0" sequenceCoverage="100" branchCoverage="100" crapScore="1" isConstructor="false" isStatic="false" isGetter="true" isSetter="false">
              <Summary numSequencePoints="1" visitedSequencePoints="1" numBranchPoints="1" visitedBranchPoints="1" sequenceCoverage="100" branchCoverage="100" maxCyclomaticComplexity="1" minCyclomaticComplexity="1" maxCrapScore="1" minCrapScore="1" visitedClasses="0" numClasses="0" visitedMethods="1" numMethods="1" />
              <MetadataToken>100663318</MetadataToken>
              <Name>System.String WindowsFormsApp1Tests1.MockShapes::get_AddShapeInput()</Name>
              <FileRef uid="3" />
              <SequencePoints>
                <SequencePoint vc="2" uspid="35" ordinal="0" offset="0" sl="37" sc="13" el="37" ec="17" bec="0" bev="0" fileid="3" />
              </SequencePoints>
              <BranchPoints />
              <MethodPoint xsi:type="SequencePoint" vc="2" uspid="35" ordinal="0" offset="0" sl="37" sc="13" el="37" ec="17" bec="0" bev="0" fileid="3" />
            </Method>
            <Method visited="true" cyclomaticComplexity="1" nPathComplexity="0" sequenceCoverage="100" branchCoverage="100" crapScore="1" isConstructor="false" isStatic="false" isGetter="false" isSetter="true">
              <Summary numSequencePoints="1" visitedSequencePoints="1" numBranchPoints="1" visitedBranchPoints="1" sequenceCoverage="100" branchCoverage="100" maxCyclomaticComplexity="1" minCyclomaticComplexity="1" maxCrapScore="1" minCrapScore="1" visitedClasses="0" numClasses="0" visitedMethods="1" numMethods="1" />
              <MetadataToken>100663319</MetadataToken>
              <Name>System.Void WindowsFormsApp1Tests1.MockShapes::set_AddShapeInput(System.String)</Name>
              <FileRef uid="3" />
              <SequencePoints>
                <SequencePoint vc="67" uspid="36" ordinal="0" offset="0" sl="37" sc="18" el="37" ec="22" bec="0" bev="0" fileid="3" />
              </SequencePoints>
              <BranchPoints />
              <MethodPoint xsi:type="SequencePoint" vc="67" uspid="36" ordinal="0" offset="0" sl="37" sc="18" el="37" ec="22" bec="0" bev="0" fileid="3" />
            </Method>
            <Method visited="true" cyclomaticComplexity="1" nPathComplexity="0" sequenceCoverage="100" branchCoverage="100" crapScore="1" isConstructor="false" isStatic="false" isGetter="true" isSetter="false">
              <Summary numSequencePoints="1" visitedSequencePoints="1" numBranchPoints="1" visitedBranchPoints="1" sequenceCoverage="100" branchCoverage="100" maxCyclomaticComplexity="1" minCyclomaticComplexity="1" maxCrapScore="1" minCrapScore="1" visitedClasses="0" numClasses="0" visitedMethods="1" numMethods="1" />
              <MetadataToken>100663320</MetadataToken>
              <Name>System.Boolean WindowsFormsApp1Tests1.MockShapes::get_IsAddShapeRandom()</Name>
              <FileRef uid="3" />
              <SequencePoints>
                <SequencePoint vc="1" uspid="37" ordinal="0" offset="0" sl="41" sc="13" el="41" ec="17" bec="0" bev="0" fileid="3" />
              </SequencePoints>
              <BranchPoints />
              <MethodPoint xsi:type="SequencePoint" vc="1" uspid="37" ordinal="0" offset="0" sl="41" sc="13" el="41" ec="17" bec="0" bev="0" fileid="3" />
            </Method>
            <Method visited="true" cyclomaticComplexity="1" nPathComplexity="0" sequenceCoverage="100" branchCoverage="100" crapScore="1" isConstructor="false" isStatic="false" isGetter="false" isSetter="true">
              <Summary numSequencePoints="1" visitedSequencePoints="1" numBranchPoints="1" visitedBranchPoints="1" sequenceCoverage="100" branchCoverage="100" maxCyclomaticComplexity="1" minCyclomaticComplexity="1" maxCrapScore="1" minCrapScore="1" visitedClasses="0" numClasses="0" visitedMethods="1" numMethods="1" />
              <MetadataToken>100663321</MetadataToken>
              <Name>System.Void WindowsFormsApp1Tests1.MockShapes::set_IsAddShapeRandom(System.Boolean)</Name>
              <FileRef uid="3" />
              <SequencePoints>
                <SequencePoint vc="45" uspid="38" ordinal="0" offset="0" sl="41" sc="18" el="41" ec="22" bec="0" bev="0" fileid="3" />
              </SequencePoints>
              <BranchPoints />
              <MethodPoint xsi:type="SequencePoint" vc="45" uspid="38" ordinal="0" offset="0" sl="41" sc="18" el="41" ec="22" bec="0" bev="0" fileid="3" />
            </Method>
            <Method visited="true" cyclomaticComplexity="1" nPathComplexity="0" sequenceCoverage="100" branchCoverage="100" crapScore="1" isConstructor="false" isStatic="false" isGetter="true" isSetter="false">
              <Summary numSequencePoints="1" visitedSequencePoints="1" numBranchPoints="1" visitedBranchPoints="1" sequenceCoverage="100" branchCoverage="100" maxCyclomaticComplexity="1" minCyclomaticComplexity="1" maxCrapScore="1" minCrapScore="1" visitedClasses="0" numClasses="0" visitedMethods="1" numMethods="1" />
              <MetadataToken>100663322</MetadataToken>
              <Name>System.Boolean WindowsFormsApp1Tests1.MockShapes::get_IsDeleteShape()</Name>
              <FileRef uid="3" />
              <SequencePoints>
                <SequencePoint vc="1" uspid="39" ordinal="0" offset="0" sl="46" sc="13" el="46" ec="17" bec="0" bev="0" fileid="3" />
              </SequencePoints>
              <BranchPoints />
              <MethodPoint xsi:type="SequencePoint" vc="1" uspid="39" ordinal="0" offset="0" sl="46" sc="13" el="46" ec="17" bec="0" bev="0" fileid="3" />
            </Method>
            <Method visited="true" cyclomaticComplexity="1" nPathComplexity="0" sequenceCoverage="100" branchCoverage="100" crapScore="1" isConstructor="false" isStatic="false" isGetter="false" isSetter="true">
              <Summary numSequencePoints="1" visitedSequencePoints="1" numBranchPoints="1" visitedBranchPoints="1" sequenceCoverage="100" branchCoverage="100" maxCyclomaticComplexity="1" minCyclomaticComplexity="1" maxCrapScore="1" minCrapScore="1" visitedClasses="0" numClasses="0" visitedMethods="1" numMethods="1" />
              <MetadataToken>100663323</MetadataToken>
              <Name>System.Void WindowsFormsApp1Tests1.MockShapes::set_IsDeleteShape(System.Boolean)</Name>
              <FileRef uid="3" />
              <SequencePoints>
                <SequencePoint vc="45" uspid="40" ordinal="0" offset="0" sl="46" sc="18" el="46" ec="22" bec="0" bev="0" fileid="3" />
              </SequencePoints>
              <BranchPoints />
              <MethodPoint xsi:type="SequencePoint" vc="45" uspid="40" ordinal="0" offset="0" sl="46" sc="18" el="46" ec="22" bec="0" bev="0" fileid="3" />
            </Method>
            <Method visited="true" cyclomaticComplexity="1" nPathComplexity="0" sequenceCoverage="100" branchCoverage="100" crapScore="1" isConstructor="false" isStatic="false" isGetter="true" isSetter="false">
              <Summary numSequencePoints="1" visitedSequencePoints="1" numBranchPoints="1" visitedBranchPoints="1" sequenceCoverage="100" branchCoverage="100" maxCyclomaticComplexity="1" minCyclomaticComplexity="1" maxCrapScore="1" minCrapScore="1" visitedClasses="0" numClasses="0" visitedMethods="1" numMethods="1" />
              <MetadataToken>100663324</MetadataToken>
              <Name>System.Boolean WindowsFormsApp1Tests1.MockShapes::get_IsDeleteSelectShape()</Name>
              <FileRef uid="3" />
              <SequencePoints>
                <SequencePoint vc="1" uspid="41" ordinal="0" offset="0" sl="51" sc="13" el="51" ec="17" bec="0" bev="0" fileid="3" />
              </SequencePoints>
              <BranchPoints />
              <MethodPoint xsi:type="SequencePoint" vc="1" uspid="41" ordinal="0" offset="0" sl="51" sc="13" el="51" ec="17" bec="0" bev="0" fileid="3" />
            </Method>
            <Method visited="true" cyclomaticComplexity="1" nPathComplexity="0" sequenceCoverage="100" branchCoverage="100" crapScore="1" isConstructor="false" isStatic="false" isGetter="false" isSetter="true">
              <Summary numSequencePoints="1" visitedSequencePoints="1" numBranchPoints="1" visitedBranchPoints="1" sequenceCoverage="100" branchCoverage="100" maxCyclomaticComplexity="1" minCyclomaticComplexity="1" maxCrapScore="1" minCrapScore="1" visitedClasses="0" numClasses="0" visitedMethods="1" numMethods="1" />
              <MetadataToken>100663325</MetadataToken>
              <Name>System.Void WindowsFormsApp1Tests1.MockShapes::set_IsDeleteSelectShape(System.Boolean)</Name>
              <FileRef uid="3" />
              <SequencePoints>
                <SequencePoint vc="42" uspid="42" ordinal="0" offset="0" sl="51" sc="18" el="51" ec="22" bec="0" bev="0" fileid="3" />
              </SequencePoints>
              <BranchPoints />
              <MethodPoint xsi:type="SequencePoint" vc="42" uspid="42" ordinal="0" offset="0" sl="51" sc="18" el="51" ec="22" bec="0" bev="0" fileid="3" />
            </Method>
            <Method visited="true" cyclomaticComplexity="1" nPathComplexity="0" sequenceCoverage="100" branchCoverage="100" crapScore="1" isConstructor="false" isStatic="false" isGetter="true" isSetter="false">
              <Summary numSequencePoints="1" visitedSequencePoints="1" numBranchPoints="1" visitedBranchPoints="1" sequenceCoverage="100" branchCoverage="100" maxCyclomaticComplexity="1" minCyclomaticComplexity="1" maxCrapScore="1" minCrapScore="1" visitedClasses="0" numClasses="0" visitedMethods="1" numMethods="1" />
              <MetadataToken>100663326</MetadataToken>
              <Name>System.Boolean WindowsFormsApp1Tests1.MockShapes::get_IsDraw()</Name>
              <FileRef uid="3" />
              <SequencePoints>
                <SequencePoint vc="1" uspid="43" ordinal="0" offset="0" sl="56" sc="13" el="56" ec="17" bec="0" bev="0" fileid="3" />
              </SequencePoints>
              <BranchPoints />
              <MethodPoint xsi:type="SequencePoint" vc="1" uspid="43" ordinal="0" offset="0" sl="56" sc="13" el="56" ec="17" bec="0" bev="0" fileid="3" />
            </Method>
            <Method visited="true" cyclomaticComplexity="1" nPathComplexity="0" sequenceCoverage="100" branchCoverage="100" crapScore="1" isConstructor="false" isStatic="false" isGetter="false" isSetter="true">
              <Summary numSequencePoints="1" visitedSequencePoints="1" numBranchPoints="1" visitedBranchPoints="1" sequenceCoverage="100" branchCoverage="100" maxCyclomaticComplexity="1" minCyclomaticComplexity="1" maxCrapScore="1" minCrapScore="1" visitedClasses="0" numClasses="0" visitedMethods="1" numMethods="1" />
              <MetadataToken>100663327</MetadataToken>
              <Name>System.Void WindowsFormsApp1Tests1.MockShapes::set_IsDraw(System.Boolean)</Name>
              <FileRef uid="3" />
              <SequencePoints>
                <SequencePoint vc="41" uspid="44" ordinal="0" offset="0" sl="56" sc="18" el="56" ec="22" bec="0" bev="0" fileid="3" />
              </SequencePoints>
              <BranchPoints />
              <MethodPoint xsi:type="SequencePoint" vc="41" uspid="44" ordinal="0" offset="0" sl="56" sc="18" el="56" ec="22" bec="0" bev="0" fileid="3" />
            </Method>
            <Method visited="true" cyclomaticComplexity="1" nPathComplexity="0" sequenceCoverage="100" branchCoverage="100" crapScore="1" isConstructor="false" isStatic="false" isGetter="true" isSetter="false">
              <Summary numSequencePoints="1" visitedSequencePoints="1" numBranchPoints="1" visitedBranchPoints="1" sequenceCoverage="100" branchCoverage="100" maxCyclomaticComplexity="1" minCyclomaticComplexity="1" maxCrapScore="1" minCrapScore="1" visitedClasses="0" numClasses="0" visitedMethods="1" numMethods="1" />
              <MetadataToken>100663328</MetadataToken>
              <Name>System.Boolean WindowsFormsApp1Tests1.MockShapes::get_IsSelectShape()</Name>
              <FileRef uid="3" />
              <SequencePoints>
                <SequencePoint vc="4" uspid="45" ordinal="0" offset="0" sl="61" sc="13" el="61" ec="17" bec="0" bev="0" fileid="3" />
              </SequencePoints>
              <BranchPoints />
              <MethodPoint xsi:type="SequencePoint" vc="4" uspid="45" ordinal="0" offset="0" sl="61" sc="13" el="61" ec="17" bec="0" bev="0" fileid="3" />
            </Method>
            <Method visited="true" cyclomaticComplexity="1" nPathComplexity="0" sequenceCoverage="100" branchCoverage="100" crapScore="1" isConstructor="false" isStatic="false" isGetter="false" isSetter="true">
              <Summary numSequencePoints="1" visitedSequencePoints="1" numBranchPoints="1" visitedBranchPoints="1" sequenceCoverage="100" branchCoverage="100" maxCyclomaticComplexity="1" minCyclomaticComplexity="1" maxCrapScore="1" minCrapScore="1" visitedClasses="0" numClasses="0" visitedMethods="1" numMethods="1" />
              <MetadataToken>100663329</MetadataToken>
              <Name>System.Void WindowsFormsApp1Tests1.MockShapes::set_IsSelectShape(System.Boolean)</Name>
              <FileRef uid="3" />
              <SequencePoints>
                <SequencePoint vc="55" uspid="46" ordinal="0" offset="0" sl="61" sc="18" el="61" ec="22" bec="0" bev="0" fileid="3" />
              </SequencePoints>
              <BranchPoints />
              <MethodPoint xsi:type="SequencePoint" vc="55" uspid="46" ordinal="0" offset="0" sl="61" sc="18" el="61" ec="22" bec="0" bev="0" fileid="3" />
            </Method>
            <Method visited="true" cyclomaticComplexity="1" nPathComplexity="0" sequenceCoverage="100" branchCoverage="100" crapScore="1" isConstructor="false" isStatic="false" isGetter="true" isSetter="false">
              <Summary numSequencePoints="1" visitedSequencePoints="1" numBranchPoints="1" visitedBranchPoints="1" sequenceCoverage="100" branchCoverage="100" maxCyclomaticComplexity="1" minCyclomaticComplexity="1" maxCrapScore="1" minCrapScore="1" visitedClasses="0" numClasses="0" visitedMethods="1" numMethods="1" />
              <MetadataToken>100663330</MetadataToken>
              <Name>System.String WindowsFormsApp1Tests1.MockShapes::get_MoveInput()</Name>
              <FileRef uid="3" />
              <SequencePoints>
                <SequencePoint vc="3" uspid="47" ordinal="0" offset="0" sl="66" sc="13" el="66" ec="17" bec="0" bev="0" fileid="3" />
              </SequencePoints>
              <BranchPoints />
              <MethodPoint xsi:type="SequencePoint" vc="3" uspid="47" ordinal="0" offset="0" sl="66" sc="13" el="66" ec="17" bec="0" bev="0" fileid="3" />
            </Method>
            <Method visited="true" cyclomaticComplexity="1" nPathComplexity="0" sequenceCoverage="100" branchCoverage="100" crapScore="1" isConstructor="false" isStatic="false" isGetter="false" isSetter="true">
              <Summary numSequencePoints="1" visitedSequencePoints="1" numBranchPoints="1" visitedBranchPoints="1" sequenceCoverage="100" branchCoverage="100" maxCyclomaticComplexity="1" minCyclomaticComplexity="1" maxCrapScore="1" minCrapScore="1" visitedClasses="0" numClasses="0" visitedMethods="1" numMethods="1" />
              <MetadataToken>100663331</MetadataToken>
              <Name>System.Void WindowsFormsApp1Tests1.MockShapes::set_MoveInput(System.String)</Name>
              <FileRef uid="3" />
              <SequencePoints>
                <SequencePoint vc="47" uspid="48" ordinal="0" offset="0" sl="66" sc="18" el="66" ec="22" bec="0" bev="0" fileid="3" />
              </SequencePoints>
              <BranchPoints />
              <MethodPoint xsi:type="SequencePoint" vc="47" uspid="48" ordinal="0" offset="0" sl="66" sc="18" el="66" ec="22" bec="0" bev="0" fileid="3" />
            </Method>
            <Method visited="true" cyclomaticComplexity="1" nPathComplexity="0" sequenceCoverage="100" branchCoverage="100" crapScore="1" isConstructor="false" isStatic="false" isGetter="true" isSetter="false">
              <Summary numSequencePoints="1" visitedSequencePoints="1" numBranchPoints="1" visitedBranchPoints="1" sequenceCoverage="100" branchCoverage="100" maxCyclomaticComplexity="1" minCyclomaticComplexity="1" maxCrapScore="1" minCrapScore="1" visitedClasses="0" numClasses="0" visitedMethods="1" numMethods="1" />
              <MetadataToken>100663332</MetadataToken>
              <Name>System.Boolean WindowsFormsApp1Tests1.MockShapes::get_IsMoveShape()</Name>
              <FileRef uid="3" />
              <SequencePoints>
                <SequencePoint vc="5" uspid="49" ordinal="0" offset="0" sl="71" sc="13" el="71" ec="17" bec="0" bev="0" fileid="3" />
              </SequencePoints>
              <BranchPoints />
              <MethodPoint xsi:type="SequencePoint" vc="5" uspid="49" ordinal="0" offset="0" sl="71" sc="13" el="71" ec="17" bec="0" bev="0" fileid="3" />
            </Method>
            <Method visited="true" cyclomaticComplexity="1" nPathComplexity="0" sequenceCoverage="100" branchCoverage="100" crapScore="1" isConstructor="false" isStatic="false" isGetter="false" isSetter="true">
              <Summary numSequencePoints="1" visitedSequencePoints="1" numBranchPoints="1" visitedBranchPoints="1" sequenceCoverage="100" branchCoverage="100" maxCyclomaticComplexity="1" minCyclomaticComplexity="1" maxCrapScore="1" minCrapScore="1" visitedClasses="0" numClasses="0" visitedMethods="1" numMethods="1" />
              <MetadataToken>100663333</MetadataToken>
              <Name>System.Void WindowsFormsApp1Tests1.MockShapes::set_IsMoveShape(System.Boolean)</Name>
              <FileRef uid="3" />
              <SequencePoints>
                <SequencePoint vc="48" uspid="50" ordinal="0" offset="0" sl="71" sc="18" el="71" ec="22" bec="0" bev="0" fileid="3" />
              </SequencePoints>
              <BranchPoints />
              <MethodPoint xsi:type="SequencePoint" vc="48" uspid="50" ordinal="0" offset="0" sl="71" sc="18" el="71" ec="22" bec="0" bev="0" fileid="3" />
            </Method>
            <Method visited="true" cyclomaticComplexity="1" nPathComplexity="0" sequenceCoverage="100" branchCoverage="100" crapScore="1" isConstructor="false" isStatic="false" isGetter="true" isSetter="false">
              <Summary numSequencePoints="1" visitedSequencePoints="1" numBranchPoints="1" visitedBranchPoints="1" sequenceCoverage="100" branchCoverage="100" maxCyclomaticComplexity="1" minCyclomaticComplexity="1" maxCrapScore="1" minCrapScore="1" visitedClasses="0" numClasses="0" visitedMethods="1" numMethods="1" />
              <MetadataToken>100663334</MetadataToken>
              <Name>System.Boolean WindowsFormsApp1Tests1.MockShapes::get_IsModifyShape()</Name>
              <FileRef uid="3" />
              <SequencePoints>
                <SequencePoint vc="3" uspid="51" ordinal="0" offset="0" sl="76" sc="13" el="76" ec="17" bec="0" bev="0" fileid="3" />
              </SequencePoints>
              <BranchPoints />
              <MethodPoint xsi:type="SequencePoint" vc="3" uspid="51" ordinal="0" offset="0" sl="76" sc="13" el="76" ec="17" bec="0" bev="0" fileid="3" />
            </Method>
            <Method visited="true" cyclomaticComplexity="1" nPathComplexity="0" sequenceCoverage="100" branchCoverage="100" crapScore="1" isConstructor="false" isStatic="false" isGetter="false" isSetter="true">
              <Summary numSequencePoints="1" visitedSequencePoints="1" numBranchPoints="1" visitedBranchPoints="1" sequenceCoverage="100" branchCoverage="100" maxCyclomaticComplexity="1" minCyclomaticComplexity="1" maxCrapScore="1" minCrapScore="1" visitedClasses="0" numClasses="0" visitedMethods="1" numMethods="1" />
              <MetadataToken>100663335</MetadataToken>
              <Name>System.Void WindowsFormsApp1Tests1.MockShapes::set_IsModifyShape(System.Boolean)</Name>
              <FileRef uid="3" />
              <SequencePoints>
                <SequencePoint vc="55" uspid="52" ordinal="0" offset="0" sl="76" sc="18" el="76" ec="22" bec="0" bev="0" fileid="3" />
              </SequencePoints>
              <BranchPoints />
              <MethodPoint xsi:type="SequencePoint" vc="55" uspid="52" ordinal="0" offset="0" sl="76" sc="18" el="76" ec="22" bec="0" bev="0" fileid="3" />
            </Method>
            <Method visited="true" cyclomaticComplexity="1" nPathComplexity="0" sequenceCoverage="100" branchCoverage="100" crapScore="1" isConstructor="false" isStatic="false" isGetter="true" isSetter="false">
              <Summary numSequencePoints="1" visitedSequencePoints="1" numBranchPoints="1" visitedBranchPoints="1" sequenceCoverage="100" branchCoverage="100" maxCyclomaticComplexity="1" minCyclomaticComplexity="1" maxCrapScore="1" minCrapScore="1" visitedClasses="0" numClasses="0" visitedMethods="1" numMethods="1" />
              <MetadataToken>100663336</MetadataToken>
              <Name>System.Boolean WindowsFormsApp1Tests1.MockShapes::get_IsAddShapeToList()</Name>
              <FileRef uid="3" />
              <SequencePoints>
                <SequencePoint vc="2" uspid="53" ordinal="0" offset="0" sl="81" sc="13" el="81" ec="17" bec="0" bev="0" fileid="3" />
              </SequencePoints>
              <BranchPoints />
              <MethodPoint xsi:type="SequencePoint" vc="2" uspid="53" ordinal="0" offset="0" sl="81" sc="13" el="81" ec="17" bec="0" bev="0" fileid="3" />
            </Method>
            <Method visited="true" cyclomaticComplexity="1" nPathComplexity="0" sequenceCoverage="100" branchCoverage="100" crapScore="1" isConstructor="false" isStatic="false" isGetter="false" isSetter="true">
              <Summary numSequencePoints="1" visitedSequencePoints="1" numBranchPoints="1" visitedBranchPoints="1" sequenceCoverage="100" branchCoverage="100" maxCyclomaticComplexity="1" minCyclomaticComplexity="1" maxCrapScore="1" minCrapScore="1" visitedClasses="0" numClasses="0" visitedMethods="1" numMethods="1" />
              <MetadataToken>100663337</MetadataToken>
              <Name>System.Void WindowsFormsApp1Tests1.MockShapes::set_IsAddShapeToList(System.Boolean)</Name>
              <FileRef uid="3" />
              <SequencePoints>
                <SequencePoint vc="62" uspid="54" ordinal="0" offset="0" sl="81" sc="18" el="81" ec="22" bec="0" bev="0" fileid="3" />
              </SequencePoints>
              <BranchPoints />
              <MethodPoint xsi:type="SequencePoint" vc="62" uspid="54" ordinal="0" offset="0" sl="81" sc="18" el="81" ec="22" bec="0" bev="0" fileid="3" />
            </Method>
            <Method visited="true" cyclomaticComplexity="1" nPathComplexity="0" sequenceCoverage="100" branchCoverage="100" crapScore="1" isConstructor="false" isStatic="false" isGetter="true" isSetter="false">
              <Summary numSequencePoints="1" visitedSequencePoints="1" numBranchPoints="1" visitedBranchPoints="1" sequenceCoverage="100" branchCoverage="100" maxCyclomaticComplexity="1" minCyclomaticComplexity="1" maxCrapScore="1" minCrapScore="1" visitedClasses="0" numClasses="0" visitedMethods="1" numMethods="1" />
              <MetadataToken>100663338</MetadataToken>
              <Name>System.Boolean WindowsFormsApp1Tests1.MockShapes::get_IsUpdateInfo()</Name>
              <FileRef uid="3" />
              <SequencePoints>
                <SequencePoint vc="1" uspid="55" ordinal="0" offset="0" sl="86" sc="13" el="86" ec="17" bec="0" bev="0" fileid="3" />
              </SequencePoints>
              <BranchPoints />
              <MethodPoint xsi:type="SequencePoint" vc="1" uspid="55" ordinal="0" offset="0" sl="86" sc="13" el="86" ec="17" bec="0" bev="0" fileid="3" />
            </Method>
            <Method visited="true" cyclomaticComplexity="1" nPathComplexity="0" sequenceCoverage="100" branchCoverage="100" crapScore="1" isConstructor="false" isStatic="false" isGetter="false" isSetter="true">
              <Summary numSequencePoints="1" visitedSequencePoints="1" numBranchPoints="1" visitedBranchPoints="1" sequenceCoverage="100" branchCoverage="100" maxCyclomaticComplexity="1" minCyclomaticComplexity="1" maxCrapScore="1" minCrapScore="1" visitedClasses="0" numClasses="0" visitedMethods="1" numMethods="1" />
              <MetadataToken>100663339</MetadataToken>
              <Name>System.Void WindowsFormsApp1Tests1.MockShapes::set_IsUpdateInfo(System.Boolean)</Name>
              <FileRef uid="3" />
              <SequencePoints>
                <SequencePoint vc="47" uspid="56" ordinal="0" offset="0" sl="86" sc="18" el="86" ec="22" bec="0" bev="0" fileid="3" />
              </SequencePoints>
              <BranchPoints />
              <MethodPoint xsi:type="SequencePoint" vc="47" uspid="56" ordinal="0" offset="0" sl="86" sc="18" el="86" ec="22" bec="0" bev="0" fileid="3" />
            </Method>
            <Method visited="true" cyclomaticComplexity="1" nPathComplexity="0" sequenceCoverage="100" branchCoverage="100" crapScore="1" isConstructor="false" isStatic="false" isGetter="true" isSetter="false">
              <Summary numSequencePoints="1" visitedSequencePoints="1" numBranchPoints="1" visitedBranchPoints="1" sequenceCoverage="100" branchCoverage="100" maxCyclomaticComplexity="1" minCyclomaticComplexity="1" maxCrapScore="1" minCrapScore="1" visitedClasses="0" numClasses="0" visitedMethods="1" numMethods="1" />
              <MetadataToken>100663340</MetadataToken>
              <Name>System.Boolean WindowsFormsApp1Tests1.MockShapes::get_IsReferSelectedShape()</Name>
              <FileRef uid="3" />
              <SequencePoints>
                <SequencePoint vc="1" uspid="57" ordinal="0" offset="0" sl="91" sc="13" el="91" ec="17" bec="0" bev="0" fileid="3" />
              </SequencePoints>
              <BranchPoints />
              <MethodPoint xsi:type="SequencePoint" vc="1" uspid="57" ordinal="0" offset="0" sl="91" sc="13" el="91" ec="17" bec="0" bev="0" fileid="3" />
            </Method>
            <Method visited="true" cyclomaticComplexity="1" nPathComplexity="0" sequenceCoverage="100" branchCoverage="100" crapScore="1" isConstructor="false" isStatic="false" isGetter="false" isSetter="true">
              <Summary numSequencePoints="1" visitedSequencePoints="1" numBranchPoints="1" visitedBranchPoints="1" sequenceCoverage="100" branchCoverage="100" maxCyclomaticComplexity="1" minCyclomaticComplexity="1" maxCrapScore="1" minCrapScore="1" visitedClasses="0" numClasses="0" visitedMethods="1" numMethods="1" />
              <MetadataToken>100663341</MetadataToken>
              <Name>System.Void WindowsFormsApp1Tests1.MockShapes::set_IsReferSelectedShape(System.Boolean)</Name>
              <FileRef uid="3" />
              <SequencePoints>
                <SequencePoint vc="43" uspid="58" ordinal="0" offset="0" sl="91" sc="18" el="91" ec="22" bec="0" bev="0" fileid="3" />
              </SequencePoints>
              <BranchPoints />
              <MethodPoint xsi:type="SequencePoint" vc="43" uspid="58" ordinal="0" offset="0" sl="91" sc="18" el="91" ec="22" bec="0" bev="0" fileid="3" />
            </Method>
            <Method visited="true" cyclomaticComplexity="1" nPathComplexity="0" sequenceCoverage="100" branchCoverage="100" crapScore="1" isConstructor="true" isStatic="false" isGetter="false" isSetter="false">
              <Summary numSequencePoints="16" visitedSequencePoints="16" numBranchPoints="1" visitedBranchPoints="1" sequenceCoverage="100" branchCoverage="100" maxCyclomaticComplexity="1" minCyclomaticComplexity="1" maxCrapScore="1" minCrapScore="1" visitedClasses="0" numClasses="0" visitedMethods="1" numMethods="1" />
              <MetadataToken>100663315</MetadataToken>
              <Name>System.Void WindowsFormsApp1Tests1.MockShapes::.ctor()</Name>
              <FileRef uid="3" />
              <SequencePoints>
                <SequencePoint vc="40" uspid="59" ordinal="0" offset="0" sl="13" sc="9" el="13" ec="28" bec="0" bev="0" fileid="3" />
                <SequencePoint vc="40" uspid="60" ordinal="1" offset="7" sl="14" sc="9" el="14" ec="10" bec="0" bev="0" fileid="3" />
                <SequencePoint vc="40" uspid="61" ordinal="2" offset="8" sl="15" sc="13" el="15" ec="32" bec="0" bev="0" fileid="3" />
                <SequencePoint vc="40" uspid="62" ordinal="3" offset="16" sl="16" sc="13" el="16" ec="42" bec="0" bev="0" fileid="3" />
                <SequencePoint vc="40" uspid="63" ordinal="4" offset="28" sl="17" sc="13" el="17" ec="38" bec="0" bev="0" fileid="3" />
                <SequencePoint vc="40" uspid="64" ordinal="5" offset="36" sl="18" sc="13" el="18" ec="35" bec="0" bev="0" fileid="3" />
                <SequencePoint vc="40" uspid="65" ordinal="6" offset="44" sl="19" sc="13" el="19" ec="41" bec="0" bev="0" fileid="3" />
                <SequencePoint vc="40" uspid="66" ordinal="7" offset="52" sl="20" sc="13" el="20" ec="28" bec="0" bev="0" fileid="3" />
                <SequencePoint vc="40" uspid="67" ordinal="8" offset="60" sl="21" sc="13" el="21" ec="35" bec="0" bev="0" fileid="3" />
                <SequencePoint vc="40" uspid="68" ordinal="9" offset="68" sl="22" sc="13" el="22" ec="38" bec="0" bev="0" fileid="3" />
                <SequencePoint vc="40" uspid="69" ordinal="10" offset="80" sl="23" sc="13" el="23" ec="33" bec="0" bev="0" fileid="3" />
                <SequencePoint vc="40" uspid="70" ordinal="11" offset="88" sl="24" sc="13" el="24" ec="35" bec="0" bev="0" fileid="3" />
                <SequencePoint vc="40" uspid="71" ordinal="12" offset="96" sl="25" sc="13" el="25" ec="38" bec="0" bev="0" fileid="3" />
                <SequencePoint vc="40" uspid="72" ordinal="13" offset="104" sl="26" sc="13" el="26" ec="34" bec="0" bev="0" fileid="3" />
                <SequencePoint vc="40" uspid="73" ordinal="14" offset="112" sl="27" sc="13" el="27" ec="42" bec="0" bev="0" fileid="3" />
                <SequencePoint vc="40" uspid="74" ordinal="15" offset="120" sl="28" sc="9" el="28" ec="10" bec="0" bev="0" fileid="3" />
              </SequencePoints>
              <BranchPoints />
              <MethodPoint xsi:type="SequencePoint" vc="40" uspid="59" ordinal="0" offset="0" sl="13" sc="9" el="13" ec="28" bec="0" bev="0" fileid="3" />
            </Method>
            <Method visited="true" cyclomaticComplexity="1" nPathComplexity="0" sequenceCoverage="100" branchCoverage="100" crapScore="1" isConstructor="false" isStatic="false" isGetter="false" isSetter="false">
              <Summary numSequencePoints="5" visitedSequencePoints="5" numBranchPoints="1" visitedBranchPoints="1" sequenceCoverage="100" branchCoverage="100" maxCyclomaticComplexity="1" minCyclomaticComplexity="1" maxCrapScore="1" minCrapScore="1" visitedClasses="0" numClasses="0" visitedMethods="1" numMethods="1" />
              <MetadataToken>100663342</MetadataToken>
              <Name>System.Void WindowsFormsApp1Tests1.MockShapes::AddShape(System.String,WindowsFormsApp1.Point,WindowsFormsApp1.Point)</Name>
              <FileRef uid="3" />
              <SequencePoints>
                <SequencePoint vc="27" uspid="75" ordinal="0" offset="0" sl="96" sc="9" el="96" ec="10" bec="0" bev="0" fileid="3" />
                <SequencePoint vc="27" uspid="76" ordinal="1" offset="1" sl="97" sc="13" el="97" ec="31" bec="0" bev="0" fileid="3" />
                <SequencePoint vc="27" uspid="77" ordinal="2" offset="9" sl="98" sc="13" el="98" ec="92" bec="0" bev="0" fileid="3" />
                <SequencePoint vc="27" uspid="78" ordinal="3" offset="38" sl="99" sc="13" el="99" ec="71" bec="0" bev="0" fileid="3" />
                <SequencePoint vc="27" uspid="79" ordinal="4" offset="48" sl="100" sc="9" el="100" ec="10" bec="0" bev="0" fileid="3" />
              </SequencePoints>
              <BranchPoints />
              <MethodPoint xsi:type="SequencePoint" vc="27" uspid="75" ordinal="0" offset="0" sl="96" sc="9" el="96" ec="10" bec="0" bev="0" fileid="3" />
            </Method>
            <Method visited="true" cyclomaticComplexity="1" nPathComplexity="0" sequenceCoverage="100" branchCoverage="100" crapScore="1" isConstructor="false" isStatic="false" isGetter="false" isSetter="false">
              <Summary numSequencePoints="5" visitedSequencePoints="5" numBranchPoints="1" visitedBranchPoints="1" sequenceCoverage="100" branchCoverage="100" maxCyclomaticComplexity="1" minCyclomaticComplexity="1" maxCrapScore="1" minCrapScore="1" visitedClasses="0" numClasses="0" visitedMethods="1" numMethods="1" />
              <MetadataToken>100663343</MetadataToken>
              <Name>System.Void WindowsFormsApp1Tests1.MockShapes::AddShape(System.String,System.Int32,System.Int32)</Name>
              <FileRef uid="3" />
              <SequencePoints>
                <SequencePoint vc="5" uspid="80" ordinal="0" offset="0" sl="104" sc="9" el="104" ec="10" bec="0" bev="0" fileid="3" />
                <SequencePoint vc="5" uspid="81" ordinal="1" offset="1" sl="105" sc="13" el="105" ec="37" bec="0" bev="0" fileid="3" />
                <SequencePoint vc="5" uspid="82" ordinal="2" offset="9" sl="106" sc="13" el="106" ec="54" bec="0" bev="0" fileid="3" />
                <SequencePoint vc="5" uspid="83" ordinal="3" offset="25" sl="107" sc="13" el="107" ec="65" bec="0" bev="0" fileid="3" />
                <SequencePoint vc="5" uspid="84" ordinal="4" offset="35" sl="108" sc="9" el="108" ec="10" bec="0" bev="0" fileid="3" />
              </SequencePoints>
              <BranchPoints />
              <MethodPoint xsi:type="SequencePoint" vc="5" uspid="80" ordinal="0" offset="0" sl="104" sc="9" el="104" ec="10" bec="0" bev="0" fileid="3" />
            </Method>
            <Method visited="true" cyclomaticComplexity="1" nPathComplexity="0" sequenceCoverage="100" branchCoverage="100" crapScore="1" isConstructor="false" isStatic="false" isGetter="false" isSetter="false">
              <Summary numSequencePoints="4" visitedSequencePoints="4" numBranchPoints="1" visitedBranchPoints="1" sequenceCoverage="100" branchCoverage="100" maxCyclomaticComplexity="1" minCyclomaticComplexity="1" maxCrapScore="1" minCrapScore="1" visitedClasses="0" numClasses="0" visitedMethods="1" numMethods="1" />
              <MetadataToken>100663344</MetadataToken>
              <Name>System.Void WindowsFormsApp1Tests1.MockShapes::DeleteShape(System.Int32)</Name>
              <FileRef uid="3" />
              <SequencePoints>
                <SequencePoint vc="5" uspid="85" ordinal="0" offset="0" sl="112" sc="9" el="112" ec="10" bec="0" bev="0" fileid="3" />
                <SequencePoint vc="5" uspid="86" ordinal="1" offset="1" sl="113" sc="13" el="113" ec="34" bec="0" bev="0" fileid="3" />
                <SequencePoint vc="5" uspid="87" ordinal="2" offset="9" sl="114" sc="13" el="114" ec="37" bec="0" bev="0" fileid="3" />
                <SequencePoint vc="5" uspid="88" ordinal="3" offset="17" sl="115" sc="9" el="115" ec="10" bec="0" bev="0" fileid="3" />
              </SequencePoints>
              <BranchPoints />
              <MethodPoint xsi:type="SequencePoint" vc="5" uspid="85" ordinal="0" offset="0" sl="112" sc="9" el="112" ec="10" bec="0" bev="0" fileid="3" />
            </Method>
            <Method visited="true" cyclomaticComplexity="1" nPathComplexity="0" sequenceCoverage="100" branchCoverage="100" crapScore="1" isConstructor="false" isStatic="false" isGetter="false" isSetter="false">
              <Summary numSequencePoints="4" visitedSequencePoints="4" numBranchPoints="1" visitedBranchPoints="1" sequenceCoverage="100" branchCoverage="100" maxCyclomaticComplexity="1" minCyclomaticComplexity="1" maxCrapScore="1" minCrapScore="1" visitedClasses="0" numClasses="0" visitedMethods="1" numMethods="1" />
              <MetadataToken>100663345</MetadataToken>
              <Name>System.Void WindowsFormsApp1Tests1.MockShapes::DeleteSelectShape()</Name>
              <FileRef uid="3" />
              <SequencePoints>
                <SequencePoint vc="2" uspid="89" ordinal="0" offset="0" sl="119" sc="9" el="119" ec="10" bec="0" bev="0" fileid="3" />
                <SequencePoint vc="2" uspid="90" ordinal="1" offset="1" sl="120" sc="13" el="120" ec="40" bec="0" bev="0" fileid="3" />
                <SequencePoint vc="2" uspid="91" ordinal="2" offset="9" sl="121" sc="13" el="121" ec="38" bec="0" bev="0" fileid="3" />
                <SequencePoint vc="2" uspid="92" ordinal="3" offset="16" sl="122" sc="9" el="122" ec="10" bec="0" bev="0" fileid="3" />
              </SequencePoints>
              <BranchPoints />
              <MethodPoint xsi:type="SequencePoint" vc="2" uspid="89" ordinal="0" offset="0" sl="119" sc="9" el="119" ec="10" bec="0" bev="0" fileid="3" />
            </Method>
            <Method visited="true" cyclomaticComplexity="1" nPathComplexity="0" sequenceCoverage="100" branchCoverage="100" crapScore="1" isConstructor="false" isStatic="false" isGetter="false" isSetter="false">
              <Summary numSequencePoints="4" visitedSequencePoints="4" numBranchPoints="1" visitedBranchPoints="1" sequenceCoverage="100" branchCoverage="100" maxCyclomaticComplexity="1" minCyclomaticComplexity="1" maxCrapScore="1" minCrapScore="1" visitedClasses="0" numClasses="0" visitedMethods="1" numMethods="1" />
              <MetadataToken>100663346</MetadataToken>
              <Name>System.Void WindowsFormsApp1Tests1.MockShapes::Draw(WindowsFormsApp1.IGraphics)</Name>
              <FileRef uid="3" />
              <SequencePoints>
                <SequencePoint vc="1" uspid="93" ordinal="0" offset="0" sl="126" sc="9" el="126" ec="10" bec="0" bev="0" fileid="3" />
                <SequencePoint vc="1" uspid="94" ordinal="1" offset="1" sl="127" sc="13" el="127" ec="27" bec="0" bev="0" fileid="3" />
                <SequencePoint vc="1" uspid="95" ordinal="2" offset="9" sl="128" sc="13" el="128" ec="33" bec="0" bev="0" fileid="3" />
                <SequencePoint vc="1" uspid="96" ordinal="3" offset="17" sl="129" sc="9" el="129" ec="10" bec="0" bev="0" fileid="3" />
              </SequencePoints>
              <BranchPoints />
              <MethodPoint xsi:type="SequencePoint" vc="1" uspid="93" ordinal="0" offset="0" sl="126" sc="9" el="126" ec="10" bec="0" bev="0" fileid="3" />
            </Method>
            <Method visited="true" cyclomaticComplexity="1" nPathComplexity="0" sequenceCoverage="100" branchCoverage="100" crapScore="1" isConstructor="false" isStatic="false" isGetter="false" isSetter="false">
              <Summary numSequencePoints="4" visitedSequencePoints="4" numBranchPoints="1" visitedBranchPoints="1" sequenceCoverage="100" branchCoverage="100" maxCyclomaticComplexity="1" minCyclomaticComplexity="1" maxCrapScore="1" minCrapScore="1" visitedClasses="0" numClasses="0" visitedMethods="1" numMethods="1" />
              <MetadataToken>100663347</MetadataToken>
              <Name>System.Void WindowsFormsApp1Tests1.MockShapes::SelectShape(WindowsFormsApp1.Point)</Name>
              <FileRef uid="3" />
              <SequencePoints>
                <SequencePoint vc="14" uspid="97" ordinal="0" offset="0" sl="133" sc="9" el="133" ec="10" bec="0" bev="0" fileid="3" />
                <SequencePoint vc="14" uspid="98" ordinal="1" offset="1" sl="134" sc="13" el="134" ec="34" bec="0" bev="0" fileid="3" />
                <SequencePoint vc="14" uspid="99" ordinal="2" offset="9" sl="135" sc="13" el="135" ec="37" bec="0" bev="0" fileid="3" />
                <SequencePoint vc="14" uspid="100" ordinal="3" offset="17" sl="136" sc="9" el="136" ec="10" bec="0" bev="0" fileid="3" />
              </SequencePoints>
              <BranchPoints />
              <MethodPoint xsi:type="SequencePoint" vc="14" uspid="97" ordinal="0" offset="0" sl="133" sc="9" el="133" ec="10" bec="0" bev="0" fileid="3" />
            </Method>
            <Method visited="true" cyclomaticComplexity="1" nPathComplexity="0" sequenceCoverage="100" branchCoverage="100" crapScore="1" isConstructor="false" isStatic="false" isGetter="false" isSetter="false">
              <Summary numSequencePoints="5" visitedSequencePoints="5" numBranchPoints="1" visitedBranchPoints="1" sequenceCoverage="100" branchCoverage="100" maxCyclomaticComplexity="1" minCyclomaticComplexity="1" maxCrapScore="1" minCrapScore="1" visitedClasses="0" numClasses="0" visitedMethods="1" numMethods="1" />
              <MetadataToken>100663348</MetadataToken>
              <Name>System.Void WindowsFormsApp1Tests1.MockShapes::MoveShape(WindowsFormsApp1.Point)</Name>
              <FileRef uid="3" />
              <SequencePoints>
                <SequencePoint vc="7" uspid="101" ordinal="0" offset="0" sl="140" sc="9" el="140" ec="10" bec="0" bev="0" fileid="3" />
                <SequencePoint vc="7" uspid="102" ordinal="1" offset="1" sl="141" sc="13" el="141" ec="32" bec="0" bev="0" fileid="3" />
                <SequencePoint vc="7" uspid="103" ordinal="2" offset="9" sl="142" sc="13" el="142" ec="42" bec="0" bev="0" fileid="3" />
                <SequencePoint vc="7" uspid="104" ordinal="3" offset="22" sl="143" sc="13" el="143" ec="35" bec="0" bev="0" fileid="3" />
                <SequencePoint vc="7" uspid="105" ordinal="4" offset="30" sl="144" sc="9" el="144" ec="10" bec="0" bev="0" fileid="3" />
              </SequencePoints>
              <BranchPoints />
              <MethodPoint xsi:type="SequencePoint" vc="7" uspid="101" ordinal="0" offset="0" sl="140" sc="9" el="140" ec="10" bec="0" bev="0" fileid="3" />
            </Method>
            <Method visited="true" cyclomaticComplexity="1" nPathComplexity="0" sequenceCoverage="100" branchCoverage="100" crapScore="1" isConstructor="false" isStatic="false" isGetter="false" isSetter="false">
              <Summary numSequencePoints="4" visitedSequencePoints="4" numBranchPoints="1" visitedBranchPoints="1" sequenceCoverage="100" branchCoverage="100" maxCyclomaticComplexity="1" minCyclomaticComplexity="1" maxCrapScore="1" minCrapScore="1" visitedClasses="0" numClasses="0" visitedMethods="1" numMethods="1" />
              <MetadataToken>100663349</MetadataToken>
              <Name>System.Void WindowsFormsApp1Tests1.MockShapes::ModifyShape(WindowsFormsApp1.Point)</Name>
              <FileRef uid="3" />
              <SequencePoints>
                <SequencePoint vc="14" uspid="106" ordinal="0" offset="0" sl="148" sc="9" el="148" ec="10" bec="0" bev="0" fileid="3" />
                <SequencePoint vc="14" uspid="107" ordinal="1" offset="1" sl="149" sc="13" el="149" ec="34" bec="0" bev="0" fileid="3" />
                <SequencePoint vc="14" uspid="108" ordinal="2" offset="9" sl="150" sc="13" el="150" ec="37" bec="0" bev="0" fileid="3" />
                <SequencePoint vc="14" uspid="109" ordinal="3" offset="17" sl="151" sc="9" el="151" ec="10" bec="0" bev="0" fileid="3" />
              </SequencePoints>
              <BranchPoints />
              <MethodPoint xsi:type="SequencePoint" vc="14" uspid="106" ordinal="0" offset="0" sl="148" sc="9" el="148" ec="10" bec="0" bev="0" fileid="3" />
            </Method>
            <Method visited="true" cyclomaticComplexity="1" nPathComplexity="0" sequenceCoverage="100" branchCoverage="100" crapScore="1" isConstructor="false" isStatic="false" isGetter="false" isSetter="false">
              <Summary numSequencePoints="4" visitedSequencePoints="4" numBranchPoints="1" visitedBranchPoints="1" sequenceCoverage="100" branchCoverage="100" maxCyclomaticComplexity="1" minCyclomaticComplexity="1" maxCrapScore="1" minCrapScore="1" visitedClasses="0" numClasses="0" visitedMethods="1" numMethods="1" />
              <MetadataToken>100663350</MetadataToken>
              <Name>System.Void WindowsFormsApp1Tests1.MockShapes::AddShapeToList()</Name>
              <FileRef uid="3" />
              <SequencePoints>
                <SequencePoint vc="22" uspid="110" ordinal="0" offset="0" sl="155" sc="9" el="155" ec="10" bec="0" bev="0" fileid="3" />
                <SequencePoint vc="22" uspid="111" ordinal="1" offset="1" sl="156" sc="13" el="156" ec="37" bec="0" bev="0" fileid="3" />
                <SequencePoint vc="22" uspid="112" ordinal="2" offset="9" sl="157" sc="13" el="157" ec="35" bec="0" bev="0" fileid="3" />
                <SequencePoint vc="22" uspid="113" ordinal="3" offset="16" sl="158" sc="9" el="158" ec="10" bec="0" bev="0" fileid="3" />
              </SequencePoints>
              <BranchPoints />
              <MethodPoint xsi:type="SequencePoint" vc="22" uspid="110" ordinal="0" offset="0" sl="155" sc="9" el="155" ec="10" bec="0" bev="0" fileid="3" />
            </Method>
            <Method visited="true" cyclomaticComplexity="1" nPathComplexity="0" sequenceCoverage="100" branchCoverage="100" crapScore="1" isConstructor="false" isStatic="false" isGetter="false" isSetter="false">
              <Summary numSequencePoints="4" visitedSequencePoints="4" numBranchPoints="1" visitedBranchPoints="1" sequenceCoverage="100" branchCoverage="100" maxCyclomaticComplexity="1" minCyclomaticComplexity="1" maxCrapScore="1" minCrapScore="1" visitedClasses="0" numClasses="0" visitedMethods="1" numMethods="1" />
              <MetadataToken>100663351</MetadataToken>
              <Name>System.Void WindowsFormsApp1Tests1.MockShapes::UpdateInfo()</Name>
              <FileRef uid="3" />
              <SequencePoints>
                <SequencePoint vc="7" uspid="114" ordinal="0" offset="0" sl="162" sc="9" el="162" ec="10" bec="0" bev="0" fileid="3" />
                <SequencePoint vc="7" uspid="115" ordinal="1" offset="1" sl="163" sc="13" el="163" ec="33" bec="0" bev="0" fileid="3" />
                <SequencePoint vc="7" uspid="116" ordinal="2" offset="9" sl="164" sc="13" el="164" ec="31" bec="0" bev="0" fileid="3" />
                <SequencePoint vc="7" uspid="117" ordinal="3" offset="16" sl="165" sc="9" el="165" ec="10" bec="0" bev="0" fileid="3" />
              </SequencePoints>
              <BranchPoints />
              <MethodPoint xsi:type="SequencePoint" vc="7" uspid="114" ordinal="0" offset="0" sl="162" sc="9" el="162" ec="10" bec="0" bev="0" fileid="3" />
            </Method>
            <Method visited="true" cyclomaticComplexity="1" nPathComplexity="0" sequenceCoverage="100" branchCoverage="100" crapScore="1" isConstructor="false" isStatic="false" isGetter="false" isSetter="false">
              <Summary numSequencePoints="4" visitedSequencePoints="4" numBranchPoints="1" visitedBranchPoints="1" sequenceCoverage="100" branchCoverage="100" maxCyclomaticComplexity="1" minCyclomaticComplexity="1" maxCrapScore="1" minCrapScore="1" visitedClasses="0" numClasses="0" visitedMethods="1" numMethods="1" />
              <MetadataToken>100663352</MetadataToken>
              <Name>System.Void WindowsFormsApp1Tests1.MockShapes::ReferSelectedShape(WindowsFormsApp1.Point)</Name>
              <FileRef uid="3" />
              <SequencePoints>
                <SequencePoint vc="3" uspid="118" ordinal="0" offset="0" sl="169" sc="9" el="169" ec="10" bec="0" bev="0" fileid="3" />
                <SequencePoint vc="3" uspid="119" ordinal="1" offset="1" sl="170" sc="13" el="170" ec="41" bec="0" bev="0" fileid="3" />
                <SequencePoint vc="3" uspid="120" ordinal="2" offset="9" sl="171" sc="13" el="171" ec="44" bec="0" bev="0" fileid="3" />
                <SequencePoint vc="3" uspid="121" ordinal="3" offset="17" sl="172" sc="9" el="172" ec="10" bec="0" bev="0" fileid="3" />
              </SequencePoints>
              <BranchPoints />
              <MethodPoint xsi:type="SequencePoint" vc="3" uspid="118" ordinal="0" offset="0" sl="169" sc="9" el="169" ec="10" bec="0" bev="0" fileid="3" />
            </Method>
          </Methods>
        </Class>
        <Class>
          <Summary numSequencePoints="69" visitedSequencePoints="69" numBranchPoints="8" visitedBranchPoints="8" sequenceCoverage="100" branchCoverage="100" maxCyclomaticComplexity="1" minCyclomaticComplexity="1" maxCrapScore="2" minCrapScore="1" visitedClasses="1" numClasses="1" visitedMethods="8" numMethods="8" />
          <FullName>WindowsFormsApp1.ModelObject.State.Tests.DrawingStateTests</FullName>
          <Methods>
            <Method visited="true" cyclomaticComplexity="1" nPathComplexity="0" sequenceCoverage="100" branchCoverage="100" crapScore="1" isConstructor="false" isStatic="false" isGetter="false" isSetter="false">
              <Summary numSequencePoints="3" visitedSequencePoints="3" numBranchPoints="1" visitedBranchPoints="1" sequenceCoverage="100" branchCoverage="100" maxCyclomaticComplexity="1" minCyclomaticComplexity="1" maxCrapScore="1" minCrapScore="1" visitedClasses="0" numClasses="0" visitedMethods="1" numMethods="1" />
              <MetadataToken>100663353</MetadataToken>
              <Name>System.Void WindowsFormsApp1.ModelObject.State.Tests.DrawingStateTests::HandleShapeDataChanged()</Name>
              <FileRef uid="4" />
              <SequencePoints>
                <SequencePoint vc="7" uspid="122" ordinal="0" offset="0" sl="25" sc="9" el="25" ec="10" bec="0" bev="0" fileid="4" />
                <SequencePoint vc="7" uspid="123" ordinal="1" offset="1" sl="26" sc="13" el="26" ec="40" bec="0" bev="0" fileid="4" />
                <SequencePoint vc="7" uspid="124" ordinal="2" offset="8" sl="27" sc="9" el="27" ec="10" bec="0" bev="0" fileid="4" />
              </SequencePoints>
              <BranchPoints />
              <MethodPoint xsi:type="SequencePoint" vc="7" uspid="122" ordinal="0" offset="0" sl="25" sc="9" el="25" ec="10" bec="0" bev="0" fileid="4" />
            </Method>
            <Method visited="true" cyclomaticComplexity="1" nPathComplexity="0" sequenceCoverage="100" branchCoverage="100" crapScore="1" isConstructor="false" isStatic="false" isGetter="false" isSetter="false">
              <Summary numSequencePoints="3" visitedSequencePoints="3" numBranchPoints="1" visitedBranchPoints="1" sequenceCoverage="100" branchCoverage="100" maxCyclomaticComplexity="1" minCyclomaticComplexity="1" maxCrapScore="1" minCrapScore="1" visitedClasses="0" numClasses="0" visitedMethods="1" numMethods="1" />
[...]
              </SequencePoints>
              <BranchPoints />
              <MethodPoint xsi:type="SequencePoint" vc="53" uspid="1999" ordinal="0" offset="0" sl="12" sc="9" el="12" ec="39" bec="0" bev="0" fileid="52" />
            </Method>
            <Method visited="true" cyclomaticComplexity="1" nPathComplexity="0" sequenceCoverage="100" branchCoverage="100" crapScore="1" isConstructor="false" isStatic="false" isGetter="false" isSetter="false">
              <Summary numSequencePoints="3" visitedSequencePoints="3" numBranchPoints="1" visitedBranchPoints="1" sequenceCoverage="100" branchCoverage="100" maxCyclomaticComplexity="1" minCyclomaticComplexity="1" maxCrapScore="1" minCrapScore="1" visitedClasses="0" numClasses="0" visitedMethods="1" numMethods="1" />
              <MetadataToken>100663453</MetadataToken>
              <Name>System.String WindowsFormsApp1.ModelObject.State.DrawingState::GetStateName()</Name>
              <FileRef uid="52" />
              <SequencePoints>
                <SequencePoint vc="4" uspid="2005" ordinal="0" offset="0" sl="30" sc="9" el="30" ec="10" bec="0" bev="0" fileid="52" />
                <SequencePoint vc="4" uspid="2006" ordinal="1" offset="1" sl="31" sc="13" el="31" ec="26" bec="0" bev="0" fileid="52" />
                <SequencePoint vc="4" uspid="2007" ordinal="2" offset="9" sl="32" sc="9" el="32" ec="10" bec="0" bev="0" fileid="52" />
              </SequencePoints>
              <BranchPoints />
              <MethodPoint xsi:type="SequencePoint" vc="4" uspid="2005" ordinal="0" offset="0" sl="30" sc="9" el="30" ec="10" bec="0" bev="0" fileid="52" />
            </Method>
            <Method visited="true" cyclomaticComplexity="2" nPathComplexity="2" sequenceCoverage="100" branchCoverage="100" crapScore="2" isConstructor="false" isStatic="false" isGetter="false" isSetter="false">
              <Summary numSequencePoints="6" visitedSequencePoints="6" numBranchPoints="3" visitedBranchPoints="3" sequenceCoverage="100" branchCoverage="100" maxCyclomaticComplexity="2" minCyclomaticComplexity="2" maxCrapScore="2" minCrapScore="2" visitedClasses="0" numClasses="0" visitedMethods="1" numMethods="1" />
              <MetadataToken>100663454</MetadataToken>
              <Name>System.Void WindowsFormsApp1.ModelObject.State.DrawingState::Move(WindowsFormsApp1.Point)</Name>
              <FileRef uid="52" />
              <SequencePoints>
                <SequencePoint vc="15" uspid="2008" ordinal="0" offset="0" sl="36" sc="9" el="36" ec="10" bec="0" bev="0" fileid="52" />
                <SequencePoint vc="15" uspid="2009" ordinal="1" offset="1" sl="37" sc="13" el="37" ec="26" bec="2" bev="2" fileid="52" />
                <SequencePoint vc="14" uspid="2010" ordinal="2" offset="11" sl="38" sc="13" el="38" ec="14" bec="0" bev="0" fileid="52" />
                <SequencePoint vc="14" uspid="2011" ordinal="3" offset="12" sl="39" sc="17" el="39" ec="52" bec="0" bev="0" fileid="52" />
                <SequencePoint vc="14" uspid="2012" ordinal="4" offset="30" sl="40" sc="13" el="40" ec="14" bec="0" bev="0" fileid="52" />
                <SequencePoint vc="15" uspid="2013" ordinal="5" offset="31" sl="41" sc="9" el="41" ec="10" bec="0" bev="0" fileid="52" />
              </SequencePoints>
              <BranchPoints>
                <BranchPoint vc="14" uspid="2014" ordinal="0" offset="9" sl="37" path="0" offsetend="11" fileid="52" />
                <BranchPoint vc="1" uspid="2015" ordinal="1" offset="9" sl="37" path="1" offsetend="31" fileid="52" />
              </BranchPoints>
              <MethodPoint xsi:type="SequencePoint" vc="15" uspid="2008" ordinal="0" offset="0" sl="36" sc="9" el="36" ec="10" bec="0" bev="0" fileid="52" />
            </Method>
            <Method visited="true" cyclomaticComplexity="2" nPathComplexity="2" sequenceCoverage="100" branchCoverage="100" crapScore="2" isConstructor="false" isStatic="false" isGetter="false" isSetter="false">
              <Summary numSequencePoints="7" visitedSequencePoints="7" numBranchPoints="3" visitedBranchPoints="3" sequenceCoverage="100" branchCoverage="100" maxCyclomaticComplexity="2" minCyclomaticComplexity="2" maxCrapScore="2" minCrapScore="2" visitedClasses="0" numClasses="0" visitedMethods="1" numMethods="1" />
              <MetadataToken>100663455</MetadataToken>
              <Name>System.Void WindowsFormsApp1.ModelObject.State.DrawingState::Press(WindowsFormsApp1.Point)</Name>
              <FileRef uid="52" />
              <SequencePoints>
                <SequencePoint vc="14" uspid="2016" ordinal="0" offset="0" sl="45" sc="9" el="45" ec="10" bec="0" bev="0" fileid="52" />
                <SequencePoint vc="14" uspid="2017" ordinal="1" offset="1" sl="46" sc="13" el="46" ec="27" bec="2" bev="2" fileid="52" />
                <SequencePoint vc="13" uspid="2018" ordinal="2" offset="14" sl="47" sc="13" el="47" ec="14" bec="0" bev="0" fileid="52" />
                <SequencePoint vc="13" uspid="2019" ordinal="3" offset="15" sl="48" sc="17" el="48" ec="33" bec="0" bev="0" fileid="52" />
                <SequencePoint vc="13" uspid="2020" ordinal="4" offset="22" sl="49" sc="17" el="49" ec="66" bec="0" bev="0" fileid="52" />
                <SequencePoint vc="13" uspid="2021" ordinal="5" offset="47" sl="50" sc="13" el="50" ec="14" bec="0" bev="0" fileid="52" />
                <SequencePoint vc="14" uspid="2022" ordinal="6" offset="48" sl="51" sc="9" el="51" ec="10" bec="0" bev="0" fileid="52" />
              </SequencePoints>
              <BranchPoints>
                <BranchPoint vc="13" uspid="2023" ordinal="0" offset="12" sl="46" path="0" offsetend="14" fileid="52" />
                <BranchPoint vc="1" uspid="2024" ordinal="1" offset="12" sl="46" path="1" offsetend="48" fileid="52" />
              </BranchPoints>
              <MethodPoint xsi:type="SequencePoint" vc="14" uspid="2016" ordinal="0" offset="0" sl="45" sc="9" el="45" ec="10" bec="0" bev="0" fileid="52" />
            </Method>
            <Method visited="true" cyclomaticComplexity="2" nPathComplexity="2" sequenceCoverage="100" branchCoverage="100" crapScore="2" isConstructor="false" isStatic="false" isGetter="false" isSetter="false">
              <Summary numSequencePoints="8" visitedSequencePoints="8" numBranchPoints="3" visitedBranchPoints="3" sequenceCoverage="100" branchCoverage="100" maxCyclomaticComplexity="2" minCyclomaticComplexity="2" maxCrapScore="2" minCrapScore="2" visitedClasses="0" numClasses="0" visitedMethods="1" numMethods="1" />
              <MetadataToken>100663456</MetadataToken>
              <Name>System.Void WindowsFormsApp1.ModelObject.State.DrawingState::Release()</Name>
              <FileRef uid="52" />
              <SequencePoints>
                <SequencePoint vc="9" uspid="2025" ordinal="0" offset="0" sl="55" sc="9" el="55" ec="10" bec="0" bev="0" fileid="52" />
                <SequencePoint vc="9" uspid="2026" ordinal="1" offset="1" sl="56" sc="13" el="56" ec="26" bec="2" bev="2" fileid="52" />
                <SequencePoint vc="8" uspid="2027" ordinal="2" offset="11" sl="57" sc="13" el="57" ec="14" bec="0" bev="0" fileid="52" />
                <SequencePoint vc="8" uspid="2028" ordinal="3" offset="12" sl="58" sc="17" el="58" ec="34" bec="0" bev="0" fileid="52" />
                <SequencePoint vc="8" uspid="2029" ordinal="4" offset="19" sl="59" sc="17" el="59" ec="48" bec="0" bev="0" fileid="52" />
                <SequencePoint vc="8" uspid="2030" ordinal="5" offset="36" sl="60" sc="17" el="60" ec="46" bec="0" bev="0" fileid="52" />
                <SequencePoint vc="8" uspid="2031" ordinal="6" offset="48" sl="61" sc="13" el="61" ec="14" bec="0" bev="0" fileid="52" />
                <SequencePoint vc="9" uspid="2032" ordinal="7" offset="49" sl="62" sc="9" el="62" ec="10" bec="0" bev="0" fileid="52" />
              </SequencePoints>
              <BranchPoints>
                <BranchPoint vc="8" uspid="2033" ordinal="0" offset="9" sl="56" path="0" offsetend="11" fileid="52" />
                <BranchPoint vc="1" uspid="2034" ordinal="1" offset="9" sl="56" path="1" offsetend="49" fileid="52" />
              </BranchPoints>
              <MethodPoint xsi:type="SequencePoint" vc="9" uspid="2025" ordinal="0" offset="0" sl="55" sc="9" el="55" ec="10" bec="0" bev="0" fileid="52" />
            </Method>
          </Methods>
        </Class>
        <Class>
          <Summary numSequencePoints="36" visitedSequencePoints="36" numBranchPoints="11" visitedBranchPoints="11" sequenceCoverage="100" branchCoverage="100" maxCyclomaticComplexity="2" minCyclomaticComplexity="1" maxCrapScore="2" minCrapScore="1" visitedClasses="1" numClasses="1" visitedMethods="5" numMethods="5" />
          <FullName>WindowsFormsApp1.ModelObject.State.PointerState</FullName>
          <Methods>
            <Method visited="true" cyclomaticComplexity="1" nPathComplexity="0" sequenceCoverage="100" branchCoverage="100" crapScore="1" isConstructor="true" isStatic="false" isGetter="false" isSetter="false">
              <Summary numSequencePoints="7" visitedSequencePoints="7" numBranchPoints="1" visitedBranchPoints="1" sequenceCoverage="100" branchCoverage="100" maxCyclomaticComplexity="1" minCyclomaticComplexity="1" maxCrapScore="1" minCrapScore="1" visitedClasses="0" numClasses="0" visitedMethods="1" numMethods="1" />
              <MetadataToken>100663457</MetadataToken>
              <Name>System.Void WindowsFormsApp1.ModelObject.State.PointerState::.ctor(WindowsFormsApp1.Model)</Name>
              <FileRef uid="53" />
              <SequencePoints>
                <SequencePoint vc="54" uspid="2035" ordinal="0" offset="0" sl="14" sc="9" el="14" ec="39" bec="0" bev="0" fileid="53" />
                <SequencePoint vc="54" uspid="2036" ordinal="1" offset="7" sl="16" sc="9" el="16" ec="41" bec="0" bev="0" fileid="53" />
                <SequencePoint vc="54" uspid="2037" ordinal="2" offset="14" sl="17" sc="9" el="17" ec="10" bec="0" bev="0" fileid="53" />
                <SequencePoint vc="54" uspid="2038" ordinal="3" offset="15" sl="18" sc="13" el="18" ec="28" bec="0" bev="0" fileid="53" />
                <SequencePoint vc="54" uspid="2039" ordinal="4" offset="22" sl="19" sc="13" el="19" ec="43" bec="0" bev="0" fileid="53" />
                <SequencePoint vc="54" uspid="2040" ordinal="5" offset="51" sl="20" sc="13" el="20" ec="41" bec="0" bev="0" fileid="53" />
                <SequencePoint vc="54" uspid="2041" ordinal="6" offset="80" sl="21" sc="9" el="21" ec="10" bec="0" bev="0" fileid="53" />
              </SequencePoints>
              <BranchPoints />
              <MethodPoint xsi:type="SequencePoint" vc="54" uspid="2035" ordinal="0" offset="0" sl="14" sc="9" el="14" ec="39" bec="0" bev="0" fileid="53" />
            </Method>
            <Method visited="true" cyclomaticComplexity="1" nPathComplexity="0" sequenceCoverage="100" branchCoverage="100" crapScore="1" isConstructor="false" isStatic="false" isGetter="false" isSetter="false">
              <Summary numSequencePoints="3" visitedSequencePoints="3" numBranchPoints="1" visitedBranchPoints="1" sequenceCoverage="100" branchCoverage="100" maxCyclomaticComplexity="1" minCyclomaticComplexity="1" maxCrapScore="1" minCrapScore="1" visitedClasses="0" numClasses="0" visitedMethods="1" numMethods="1" />
              <MetadataToken>100663458</MetadataToken>
              <Name>System.String WindowsFormsApp1.ModelObject.State.PointerState::GetStateName()</Name>
              <FileRef uid="53" />
              <SequencePoints>
                <SequencePoint vc="5" uspid="2042" ordinal="0" offset="0" sl="25" sc="9" el="25" ec="10" bec="0" bev="0" fileid="53" />
                <SequencePoint vc="5" uspid="2043" ordinal="1" offset="1" sl="26" sc="13" el="26" ec="26" bec="0" bev="0" fileid="53" />
                <SequencePoint vc="5" uspid="2044" ordinal="2" offset="9" sl="27" sc="9" el="27" ec="10" bec="0" bev="0" fileid="53" />
              </SequencePoints>
              <BranchPoints />
              <MethodPoint xsi:type="SequencePoint" vc="5" uspid="2042" ordinal="0" offset="0" sl="25" sc="9" el="25" ec="10" bec="0" bev="0" fileid="53" />
            </Method>
            <Method visited="true" cyclomaticComplexity="2" nPathComplexity="2" sequenceCoverage="100" branchCoverage="100" crapScore="2" isConstructor="false" isStatic="false" isGetter="false" isSetter="false">
              <Summary numSequencePoints="11" visitedSequencePoints="11" numBranchPoints="3" visitedBranchPoints="3" sequenceCoverage="100" branchCoverage="100" maxCyclomaticComplexity="2" minCyclomaticComplexity="2" maxCrapScore="2" minCrapScore="2" visitedClasses="0" numClasses="0" visitedMethods="1" numMethods="1" />
              <MetadataToken>100663459</MetadataToken>
              <Name>System.Void WindowsFormsApp1.ModelObject.State.PointerState::Move(WindowsFormsApp1.Point)</Name>
              <FileRef uid="53" />
              <SequencePoints>
                <SequencePoint vc="10" uspid="2045" ordinal="0" offset="0" sl="31" sc="9" el="31" ec="10" bec="0" bev="0" fileid="53" />
                <SequencePoint vc="10" uspid="2046" ordinal="1" offset="1" sl="32" sc="13" el="32" ec="26" bec="2" bev="2" fileid="53" />
                <SequencePoint vc="7" uspid="2047" ordinal="2" offset="11" sl="33" sc="13" el="33" ec="14" bec="0" bev="0" fileid="53" />
                <SequencePoint vc="7" uspid="2048" ordinal="3" offset="12" sl="34" sc="17" el="34" ec="37" bec="0" bev="0" fileid="53" />
                <SequencePoint vc="7" uspid="2049" ordinal="4" offset="19" sl="35" sc="17" el="35" ec="110" bec="0" bev="0" fileid="53" />
                <SequencePoint vc="7" uspid="2050" ordinal="5" offset="87" sl="36" sc="17" el="36" ec="39" bec="0" bev="0" fileid="53" />
                <SequencePoint vc="7" uspid="2051" ordinal="6" offset="94" sl="37" sc="13" el="37" ec="14" bec="0" bev="0" fileid="53" />
                <SequencePoint vc="3" uspid="2052" ordinal="7" offset="97" sl="39" sc="13" el="39" ec="14" bec="0" bev="0" fileid="53" />
                <SequencePoint vc="3" uspid="2053" ordinal="8" offset="98" sl="40" sc="17" el="40" ec="59" bec="0" bev="0" fileid="53" />
                <SequencePoint vc="3" uspid="2054" ordinal="9" offset="116" sl="41" sc="13" el="41" ec="14" bec="0" bev="0" fileid="53" />
                <SequencePoint vc="10" uspid="2055" ordinal="10" offset="117" sl="42" sc="9" el="42" ec="10" bec="0" bev="0" fileid="53" />
              </SequencePoints>
              <BranchPoints>
                <BranchPoint vc="7" uspid="2056" ordinal="0" offset="9" sl="32" path="0" offsetend="11" fileid="53" />
                <BranchPoint vc="3" uspid="2057" ordinal="1" offset="9" sl="32" path="1" offsetend="97" fileid="53" />
              </BranchPoints>
              <MethodPoint xsi:type="SequencePoint" vc="10" uspid="2045" ordinal="0" offset="0" sl="31" sc="9" el="31" ec="10" bec="0" bev="0" fileid="53" />
            </Method>
            <Method visited="true" cyclomaticComplexity="2" nPathComplexity="2" sequenceCoverage="100" branchCoverage="100" crapScore="2" isConstructor="false" isStatic="false" isGetter="false" isSetter="false">
              <Summary numSequencePoints="8" visitedSequencePoints="8" numBranchPoints="3" visitedBranchPoints="3" sequenceCoverage="100" branchCoverage="100" maxCyclomaticComplexity="2" minCyclomaticComplexity="2" maxCrapScore="2" minCrapScore="2" visitedClasses="0" numClasses="0" visitedMethods="1" numMethods="1" />
              <MetadataToken>100663460</MetadataToken>
              <Name>System.Void WindowsFormsApp1.ModelObject.State.PointerState::Press(WindowsFormsApp1.Point)</Name>
              <FileRef uid="53" />
              <SequencePoints>
                <SequencePoint vc="14" uspid="2058" ordinal="0" offset="0" sl="46" sc="9" el="46" ec="10" bec="0" bev="0" fileid="53" />
                <SequencePoint vc="14" uspid="2059" ordinal="1" offset="1" sl="47" sc="13" el="47" ec="27" bec="2" bev="2" fileid="53" />
                <SequencePoint vc="13" uspid="2060" ordinal="2" offset="14" sl="48" sc="13" el="48" ec="14" bec="0" bev="0" fileid="53" />
                <SequencePoint vc="13" uspid="2061" ordinal="3" offset="15" sl="49" sc="17" el="49" ec="33" bec="0" bev="0" fileid="53" />
                <SequencePoint vc="13" uspid="2062" ordinal="4" offset="22" sl="50" sc="17" el="50" ec="52" bec="0" bev="0" fileid="53" />
                <SequencePoint vc="13" uspid="2063" ordinal="5" offset="40" sl="51" sc="17" el="51" ec="39" bec="0" bev="0" fileid="53" />
                <SequencePoint vc="13" uspid="2064" ordinal="6" offset="47" sl="52" sc="13" el="52" ec="14" bec="0" bev="0" fileid="53" />
                <SequencePoint vc="14" uspid="2065" ordinal="7" offset="48" sl="53" sc="9" el="53" ec="10" bec="0" bev="0" fileid="53" />
              </SequencePoints>
              <BranchPoints>
                <BranchPoint vc="13" uspid="2066" ordinal="0" offset="12" sl="47" path="0" offsetend="14" fileid="53" />
                <BranchPoint vc="1" uspid="2067" ordinal="1" offset="12" sl="47" path="1" offsetend="48" fileid="53" />
              </BranchPoints>
              <MethodPoint xsi:type="SequencePoint" vc="14" uspid="2058" ordinal="0" offset="0" sl="46" sc="9" el="46" ec="10" bec="0" bev="0" fileid="53" />
            </Method>
            <Method visited="true" cyclomaticComplexity="2" nPathComplexity="2" sequenceCoverage="100" branchCoverage="100" crapScore="2" isConstructor="false" isStatic="false" isGetter="false" isSetter="false">
              <Summary numSequencePoints="7" visitedSequencePoints="7" numBranchPoints="3" visitedBranchPoints="3" sequenceCoverage="100" branchCoverage="100" maxCyclomaticComplexity="2" minCyclomaticComplexity="2" maxCrapScore="2" minCrapScore="2" visitedClasses="0" numClasses="0" visitedMethods="1" numMethods="1" />
              <MetadataToken>100663461</MetadataToken>
              <Name>System.Void WindowsFormsApp1.ModelObject.State.PointerState::Release()</Name>
              <FileRef uid="53" />
              <SequencePoints>
                <SequencePoint vc="8" uspid="2068" ordinal="0" offset="0" sl="57" sc="9" el="57" ec="10" bec="0" bev="0" fileid="53" />
                <SequencePoint vc="8" uspid="2069" ordinal="1" offset="1" sl="58" sc="13" el="58" ec="26" bec="2" bev="2" fileid="53" />
                <SequencePoint vc="7" uspid="2070" ordinal="2" offset="11" sl="59" sc="13" el="59" ec="14" bec="0" bev="0" fileid="53" />
                <SequencePoint vc="7" uspid="2071" ordinal="3" offset="12" sl="60" sc="17" el="60" ec="34" bec="0" bev="0" fileid="53" />
                <SequencePoint vc="7" uspid="2072" ordinal="4" offset="19" sl="61" sc="17" el="61" ec="44" bec="0" bev="0" fileid="53" />
                <SequencePoint vc="7" uspid="2073" ordinal="5" offset="36" sl="62" sc="13" el="62" ec="14" bec="0" bev="0" fileid="53" />
                <SequencePoint vc="8" uspid="2074" ordinal="6" offset="37" sl="63" sc="9" el="63" ec="10" bec="0" bev="0" fileid="53" />
              </SequencePoints>
              <BranchPoints>
                <BranchPoint vc="7" uspid="2075" ordinal="0" offset="9" sl="58" path="0" offsetend="11" fileid="53" />
                <BranchPoint vc="1" uspid="2076" ordinal="1" offset="9" sl="58" path="1" offsetend="37" fileid="53" />
              </BranchPoints>
              <MethodPoint xsi:type="SequencePoint" vc="8" uspid="2068" ordinal="0" offset="0" sl="57" sc="9" el="57" ec="10" bec="0" bev="0" fileid="53" />
            </Method>
          </Methods>
        </Class>
      </Classes>
    </Module>
  </Modules>
</CoverageSession>